{
  "C:\\webdev\\stupid-simple-screen-share\\playwright.config.js": {
    "path": "C:\\webdev\\stupid-simple-screen-share\\playwright.config.js",
    "all": true,
    "statementMap": {
      "0": { "start": { "line": 1, "column": 0 }, "end": { "line": 1, "column": 81 } },
      "2": { "start": { "line": 3, "column": 0 }, "end": { "line": 3, "column": 3 } },
      "3": { "start": { "line": 4, "column": 0 }, "end": { "line": 4, "column": 54 } },
      "4": { "start": { "line": 5, "column": 0 }, "end": { "line": 5, "column": 3 } },
      "5": { "start": { "line": 6, "column": 0 }, "end": { "line": 6, "column": 29 } },
      "6": { "start": { "line": 7, "column": 0 }, "end": { "line": 7, "column": 25 } },
      "7": { "start": { "line": 8, "column": 0 }, "end": { "line": 8, "column": 38 } },
      "8": { "start": { "line": 9, "column": 0 }, "end": { "line": 9, "column": 22 } },
      "9": { "start": { "line": 10, "column": 0 }, "end": { "line": 10, "column": 83 } },
      "10": { "start": { "line": 11, "column": 0 }, "end": { "line": 11, "column": 31 } },
      "11": { "start": { "line": 12, "column": 0 }, "end": { "line": 12, "column": 24 } },
      "12": { "start": { "line": 13, "column": 0 }, "end": { "line": 13, "column": 34 } },
      "13": { "start": { "line": 14, "column": 0 }, "end": { "line": 14, "column": 40 } },
      "14": { "start": { "line": 15, "column": 0 }, "end": { "line": 15, "column": 42 } },
      "15": { "start": { "line": 16, "column": 0 }, "end": { "line": 16, "column": 71 } },
      "16": { "start": { "line": 17, "column": 0 }, "end": { "line": 17, "column": 19 } },
      "17": { "start": { "line": 18, "column": 0 }, "end": { "line": 18, "column": 106 } },
      "18": { "start": { "line": 19, "column": 0 }, "end": { "line": 19, "column": 8 } },
      "19": { "start": { "line": 20, "column": 0 }, "end": { "line": 20, "column": 65 } },
      "20": { "start": { "line": 21, "column": 0 }, "end": { "line": 21, "column": 37 } },
      "22": { "start": { "line": 23, "column": 0 }, "end": { "line": 23, "column": 99 } },
      "23": { "start": { "line": 24, "column": 0 }, "end": { "line": 24, "column": 28 } },
      "24": { "start": { "line": 25, "column": 0 }, "end": { "line": 25, "column": 4 } },
      "26": { "start": { "line": 27, "column": 0 }, "end": { "line": 27, "column": 45 } },
      "27": { "start": { "line": 28, "column": 0 }, "end": { "line": 28, "column": 13 } },
      "28": { "start": { "line": 29, "column": 0 }, "end": { "line": 29, "column": 5 } },
      "29": { "start": { "line": 30, "column": 0 }, "end": { "line": 30, "column": 23 } },
      "30": { "start": { "line": 31, "column": 0 }, "end": { "line": 31, "column": 44 } },
      "31": { "start": { "line": 32, "column": 0 }, "end": { "line": 32, "column": 6 } },
      "33": { "start": { "line": 34, "column": 0 }, "end": { "line": 34, "column": 5 } },
      "34": { "start": { "line": 35, "column": 0 }, "end": { "line": 35, "column": 22 } },
      "35": { "start": { "line": 36, "column": 0 }, "end": { "line": 36, "column": 45 } },
      "36": { "start": { "line": 37, "column": 0 }, "end": { "line": 37, "column": 6 } },
      "38": { "start": { "line": 39, "column": 0 }, "end": { "line": 39, "column": 5 } },
      "39": { "start": { "line": 40, "column": 0 }, "end": { "line": 40, "column": 21 } },
      "40": { "start": { "line": 41, "column": 0 }, "end": { "line": 41, "column": 44 } },
      "41": { "start": { "line": 42, "column": 0 }, "end": { "line": 42, "column": 6 } },
      "43": { "start": { "line": 44, "column": 0 }, "end": { "line": 44, "column": 40 } },
      "44": { "start": { "line": 45, "column": 0 }, "end": { "line": 45, "column": 5 } },
      "45": { "start": { "line": 46, "column": 0 }, "end": { "line": 46, "column": 28 } },
      "46": { "start": { "line": 47, "column": 0 }, "end": { "line": 47, "column": 37 } },
      "47": { "start": { "line": 48, "column": 0 }, "end": { "line": 48, "column": 6 } },
      "48": { "start": { "line": 49, "column": 0 }, "end": { "line": 49, "column": 5 } },
      "49": { "start": { "line": 50, "column": 0 }, "end": { "line": 50, "column": 28 } },
      "50": { "start": { "line": 51, "column": 0 }, "end": { "line": 51, "column": 39 } },
      "51": { "start": { "line": 52, "column": 0 }, "end": { "line": 52, "column": 6 } },
      "53": { "start": { "line": 54, "column": 0 }, "end": { "line": 54, "column": 40 } },
      "54": { "start": { "line": 55, "column": 0 }, "end": { "line": 55, "column": 8 } },
      "55": { "start": { "line": 56, "column": 0 }, "end": { "line": 56, "column": 32 } },
      "56": { "start": { "line": 57, "column": 0 }, "end": { "line": 57, "column": 64 } },
      "57": { "start": { "line": 58, "column": 0 }, "end": { "line": 58, "column": 9 } },
      "58": { "start": { "line": 59, "column": 0 }, "end": { "line": 59, "column": 8 } },
      "59": { "start": { "line": 60, "column": 0 }, "end": { "line": 60, "column": 31 } },
      "60": { "start": { "line": 61, "column": 0 }, "end": { "line": 61, "column": 66 } },
      "61": { "start": { "line": 62, "column": 0 }, "end": { "line": 62, "column": 9 } },
      "62": { "start": { "line": 63, "column": 0 }, "end": { "line": 63, "column": 4 } },
      "64": { "start": { "line": 65, "column": 0 }, "end": { "line": 65, "column": 59 } },
      "65": { "start": { "line": 66, "column": 0 }, "end": { "line": 66, "column": 14 } },
      "66": { "start": { "line": 67, "column": 0 }, "end": { "line": 67, "column": 27 } },
      "67": { "start": { "line": 68, "column": 0 }, "end": { "line": 68, "column": 33 } },
      "68": { "start": { "line": 69, "column": 0 }, "end": { "line": 69, "column": 41 } },
      "69": { "start": { "line": 70, "column": 0 }, "end": { "line": 70, "column": 4 } },
      "70": { "start": { "line": 71, "column": 0 }, "end": { "line": 71, "column": 3 } }
    },
    "s": {
      "0": 0,
      "2": 0,
      "3": 0,
      "4": 0,
      "5": 0,
      "6": 0,
      "7": 0,
      "8": 0,
      "9": 0,
      "10": 0,
      "11": 0,
      "12": 0,
      "13": 0,
      "14": 0,
      "15": 0,
      "16": 0,
      "17": 0,
      "18": 0,
      "19": 0,
      "20": 0,
      "22": 0,
      "23": 0,
      "24": 0,
      "26": 0,
      "27": 0,
      "28": 0,
      "29": 0,
      "30": 0,
      "31": 0,
      "33": 0,
      "34": 0,
      "35": 0,
      "36": 0,
      "38": 0,
      "39": 0,
      "40": 0,
      "41": 0,
      "43": 0,
      "44": 0,
      "45": 0,
      "46": 0,
      "47": 0,
      "48": 0,
      "49": 0,
      "50": 0,
      "51": 0,
      "53": 0,
      "54": 0,
      "55": 0,
      "56": 0,
      "57": 0,
      "58": 0,
      "59": 0,
      "60": 0,
      "61": 0,
      "62": 0,
      "64": 0,
      "65": 0,
      "66": 0,
      "67": 0,
      "68": 0,
      "69": 0,
      "70": 0
    },
    "branchMap": {
      "0": {
        "type": "branch",
        "line": 1,
        "loc": { "start": { "line": 1, "column": 1952 }, "end": { "line": 71, "column": 3 } },
        "locations": [{ "start": { "line": 1, "column": 1952 }, "end": { "line": 71, "column": 3 } }]
      }
    },
    "b": { "0": [0] },
    "fnMap": {
      "0": {
        "name": "(empty-report)",
        "decl": { "start": { "line": 1, "column": 1952 }, "end": { "line": 71, "column": 3 } },
        "loc": { "start": { "line": 1, "column": 1952 }, "end": { "line": 71, "column": 3 } },
        "line": 1
      }
    },
    "f": { "0": 0 }
  },
  "C:\\webdev\\stupid-simple-screen-share\\postcss.config.js": {
    "path": "C:\\webdev\\stupid-simple-screen-share\\postcss.config.js",
    "all": true,
    "statementMap": {
      "0": { "start": { "line": 1, "column": 0 }, "end": { "line": 1, "column": 16 } },
      "1": { "start": { "line": 2, "column": 0 }, "end": { "line": 2, "column": 12 } },
      "2": { "start": { "line": 3, "column": 0 }, "end": { "line": 3, "column": 31 } },
      "3": { "start": { "line": 4, "column": 0 }, "end": { "line": 4, "column": 21 } },
      "4": { "start": { "line": 5, "column": 0 }, "end": { "line": 5, "column": 4 } },
      "5": { "start": { "line": 6, "column": 0 }, "end": { "line": 6, "column": 2 } }
    },
    "s": { "0": 0, "1": 0, "2": 0, "3": 0, "4": 0, "5": 0 },
    "branchMap": {
      "0": {
        "type": "branch",
        "line": 1,
        "loc": { "start": { "line": 1, "column": 91 }, "end": { "line": 6, "column": 2 } },
        "locations": [{ "start": { "line": 1, "column": 91 }, "end": { "line": 6, "column": 2 } }]
      }
    },
    "b": { "0": [0] },
    "fnMap": {
      "0": {
        "name": "(empty-report)",
        "decl": { "start": { "line": 1, "column": 91 }, "end": { "line": 6, "column": 2 } },
        "loc": { "start": { "line": 1, "column": 91 }, "end": { "line": 6, "column": 2 } },
        "line": 1
      }
    },
    "f": { "0": 0 }
  },
  "C:\\webdev\\stupid-simple-screen-share\\.storybook\\main.js": {
    "path": "C:\\webdev\\stupid-simple-screen-share\\.storybook\\main.js",
    "all": true,
    "statementMap": {
      "0": { "start": { "line": 1, "column": 0 }, "end": { "line": 1, "column": 64 } },
      "1": { "start": { "line": 2, "column": 0 }, "end": { "line": 2, "column": 16 } },
      "2": { "start": { "line": 3, "column": 0 }, "end": { "line": 3, "column": 75 } },
      "3": { "start": { "line": 4, "column": 0 }, "end": { "line": 4, "column": 11 } },
      "4": { "start": { "line": 5, "column": 0 }, "end": { "line": 5, "column": 31 } },
      "5": { "start": { "line": 6, "column": 0 }, "end": { "line": 6, "column": 28 } },
      "6": { "start": { "line": 7, "column": 0 }, "end": { "line": 7, "column": 34 } },
      "7": { "start": { "line": 8, "column": 0 }, "end": { "line": 8, "column": 28 } },
      "8": { "start": { "line": 9, "column": 0 }, "end": { "line": 9, "column": 30 } },
      "9": { "start": { "line": 10, "column": 0 }, "end": { "line": 10, "column": 4 } },
      "10": { "start": { "line": 11, "column": 0 }, "end": { "line": 11, "column": 14 } },
      "11": { "start": { "line": 12, "column": 0 }, "end": { "line": 12, "column": 34 } },
      "12": { "start": { "line": 13, "column": 0 }, "end": { "line": 13, "column": 16 } },
      "13": { "start": { "line": 14, "column": 0 }, "end": { "line": 14, "column": 4 } },
      "14": { "start": { "line": 15, "column": 0 }, "end": { "line": 15, "column": 2 } },
      "15": { "start": { "line": 16, "column": 0 }, "end": { "line": 16, "column": 22 } }
    },
    "s": {
      "0": 0,
      "1": 0,
      "2": 0,
      "3": 0,
      "4": 0,
      "5": 0,
      "6": 0,
      "7": 0,
      "8": 0,
      "9": 0,
      "10": 0,
      "11": 0,
      "12": 0,
      "13": 0,
      "14": 0,
      "15": 0
    },
    "branchMap": {
      "0": {
        "type": "branch",
        "line": 1,
        "loc": { "start": { "line": 1, "column": 428 }, "end": { "line": 16, "column": 22 } },
        "locations": [{ "start": { "line": 1, "column": 428 }, "end": { "line": 16, "column": 22 } }]
      }
    },
    "b": { "0": [0] },
    "fnMap": {
      "0": {
        "name": "(empty-report)",
        "decl": { "start": { "line": 1, "column": 428 }, "end": { "line": 16, "column": 22 } },
        "loc": { "start": { "line": 1, "column": 428 }, "end": { "line": 16, "column": 22 } },
        "line": 1
      }
    },
    "f": { "0": 0 }
  },
  "C:\\webdev\\stupid-simple-screen-share\\.storybook\\preview.js": {
    "path": "C:\\webdev\\stupid-simple-screen-share\\.storybook\\preview.js",
    "all": false,
    "statementMap": {
      "0": { "start": { "line": 1, "column": 0 }, "end": { "line": 1, "column": 56 } },
      "1": { "start": { "line": 2, "column": 0 }, "end": { "line": 2, "column": 17 } },
      "2": { "start": { "line": 3, "column": 0 }, "end": { "line": 3, "column": 15 } },
      "3": { "start": { "line": 4, "column": 0 }, "end": { "line": 4, "column": 15 } },
      "4": { "start": { "line": 5, "column": 0 }, "end": { "line": 5, "column": 17 } },
      "5": { "start": { "line": 6, "column": 0 }, "end": { "line": 6, "column": 38 } },
      "6": { "start": { "line": 7, "column": 0 }, "end": { "line": 7, "column": 23 } },
      "7": { "start": { "line": 8, "column": 0 }, "end": { "line": 8, "column": 8 } },
      "8": { "start": { "line": 9, "column": 0 }, "end": { "line": 9, "column": 6 } },
      "9": { "start": { "line": 10, "column": 0 }, "end": { "line": 10, "column": 0 } },
      "10": { "start": { "line": 11, "column": 0 }, "end": { "line": 11, "column": 11 } },
      "11": { "start": { "line": 12, "column": 0 }, "end": { "line": 12, "column": 58 } },
      "12": { "start": { "line": 13, "column": 0 }, "end": { "line": 13, "column": 45 } },
      "13": { "start": { "line": 14, "column": 0 }, "end": { "line": 14, "column": 42 } },
      "14": { "start": { "line": 15, "column": 0 }, "end": { "line": 15, "column": 19 } },
      "15": { "start": { "line": 16, "column": 0 }, "end": { "line": 16, "column": 6 } },
      "16": { "start": { "line": 17, "column": 0 }, "end": { "line": 17, "column": 4 } },
      "17": { "start": { "line": 18, "column": 0 }, "end": { "line": 18, "column": 2 } }
    },
    "s": {
      "0": 2,
      "1": 2,
      "2": 2,
      "3": 2,
      "4": 2,
      "5": 2,
      "6": 2,
      "7": 2,
      "8": 2,
      "9": 2,
      "10": 2,
      "11": 2,
      "12": 2,
      "13": 2,
      "14": 2,
      "15": 2,
      "16": 2,
      "17": 2
    },
    "branchMap": {
      "0": {
        "type": "branch",
        "line": 1,
        "loc": { "start": { "line": 1, "column": 0 }, "end": { "line": 18, "column": 2 } },
        "locations": [{ "start": { "line": 1, "column": 0 }, "end": { "line": 18, "column": 2 } }]
      }
    },
    "b": { "0": [2] },
    "fnMap": {},
    "f": {}
  },
  "C:\\webdev\\stupid-simple-screen-share\\api\\_utils.js": {
    "path": "C:\\webdev\\stupid-simple-screen-share\\api\\_utils.js",
    "all": true,
    "statementMap": {
      "0": { "start": { "line": 1, "column": 0 }, "end": { "line": 1, "column": 75 } },
      "1": { "start": { "line": 2, "column": 0 }, "end": { "line": 2, "column": 64 } },
      "3": { "start": { "line": 4, "column": 0 }, "end": { "line": 4, "column": 46 } },
      "4": { "start": { "line": 5, "column": 0 }, "end": { "line": 5, "column": 37 } },
      "5": { "start": { "line": 6, "column": 0 }, "end": { "line": 6, "column": 57 } },
      "6": { "start": { "line": 7, "column": 0 }, "end": { "line": 7, "column": 61 } },
      "8": { "start": { "line": 9, "column": 0 }, "end": { "line": 9, "column": 23 } },
      "9": { "start": { "line": 10, "column": 0 }, "end": { "line": 10, "column": 115 } },
      "10": { "start": { "line": 11, "column": 0 }, "end": { "line": 11, "column": 3 } },
      "12": { "start": { "line": 13, "column": 0 }, "end": { "line": 13, "column": 35 } },
      "13": { "start": { "line": 14, "column": 0 }, "end": { "line": 14, "column": 1 } },
      "15": { "start": { "line": 16, "column": 0 }, "end": { "line": 16, "column": 55 } },
      "16": { "start": { "line": 17, "column": 0 }, "end": { "line": 17, "column": 34 } },
      "17": { "start": { "line": 18, "column": 0 }, "end": { "line": 18, "column": 26 } },
      "18": { "start": { "line": 19, "column": 0 }, "end": { "line": 19, "column": 25 } },
      "20": { "start": { "line": 21, "column": 0 }, "end": { "line": 21, "column": 82 } },
      "21": { "start": { "line": 22, "column": 0 }, "end": { "line": 22, "column": 44 } },
      "22": { "start": { "line": 23, "column": 0 }, "end": { "line": 23, "column": 32 } },
      "23": { "start": { "line": 24, "column": 0 }, "end": { "line": 24, "column": 38 } },
      "24": { "start": { "line": 25, "column": 0 }, "end": { "line": 25, "column": 44 } },
      "25": { "start": { "line": 26, "column": 0 }, "end": { "line": 26, "column": 12 } },
      "26": { "start": { "line": 27, "column": 0 }, "end": { "line": 27, "column": 50 } },
      "27": { "start": { "line": 28, "column": 0 }, "end": { "line": 28, "column": 22 } },
      "28": { "start": { "line": 29, "column": 0 }, "end": { "line": 29, "column": 49 } },
      "29": { "start": { "line": 30, "column": 0 }, "end": { "line": 30, "column": 7 } },
      "30": { "start": { "line": 31, "column": 0 }, "end": { "line": 31, "column": 3 } },
      "31": { "start": { "line": 32, "column": 0 }, "end": { "line": 32, "column": 32 } },
      "32": { "start": { "line": 33, "column": 0 }, "end": { "line": 33, "column": 1 } },
      "34": { "start": { "line": 35, "column": 0 }, "end": { "line": 35, "column": 63 } },
      "35": { "start": { "line": 36, "column": 0 }, "end": { "line": 36, "column": 36 } },
      "36": { "start": { "line": 37, "column": 0 }, "end": { "line": 37, "column": 24 } },
      "37": { "start": { "line": 38, "column": 0 }, "end": { "line": 38, "column": 38 } },
      "38": { "start": { "line": 39, "column": 0 }, "end": { "line": 39, "column": 36 } },
      "39": { "start": { "line": 40, "column": 0 }, "end": { "line": 40, "column": 12 } },
      "40": { "start": { "line": 41, "column": 0 }, "end": { "line": 41, "column": 50 } },
      "41": { "start": { "line": 42, "column": 0 }, "end": { "line": 42, "column": 22 } },
      "42": { "start": { "line": 43, "column": 0 }, "end": { "line": 43, "column": 40 } },
      "43": { "start": { "line": 44, "column": 0 }, "end": { "line": 44, "column": 7 } },
      "44": { "start": { "line": 45, "column": 0 }, "end": { "line": 45, "column": 3 } },
      "45": { "start": { "line": 46, "column": 0 }, "end": { "line": 46, "column": 24 } },
      "46": { "start": { "line": 47, "column": 0 }, "end": { "line": 47, "column": 1 } },
      "48": { "start": { "line": 49, "column": 0 }, "end": { "line": 49, "column": 82 } },
      "49": { "start": { "line": 50, "column": 0 }, "end": { "line": 50, "column": 35 } },
      "50": { "start": { "line": 51, "column": 0 }, "end": { "line": 51, "column": 23 } },
      "51": { "start": { "line": 52, "column": 0 }, "end": { "line": 52, "column": 38 } },
      "52": { "start": { "line": 53, "column": 0 }, "end": { "line": 53, "column": 35 } },
      "53": { "start": { "line": 54, "column": 0 }, "end": { "line": 54, "column": 12 } },
      "54": { "start": { "line": 55, "column": 0 }, "end": { "line": 55, "column": 52 } },
      "55": { "start": { "line": 56, "column": 0 }, "end": { "line": 56, "column": 22 } },
      "56": { "start": { "line": 57, "column": 0 }, "end": { "line": 57, "column": 39 } },
      "57": { "start": { "line": 58, "column": 0 }, "end": { "line": 58, "column": 7 } },
      "58": { "start": { "line": 59, "column": 0 }, "end": { "line": 59, "column": 3 } },
      "59": { "start": { "line": 60, "column": 0 }, "end": { "line": 60, "column": 23 } },
      "60": { "start": { "line": 61, "column": 0 }, "end": { "line": 61, "column": 1 } },
      "62": { "start": { "line": 63, "column": 0 }, "end": { "line": 63, "column": 22 } },
      "63": { "start": { "line": 64, "column": 0 }, "end": { "line": 64, "column": 37 } },
      "64": { "start": { "line": 65, "column": 0 }, "end": { "line": 65, "column": 52 } },
      "65": { "start": { "line": 66, "column": 0 }, "end": { "line": 66, "column": 68 } },
      "66": { "start": { "line": 67, "column": 0 }, "end": { "line": 67, "column": 64 } },
      "67": { "start": { "line": 68, "column": 0 }, "end": { "line": 68, "column": 1 } },
      "69": { "start": { "line": 70, "column": 0 }, "end": { "line": 70, "column": 27 } },
      "70": { "start": { "line": 71, "column": 0 }, "end": { "line": 71, "column": 40 } },
      "71": { "start": { "line": 72, "column": 0 }, "end": { "line": 72, "column": 46 } },
      "72": { "start": { "line": 73, "column": 0 }, "end": { "line": 73, "column": 64 } },
      "73": { "start": { "line": 74, "column": 0 }, "end": { "line": 74, "column": 3 } },
      "75": { "start": { "line": 76, "column": 0 }, "end": { "line": 76, "column": 64 } },
      "76": { "start": { "line": 77, "column": 0 }, "end": { "line": 77, "column": 40 } },
      "77": { "start": { "line": 78, "column": 0 }, "end": { "line": 78, "column": 60 } },
      "78": { "start": { "line": 79, "column": 0 }, "end": { "line": 79, "column": 3 } },
      "80": { "start": { "line": 81, "column": 0 }, "end": { "line": 81, "column": 25 } },
      "81": { "start": { "line": 82, "column": 0 }, "end": { "line": 82, "column": 1 } },
      "83": { "start": { "line": 84, "column": 0 }, "end": { "line": 84, "column": 36 } },
      "84": { "start": { "line": 85, "column": 0 }, "end": { "line": 85, "column": 42 } },
      "85": { "start": { "line": 86, "column": 0 }, "end": { "line": 86, "column": 62 } },
      "86": { "start": { "line": 87, "column": 0 }, "end": { "line": 87, "column": 3 } },
      "88": { "start": { "line": 89, "column": 0 }, "end": { "line": 89, "column": 43 } },
      "89": { "start": { "line": 90, "column": 0 }, "end": { "line": 90, "column": 77 } },
      "90": { "start": { "line": 91, "column": 0 }, "end": { "line": 91, "column": 3 } },
      "92": { "start": { "line": 93, "column": 0 }, "end": { "line": 93, "column": 25 } },
      "93": { "start": { "line": 94, "column": 0 }, "end": { "line": 94, "column": 1 } },
      "95": { "start": { "line": 96, "column": 0 }, "end": { "line": 96, "column": 44 } },
      "96": { "start": { "line": 97, "column": 0 }, "end": { "line": 97, "column": 50 } },
      "97": { "start": { "line": 98, "column": 0 }, "end": { "line": 98, "column": 66 } },
      "98": { "start": { "line": 99, "column": 0 }, "end": { "line": 99, "column": 3 } },
      "100": { "start": { "line": 101, "column": 0 }, "end": { "line": 101, "column": 43 } },
      "101": { "start": { "line": 102, "column": 0 }, "end": { "line": 102, "column": 52 } },
      "102": { "start": { "line": 103, "column": 0 }, "end": { "line": 103, "column": 83 } },
      "103": { "start": { "line": 104, "column": 0 }, "end": { "line": 104, "column": 3 } },
      "105": { "start": { "line": 106, "column": 0 }, "end": { "line": 106, "column": 38 } },
      "106": { "start": { "line": 107, "column": 0 }, "end": { "line": 107, "column": 42 } },
      "107": { "start": { "line": 108, "column": 0 }, "end": { "line": 108, "column": 85 } },
      "108": { "start": { "line": 109, "column": 0 }, "end": { "line": 109, "column": 3 } },
      "110": { "start": { "line": 111, "column": 0 }, "end": { "line": 111, "column": 25 } },
      "111": { "start": { "line": 112, "column": 0 }, "end": { "line": 112, "column": 1 } },
      "113": { "start": { "line": 114, "column": 0 }, "end": { "line": 114, "column": 42 } },
      "114": { "start": { "line": 115, "column": 0 }, "end": { "line": 115, "column": 48 } },
      "115": { "start": { "line": 116, "column": 0 }, "end": { "line": 116, "column": 65 } },
      "116": { "start": { "line": 117, "column": 0 }, "end": { "line": 117, "column": 3 } },
      "118": { "start": { "line": 119, "column": 0 }, "end": { "line": 119, "column": 29 } },
      "119": { "start": { "line": 120, "column": 0 }, "end": { "line": 120, "column": 76 } },
      "120": { "start": { "line": 121, "column": 0 }, "end": { "line": 121, "column": 3 } },
      "122": { "start": { "line": 123, "column": 0 }, "end": { "line": 123, "column": 36 } },
      "123": { "start": { "line": 124, "column": 0 }, "end": { "line": 124, "column": 62 } },
      "124": { "start": { "line": 125, "column": 0 }, "end": { "line": 125, "column": 3 } },
      "126": { "start": { "line": 127, "column": 0 }, "end": { "line": 127, "column": 25 } },
      "127": { "start": { "line": 128, "column": 0 }, "end": { "line": 128, "column": 1 } },
      "129": { "start": { "line": 130, "column": 0 }, "end": { "line": 130, "column": 40 } },
      "130": { "start": { "line": 131, "column": 0 }, "end": { "line": 131, "column": 46 } },
      "131": { "start": { "line": 132, "column": 0 }, "end": { "line": 132, "column": 64 } },
      "132": { "start": { "line": 133, "column": 0 }, "end": { "line": 133, "column": 3 } },
      "134": { "start": { "line": 135, "column": 0 }, "end": { "line": 135, "column": 27 } },
      "135": { "start": { "line": 136, "column": 0 }, "end": { "line": 136, "column": 79 } },
      "136": { "start": { "line": 137, "column": 0 }, "end": { "line": 137, "column": 3 } },
      "138": { "start": { "line": 139, "column": 0 }, "end": { "line": 139, "column": 35 } },
      "139": { "start": { "line": 140, "column": 0 }, "end": { "line": 140, "column": 66 } },
      "140": { "start": { "line": 141, "column": 0 }, "end": { "line": 141, "column": 3 } },
      "142": { "start": { "line": 143, "column": 0 }, "end": { "line": 143, "column": 25 } },
      "143": { "start": { "line": 144, "column": 0 }, "end": { "line": 144, "column": 1 } },
      "145": { "start": { "line": 146, "column": 0 }, "end": { "line": 146, "column": 31 } },
      "146": { "start": { "line": 147, "column": 0 }, "end": { "line": 147, "column": 45 } },
      "147": { "start": { "line": 148, "column": 0 }, "end": { "line": 148, "column": 42 } },
      "148": { "start": { "line": 149, "column": 0 }, "end": { "line": 149, "column": 68 } },
      "149": { "start": { "line": 150, "column": 0 }, "end": { "line": 150, "column": 3 } },
      "151": { "start": { "line": 152, "column": 0 }, "end": { "line": 152, "column": 63 } },
      "152": { "start": { "line": 153, "column": 0 }, "end": { "line": 153, "column": 92 } },
      "153": { "start": { "line": 154, "column": 0 }, "end": { "line": 154, "column": 3 } },
      "155": { "start": { "line": 156, "column": 0 }, "end": { "line": 156, "column": 50 } },
      "156": { "start": { "line": 157, "column": 0 }, "end": { "line": 157, "column": 61 } },
      "157": { "start": { "line": 158, "column": 0 }, "end": { "line": 158, "column": 3 } },
      "159": { "start": { "line": 160, "column": 0 }, "end": { "line": 160, "column": 27 } },
      "160": { "start": { "line": 161, "column": 0 }, "end": { "line": 161, "column": 33 } },
      "161": { "start": { "line": 162, "column": 0 }, "end": { "line": 162, "column": 52 } },
      "162": { "start": { "line": 163, "column": 0 }, "end": { "line": 163, "column": 3 } },
      "164": { "start": { "line": 165, "column": 0 }, "end": { "line": 165, "column": 25 } },
      "165": { "start": { "line": 166, "column": 0 }, "end": { "line": 166, "column": 1 } },
      "167": { "start": { "line": 168, "column": 0 }, "end": { "line": 168, "column": 27 } },
      "168": { "start": { "line": 169, "column": 0 }, "end": { "line": 169, "column": 49 } },
      "169": { "start": { "line": 170, "column": 0 }, "end": { "line": 170, "column": 52 } },
      "170": { "start": { "line": 171, "column": 0 }, "end": { "line": 171, "column": 67 } },
      "171": { "start": { "line": 172, "column": 0 }, "end": { "line": 172, "column": 3 } },
      "173": { "start": { "line": 174, "column": 0 }, "end": { "line": 174, "column": 49 } },
      "174": { "start": { "line": 175, "column": 0 }, "end": { "line": 175, "column": 72 } },
      "175": { "start": { "line": 176, "column": 0 }, "end": { "line": 176, "column": 63 } },
      "176": { "start": { "line": 177, "column": 0 }, "end": { "line": 177, "column": 3 } },
      "178": { "start": { "line": 179, "column": 0 }, "end": { "line": 179, "column": 41 } },
      "179": { "start": { "line": 180, "column": 0 }, "end": { "line": 180, "column": 48 } },
      "180": { "start": { "line": 181, "column": 0 }, "end": { "line": 181, "column": 63 } },
      "181": { "start": { "line": 182, "column": 0 }, "end": { "line": 182, "column": 3 } },
      "183": { "start": { "line": 184, "column": 0 }, "end": { "line": 184, "column": 25 } },
      "184": { "start": { "line": 185, "column": 0 }, "end": { "line": 185, "column": 1 } },
      "186": { "start": { "line": 187, "column": 0 }, "end": { "line": 187, "column": 44 } },
      "187": { "start": { "line": 188, "column": 0 }, "end": { "line": 188, "column": 63 } },
      "188": { "start": { "line": 189, "column": 0 }, "end": { "line": 189, "column": 14 } },
      "189": { "start": { "line": 190, "column": 0 }, "end": { "line": 190, "column": 62 } },
      "190": { "start": { "line": 191, "column": 0 }, "end": { "line": 191, "column": 3 } },
      "192": { "start": { "line": 193, "column": 0 }, "end": { "line": 193, "column": 34 } },
      "193": { "start": { "line": 194, "column": 0 }, "end": { "line": 194, "column": 19 } },
      "194": { "start": { "line": 195, "column": 0 }, "end": { "line": 195, "column": 40 } },
      "195": { "start": { "line": 196, "column": 0 }, "end": { "line": 196, "column": 5 } },
      "196": { "start": { "line": 197, "column": 0 }, "end": { "line": 197, "column": 1 } },
      "198": { "start": { "line": 199, "column": 0 }, "end": { "line": 199, "column": 20 } },
      "199": { "start": { "line": 200, "column": 0 }, "end": { "line": 200, "column": 66 } },
      "200": { "start": { "line": 201, "column": 0 }, "end": { "line": 201, "column": 81 } },
      "202": { "start": { "line": 203, "column": 0 }, "end": { "line": 203, "column": 27 } },
      "203": { "start": { "line": 204, "column": 0 }, "end": { "line": 204, "column": 55 } },
      "204": { "start": { "line": 205, "column": 0 }, "end": { "line": 205, "column": 63 } },
      "205": { "start": { "line": 206, "column": 0 }, "end": { "line": 206, "column": 55 } },
      "207": { "start": { "line": 208, "column": 0 }, "end": { "line": 208, "column": 17 } },
      "208": { "start": { "line": 209, "column": 0 }, "end": { "line": 209, "column": 38 } },
      "209": { "start": { "line": 210, "column": 0 }, "end": { "line": 210, "column": 95 } },
      "210": { "start": { "line": 211, "column": 0 }, "end": { "line": 211, "column": 3 } },
      "212": { "start": { "line": 213, "column": 0 }, "end": { "line": 213, "column": 26 } },
      "213": { "start": { "line": 214, "column": 0 }, "end": { "line": 214, "column": 1 } },
      "215": { "start": { "line": 216, "column": 0 }, "end": { "line": 216, "column": 37 } },
      "216": { "start": { "line": 217, "column": 0 }, "end": { "line": 217, "column": 42 } },
      "217": { "start": { "line": 218, "column": 0 }, "end": { "line": 218, "column": 57 } },
      "218": { "start": { "line": 219, "column": 0 }, "end": { "line": 219, "column": 10 } },
      "219": { "start": { "line": 220, "column": 0 }, "end": { "line": 220, "column": 52 } },
      "220": { "start": { "line": 221, "column": 0 }, "end": { "line": 221, "column": 31 } },
      "221": { "start": { "line": 222, "column": 0 }, "end": { "line": 222, "column": 36 } },
      "222": { "start": { "line": 223, "column": 0 }, "end": { "line": 223, "column": 13 } },
      "223": { "start": { "line": 224, "column": 0 }, "end": { "line": 224, "column": 4 } },
      "224": { "start": { "line": 225, "column": 0 }, "end": { "line": 225, "column": 1 } },
      "226": { "start": { "line": 227, "column": 0 }, "end": { "line": 227, "column": 35 } },
      "227": { "start": { "line": 228, "column": 0 }, "end": { "line": 228, "column": 39 } },
      "228": { "start": { "line": 229, "column": 0 }, "end": { "line": 229, "column": 30 } },
      "229": { "start": { "line": 230, "column": 0 }, "end": { "line": 230, "column": 9 } },
      "230": { "start": { "line": 231, "column": 0 }, "end": { "line": 231, "column": 30 } },
      "231": { "start": { "line": 232, "column": 0 }, "end": { "line": 232, "column": 21 } },
      "232": { "start": { "line": 233, "column": 0 }, "end": { "line": 233, "column": 62 } },
      "234": { "start": { "line": 235, "column": 0 }, "end": { "line": 235, "column": 29 } },
      "235": { "start": { "line": 236, "column": 0 }, "end": { "line": 236, "column": 60 } },
      "236": { "start": { "line": 237, "column": 0 }, "end": { "line": 237, "column": 7 } },
      "237": { "start": { "line": 238, "column": 0 }, "end": { "line": 238, "column": 5 } },
      "238": { "start": { "line": 239, "column": 0 }, "end": { "line": 239, "column": 4 } },
      "239": { "start": { "line": 240, "column": 0 }, "end": { "line": 240, "column": 1 } },
      "241": { "start": { "line": 242, "column": 0 }, "end": { "line": 242, "column": 12 } },
      "242": { "start": { "line": 243, "column": 0 }, "end": { "line": 243, "column": 46 } },
      "243": { "start": { "line": 244, "column": 0 }, "end": { "line": 244, "column": 46 } },
      "244": { "start": { "line": 245, "column": 0 }, "end": { "line": 245, "column": 60 } }
    },
    "s": {
      "0": 0,
      "1": 0,
      "3": 0,
      "4": 0,
      "5": 0,
      "6": 0,
      "8": 0,
      "9": 0,
      "10": 0,
      "12": 0,
      "13": 0,
      "15": 0,
      "16": 0,
      "17": 0,
      "18": 0,
      "20": 0,
      "21": 0,
      "22": 0,
      "23": 0,
      "24": 0,
      "25": 0,
      "26": 0,
      "27": 0,
      "28": 0,
      "29": 0,
      "30": 0,
      "31": 0,
      "32": 0,
      "34": 0,
      "35": 0,
      "36": 0,
      "37": 0,
      "38": 0,
      "39": 0,
      "40": 0,
      "41": 0,
      "42": 0,
      "43": 0,
      "44": 0,
      "45": 0,
      "46": 0,
      "48": 0,
      "49": 0,
      "50": 0,
      "51": 0,
      "52": 0,
      "53": 0,
      "54": 0,
      "55": 0,
      "56": 0,
      "57": 0,
      "58": 0,
      "59": 0,
      "60": 0,
      "62": 0,
      "63": 0,
      "64": 0,
      "65": 0,
      "66": 0,
      "67": 0,
      "69": 0,
      "70": 0,
      "71": 0,
      "72": 0,
      "73": 0,
      "75": 0,
      "76": 0,
      "77": 0,
      "78": 0,
      "80": 0,
      "81": 0,
      "83": 0,
      "84": 0,
      "85": 0,
      "86": 0,
      "88": 0,
      "89": 0,
      "90": 0,
      "92": 0,
      "93": 0,
      "95": 0,
      "96": 0,
      "97": 0,
      "98": 0,
      "100": 0,
      "101": 0,
      "102": 0,
      "103": 0,
      "105": 0,
      "106": 0,
      "107": 0,
      "108": 0,
      "110": 0,
      "111": 0,
      "113": 0,
      "114": 0,
      "115": 0,
      "116": 0,
      "118": 0,
      "119": 0,
      "120": 0,
      "122": 0,
      "123": 0,
      "124": 0,
      "126": 0,
      "127": 0,
      "129": 0,
      "130": 0,
      "131": 0,
      "132": 0,
      "134": 0,
      "135": 0,
      "136": 0,
      "138": 0,
      "139": 0,
      "140": 0,
      "142": 0,
      "143": 0,
      "145": 0,
      "146": 0,
      "147": 0,
      "148": 0,
      "149": 0,
      "151": 0,
      "152": 0,
      "153": 0,
      "155": 0,
      "156": 0,
      "157": 0,
      "159": 0,
      "160": 0,
      "161": 0,
      "162": 0,
      "164": 0,
      "165": 0,
      "167": 0,
      "168": 0,
      "169": 0,
      "170": 0,
      "171": 0,
      "173": 0,
      "174": 0,
      "175": 0,
      "176": 0,
      "178": 0,
      "179": 0,
      "180": 0,
      "181": 0,
      "183": 0,
      "184": 0,
      "186": 0,
      "187": 0,
      "188": 0,
      "189": 0,
      "190": 0,
      "192": 0,
      "193": 0,
      "194": 0,
      "195": 0,
      "196": 0,
      "198": 0,
      "199": 0,
      "200": 0,
      "202": 0,
      "203": 0,
      "204": 0,
      "205": 0,
      "207": 0,
      "208": 0,
      "209": 0,
      "210": 0,
      "212": 0,
      "213": 0,
      "215": 0,
      "216": 0,
      "217": 0,
      "218": 0,
      "219": 0,
      "220": 0,
      "221": 0,
      "222": 0,
      "223": 0,
      "224": 0,
      "226": 0,
      "227": 0,
      "228": 0,
      "229": 0,
      "230": 0,
      "231": 0,
      "232": 0,
      "234": 0,
      "235": 0,
      "236": 0,
      "237": 0,
      "238": 0,
      "239": 0,
      "241": 0,
      "242": 0,
      "243": 0,
      "244": 0
    },
    "branchMap": {
      "0": {
        "type": "branch",
        "line": 1,
        "loc": { "start": { "line": 1, "column": 7056 }, "end": { "line": 245, "column": 60 } },
        "locations": [{ "start": { "line": 1, "column": 7056 }, "end": { "line": 245, "column": 60 } }]
      }
    },
    "b": { "0": [0] },
    "fnMap": {
      "0": {
        "name": "(empty-report)",
        "decl": { "start": { "line": 1, "column": 7056 }, "end": { "line": 245, "column": 60 } },
        "loc": { "start": { "line": 1, "column": 7056 }, "end": { "line": 245, "column": 60 } },
        "line": 1
      }
    },
    "f": { "0": 0 }
  },
  "C:\\webdev\\stupid-simple-screen-share\\api\\answer.js": {
    "path": "C:\\webdev\\stupid-simple-screen-share\\api\\answer.js",
    "all": true,
    "statementMap": {
      "0": { "start": { "line": 1, "column": 0 }, "end": { "line": 1, "column": 8 } },
      "10": { "start": { "line": 11, "column": 0 }, "end": { "line": 11, "column": 39 } },
      "11": { "start": { "line": 12, "column": 0 }, "end": { "line": 12, "column": 36 } },
      "12": { "start": { "line": 13, "column": 0 }, "end": { "line": 13, "column": 22 } },
      "14": { "start": { "line": 15, "column": 0 }, "end": { "line": 15, "column": 33 } },
      "15": { "start": { "line": 16, "column": 0 }, "end": { "line": 16, "column": 33 } },
      "16": { "start": { "line": 17, "column": 0 }, "end": { "line": 17, "column": 3 } },
      "18": { "start": { "line": 19, "column": 0 }, "end": { "line": 19, "column": 30 } },
      "19": { "start": { "line": 20, "column": 0 }, "end": { "line": 20, "column": 44 } },
      "21": { "start": { "line": 22, "column": 0 }, "end": { "line": 22, "column": 50 } },
      "22": { "start": { "line": 23, "column": 0 }, "end": { "line": 23, "column": 32 } },
      "23": { "start": { "line": 24, "column": 0 }, "end": { "line": 24, "column": 55 } },
      "24": { "start": { "line": 25, "column": 0 }, "end": { "line": 25, "column": 5 } },
      "26": { "start": { "line": 27, "column": 0 }, "end": { "line": 27, "column": 55 } },
      "27": { "start": { "line": 28, "column": 0 }, "end": { "line": 28, "column": 32 } },
      "28": { "start": { "line": 29, "column": 0 }, "end": { "line": 29, "column": 55 } },
      "29": { "start": { "line": 30, "column": 0 }, "end": { "line": 30, "column": 5 } },
      "31": { "start": { "line": 32, "column": 0 }, "end": { "line": 32, "column": 33 } },
      "32": { "start": { "line": 33, "column": 0 }, "end": { "line": 33, "column": 72 } },
      "33": { "start": { "line": 34, "column": 0 }, "end": { "line": 34, "column": 5 } },
      "35": { "start": { "line": 36, "column": 0 }, "end": { "line": 36, "column": 62 } },
      "36": { "start": { "line": 37, "column": 0 }, "end": { "line": 37, "column": 22 } },
      "37": { "start": { "line": 38, "column": 0 }, "end": { "line": 38, "column": 62 } },
      "38": { "start": { "line": 39, "column": 0 }, "end": { "line": 39, "column": 5 } },
      "40": { "start": { "line": 41, "column": 0 }, "end": { "line": 41, "column": 67 } },
      "41": { "start": { "line": 42, "column": 0 }, "end": { "line": 42, "column": 58 } },
      "43": { "start": { "line": 44, "column": 0 }, "end": { "line": 44, "column": 34 } },
      "44": { "start": { "line": 45, "column": 0 }, "end": { "line": 45, "column": 3 } },
      "46": { "start": { "line": 47, "column": 0 }, "end": { "line": 47, "column": 29 } },
      "47": { "start": { "line": 48, "column": 0 }, "end": { "line": 48, "column": 39 } },
      "49": { "start": { "line": 50, "column": 0 }, "end": { "line": 50, "column": 50 } },
      "50": { "start": { "line": 51, "column": 0 }, "end": { "line": 51, "column": 32 } },
      "51": { "start": { "line": 52, "column": 0 }, "end": { "line": 52, "column": 55 } },
      "52": { "start": { "line": 53, "column": 0 }, "end": { "line": 53, "column": 5 } },
      "54": { "start": { "line": 55, "column": 0 }, "end": { "line": 55, "column": 62 } },
      "55": { "start": { "line": 56, "column": 0 }, "end": { "line": 56, "column": 22 } },
      "56": { "start": { "line": 57, "column": 0 }, "end": { "line": 57, "column": 62 } },
      "57": { "start": { "line": 58, "column": 0 }, "end": { "line": 58, "column": 5 } },
      "59": { "start": { "line": 60, "column": 0 }, "end": { "line": 60, "column": 57 } },
      "60": { "start": { "line": 61, "column": 0 }, "end": { "line": 61, "column": 15 } },
      "61": { "start": { "line": 62, "column": 0 }, "end": { "line": 62, "column": 72 } },
      "62": { "start": { "line": 63, "column": 0 }, "end": { "line": 63, "column": 5 } },
      "64": { "start": { "line": 65, "column": 0 }, "end": { "line": 65, "column": 9 } },
      "65": { "start": { "line": 66, "column": 0 }, "end": { "line": 66, "column": 75 } },
      "66": { "start": { "line": 67, "column": 0 }, "end": { "line": 67, "column": 67 } },
      "67": { "start": { "line": 68, "column": 0 }, "end": { "line": 68, "column": 32 } },
      "68": { "start": { "line": 69, "column": 0 }, "end": { "line": 69, "column": 21 } },
      "69": { "start": { "line": 70, "column": 0 }, "end": { "line": 70, "column": 71 } },
      "70": { "start": { "line": 71, "column": 0 }, "end": { "line": 71, "column": 5 } },
      "71": { "start": { "line": 72, "column": 0 }, "end": { "line": 72, "column": 3 } },
      "73": { "start": { "line": 74, "column": 0 }, "end": { "line": 74, "column": 51 } },
      "74": { "start": { "line": 75, "column": 0 }, "end": { "line": 75, "column": 1 } },
      "76": { "start": { "line": 77, "column": 0 }, "end": { "line": 77, "column": 42 } }
    },
    "s": {
      "0": 0,
      "10": 0,
      "11": 0,
      "12": 0,
      "14": 0,
      "15": 0,
      "16": 0,
      "18": 0,
      "19": 0,
      "21": 0,
      "22": 0,
      "23": 0,
      "24": 0,
      "26": 0,
      "27": 0,
      "28": 0,
      "29": 0,
      "31": 0,
      "32": 0,
      "33": 0,
      "35": 0,
      "36": 0,
      "37": 0,
      "38": 0,
      "40": 0,
      "41": 0,
      "43": 0,
      "44": 0,
      "46": 0,
      "47": 0,
      "49": 0,
      "50": 0,
      "51": 0,
      "52": 0,
      "54": 0,
      "55": 0,
      "56": 0,
      "57": 0,
      "59": 0,
      "60": 0,
      "61": 0,
      "62": 0,
      "64": 0,
      "65": 0,
      "66": 0,
      "67": 0,
      "68": 0,
      "69": 0,
      "70": 0,
      "71": 0,
      "73": 0,
      "74": 0,
      "76": 0
    },
    "branchMap": {
      "0": {
        "type": "branch",
        "line": 1,
        "loc": { "start": { "line": 1, "column": 2063 }, "end": { "line": 77, "column": 42 } },
        "locations": [{ "start": { "line": 1, "column": 2063 }, "end": { "line": 77, "column": 42 } }]
      }
    },
    "b": { "0": [0] },
    "fnMap": {
      "0": {
        "name": "(empty-report)",
        "decl": { "start": { "line": 1, "column": 2063 }, "end": { "line": 77, "column": 42 } },
        "loc": { "start": { "line": 1, "column": 2063 }, "end": { "line": 77, "column": 42 } },
        "line": 1
      }
    },
    "f": { "0": 0 }
  },
  "C:\\webdev\\stupid-simple-screen-share\\api\\candidate.js": {
    "path": "C:\\webdev\\stupid-simple-screen-share\\api\\candidate.js",
    "all": true,
    "statementMap": {
      "0": { "start": { "line": 1, "column": 0 }, "end": { "line": 1, "column": 8 } },
      "11": { "start": { "line": 12, "column": 0 }, "end": { "line": 12, "column": 42 } },
      "12": { "start": { "line": 13, "column": 0 }, "end": { "line": 13, "column": 36 } },
      "13": { "start": { "line": 14, "column": 0 }, "end": { "line": 14, "column": 22 } },
      "15": { "start": { "line": 16, "column": 0 }, "end": { "line": 16, "column": 33 } },
      "16": { "start": { "line": 17, "column": 0 }, "end": { "line": 17, "column": 33 } },
      "17": { "start": { "line": 18, "column": 0 }, "end": { "line": 18, "column": 3 } },
      "19": { "start": { "line": 20, "column": 0 }, "end": { "line": 20, "column": 30 } },
      "20": { "start": { "line": 21, "column": 0 }, "end": { "line": 21, "column": 55 } },
      "22": { "start": { "line": 23, "column": 0 }, "end": { "line": 23, "column": 50 } },
      "23": { "start": { "line": 24, "column": 0 }, "end": { "line": 24, "column": 32 } },
      "24": { "start": { "line": 25, "column": 0 }, "end": { "line": 25, "column": 55 } },
      "25": { "start": { "line": 26, "column": 0 }, "end": { "line": 26, "column": 5 } },
      "27": { "start": { "line": 28, "column": 0 }, "end": { "line": 28, "column": 46 } },
      "28": { "start": { "line": 29, "column": 0 }, "end": { "line": 29, "column": 32 } },
      "29": { "start": { "line": 30, "column": 0 }, "end": { "line": 30, "column": 55 } },
      "30": { "start": { "line": 31, "column": 0 }, "end": { "line": 31, "column": 5 } },
      "32": { "start": { "line": 33, "column": 0 }, "end": { "line": 33, "column": 64 } },
      "33": { "start": { "line": 34, "column": 0 }, "end": { "line": 34, "column": 37 } },
      "34": { "start": { "line": 35, "column": 0 }, "end": { "line": 35, "column": 60 } },
      "35": { "start": { "line": 36, "column": 0 }, "end": { "line": 36, "column": 5 } },
      "37": { "start": { "line": 38, "column": 0 }, "end": { "line": 38, "column": 62 } },
      "38": { "start": { "line": 39, "column": 0 }, "end": { "line": 39, "column": 22 } },
      "39": { "start": { "line": 40, "column": 0 }, "end": { "line": 40, "column": 62 } },
      "40": { "start": { "line": 41, "column": 0 }, "end": { "line": 41, "column": 5 } },
      "42": { "start": { "line": 43, "column": 0 }, "end": { "line": 43, "column": 52 } },
      "43": { "start": { "line": 44, "column": 0 }, "end": { "line": 44, "column": 54 } },
      "44": { "start": { "line": 45, "column": 0 }, "end": { "line": 45, "column": 38 } },
      "46": { "start": { "line": 47, "column": 0 }, "end": { "line": 47, "column": 34 } },
      "47": { "start": { "line": 48, "column": 0 }, "end": { "line": 48, "column": 3 } },
      "49": { "start": { "line": 50, "column": 0 }, "end": { "line": 50, "column": 29 } },
      "50": { "start": { "line": 51, "column": 0 }, "end": { "line": 51, "column": 45 } },
      "52": { "start": { "line": 53, "column": 0 }, "end": { "line": 53, "column": 50 } },
      "53": { "start": { "line": 54, "column": 0 }, "end": { "line": 54, "column": 32 } },
      "54": { "start": { "line": 55, "column": 0 }, "end": { "line": 55, "column": 55 } },
      "55": { "start": { "line": 56, "column": 0 }, "end": { "line": 56, "column": 5 } },
      "57": { "start": { "line": 58, "column": 0 }, "end": { "line": 58, "column": 46 } },
      "58": { "start": { "line": 59, "column": 0 }, "end": { "line": 59, "column": 32 } },
      "59": { "start": { "line": 60, "column": 0 }, "end": { "line": 60, "column": 55 } },
      "60": { "start": { "line": 61, "column": 0 }, "end": { "line": 61, "column": 5 } },
      "62": { "start": { "line": 63, "column": 0 }, "end": { "line": 63, "column": 62 } },
      "63": { "start": { "line": 64, "column": 0 }, "end": { "line": 64, "column": 22 } },
      "64": { "start": { "line": 65, "column": 0 }, "end": { "line": 65, "column": 62 } },
      "65": { "start": { "line": 66, "column": 0 }, "end": { "line": 66, "column": 5 } },
      "67": { "start": { "line": 68, "column": 0 }, "end": { "line": 68, "column": 52 } },
      "68": { "start": { "line": 69, "column": 0 }, "end": { "line": 69, "column": 55 } },
      "70": { "start": { "line": 71, "column": 0 }, "end": { "line": 71, "column": 25 } },
      "71": { "start": { "line": 72, "column": 0 }, "end": { "line": 72, "column": 74 } },
      "72": { "start": { "line": 73, "column": 0 }, "end": { "line": 73, "column": 5 } },
      "74": { "start": { "line": 75, "column": 0 }, "end": { "line": 75, "column": 9 } },
      "75": { "start": { "line": 76, "column": 0 }, "end": { "line": 76, "column": 75 } },
      "76": { "start": { "line": 77, "column": 0 }, "end": { "line": 77, "column": 81 } },
      "77": { "start": { "line": 78, "column": 0 }, "end": { "line": 78, "column": 46 } },
      "78": { "start": { "line": 79, "column": 0 }, "end": { "line": 79, "column": 21 } },
      "79": { "start": { "line": 80, "column": 0 }, "end": { "line": 80, "column": 74 } },
      "80": { "start": { "line": 81, "column": 0 }, "end": { "line": 81, "column": 5 } },
      "81": { "start": { "line": 82, "column": 0 }, "end": { "line": 82, "column": 3 } },
      "83": { "start": { "line": 84, "column": 0 }, "end": { "line": 84, "column": 51 } },
      "84": { "start": { "line": 85, "column": 0 }, "end": { "line": 85, "column": 1 } },
      "86": { "start": { "line": 87, "column": 0 }, "end": { "line": 87, "column": 45 } }
    },
    "s": {
      "0": 0,
      "11": 0,
      "12": 0,
      "13": 0,
      "15": 0,
      "16": 0,
      "17": 0,
      "19": 0,
      "20": 0,
      "22": 0,
      "23": 0,
      "24": 0,
      "25": 0,
      "27": 0,
      "28": 0,
      "29": 0,
      "30": 0,
      "32": 0,
      "33": 0,
      "34": 0,
      "35": 0,
      "37": 0,
      "38": 0,
      "39": 0,
      "40": 0,
      "42": 0,
      "43": 0,
      "44": 0,
      "46": 0,
      "47": 0,
      "49": 0,
      "50": 0,
      "52": 0,
      "53": 0,
      "54": 0,
      "55": 0,
      "57": 0,
      "58": 0,
      "59": 0,
      "60": 0,
      "62": 0,
      "63": 0,
      "64": 0,
      "65": 0,
      "67": 0,
      "68": 0,
      "70": 0,
      "71": 0,
      "72": 0,
      "74": 0,
      "75": 0,
      "76": 0,
      "77": 0,
      "78": 0,
      "79": 0,
      "80": 0,
      "81": 0,
      "83": 0,
      "84": 0,
      "86": 0
    },
    "branchMap": {
      "0": {
        "type": "branch",
        "line": 1,
        "loc": { "start": { "line": 1, "column": 2407 }, "end": { "line": 87, "column": 45 } },
        "locations": [{ "start": { "line": 1, "column": 2407 }, "end": { "line": 87, "column": 45 } }]
      }
    },
    "b": { "0": [0] },
    "fnMap": {
      "0": {
        "name": "(empty-report)",
        "decl": { "start": { "line": 1, "column": 2407 }, "end": { "line": 87, "column": 45 } },
        "loc": { "start": { "line": 1, "column": 2407 }, "end": { "line": 87, "column": 45 } },
        "line": 1
      }
    },
    "f": { "0": 0 }
  },
  "C:\\webdev\\stupid-simple-screen-share\\api\\chat.js": {
    "path": "C:\\webdev\\stupid-simple-screen-share\\api\\chat.js",
    "all": true,
    "statementMap": {
      "0": { "start": { "line": 1, "column": 0 }, "end": { "line": 1, "column": 8 } },
      "14": { "start": { "line": 15, "column": 0 }, "end": { "line": 15, "column": 3 } },
      "15": { "start": { "line": 16, "column": 0 }, "end": { "line": 16, "column": 40 } },
      "16": { "start": { "line": 17, "column": 0 }, "end": { "line": 17, "column": 35 } },
      "17": { "start": { "line": 18, "column": 0 }, "end": { "line": 18, "column": 68 } },
      "18": { "start": { "line": 19, "column": 0 }, "end": { "line": 19, "column": 3 } },
      "19": { "start": { "line": 20, "column": 0 }, "end": { "line": 20, "column": 37 } },
      "20": { "start": { "line": 21, "column": 0 }, "end": { "line": 21, "column": 36 } },
      "21": { "start": { "line": 22, "column": 0 }, "end": { "line": 22, "column": 22 } },
      "23": { "start": { "line": 24, "column": 0 }, "end": { "line": 24, "column": 33 } },
      "24": { "start": { "line": 25, "column": 0 }, "end": { "line": 25, "column": 33 } },
      "25": { "start": { "line": 26, "column": 0 }, "end": { "line": 26, "column": 3 } },
      "27": { "start": { "line": 28, "column": 0 }, "end": { "line": 28, "column": 78 } },
      "29": { "start": { "line": 30, "column": 0 }, "end": { "line": 30, "column": 48 } },
      "30": { "start": { "line": 31, "column": 0 }, "end": { "line": 31, "column": 30 } },
      "31": { "start": { "line": 32, "column": 0 }, "end": { "line": 32, "column": 53 } },
      "32": { "start": { "line": 33, "column": 0 }, "end": { "line": 33, "column": 3 } },
      "34": { "start": { "line": 35, "column": 0 }, "end": { "line": 35, "column": 25 } },
      "35": { "start": { "line": 36, "column": 0 }, "end": { "line": 36, "column": 60 } },
      "36": { "start": { "line": 37, "column": 0 }, "end": { "line": 37, "column": 20 } },
      "37": { "start": { "line": 38, "column": 0 }, "end": { "line": 38, "column": 60 } },
      "38": { "start": { "line": 39, "column": 0 }, "end": { "line": 39, "column": 3 } },
      "40": { "start": { "line": 41, "column": 0 }, "end": { "line": 41, "column": 30 } },
      "41": { "start": { "line": 42, "column": 0 }, "end": { "line": 42, "column": 47 } },
      "43": { "start": { "line": 44, "column": 0 }, "end": { "line": 44, "column": 55 } },
      "44": { "start": { "line": 45, "column": 0 }, "end": { "line": 45, "column": 35 } },
      "45": { "start": { "line": 46, "column": 0 }, "end": { "line": 46, "column": 58 } },
      "46": { "start": { "line": 47, "column": 0 }, "end": { "line": 47, "column": 5 } },
      "48": { "start": { "line": 49, "column": 0 }, "end": { "line": 49, "column": 52 } },
      "49": { "start": { "line": 50, "column": 0 }, "end": { "line": 50, "column": 34 } },
      "50": { "start": { "line": 51, "column": 0 }, "end": { "line": 51, "column": 57 } },
      "51": { "start": { "line": 52, "column": 0 }, "end": { "line": 52, "column": 5 } },
      "53": { "start": { "line": 54, "column": 0 }, "end": { "line": 54, "column": 66 } },
      "54": { "start": { "line": 55, "column": 0 }, "end": { "line": 55, "column": 70 } },
      "55": { "start": { "line": 56, "column": 0 }, "end": { "line": 56, "column": 86 } },
      "56": { "start": { "line": 57, "column": 0 }, "end": { "line": 57, "column": 46 } },
      "58": { "start": { "line": 59, "column": 0 }, "end": { "line": 59, "column": 28 } },
      "59": { "start": { "line": 60, "column": 0 }, "end": { "line": 60, "column": 25 } },
      "60": { "start": { "line": 61, "column": 0 }, "end": { "line": 61, "column": 69 } },
      "61": { "start": { "line": 62, "column": 0 }, "end": { "line": 62, "column": 45 } },
      "62": { "start": { "line": 63, "column": 0 }, "end": { "line": 63, "column": 48 } },
      "63": { "start": { "line": 64, "column": 0 }, "end": { "line": 64, "column": 28 } },
      "64": { "start": { "line": 65, "column": 0 }, "end": { "line": 65, "column": 6 } },
      "66": { "start": { "line": 67, "column": 0 }, "end": { "line": 67, "column": 45 } },
      "67": { "start": { "line": 68, "column": 0 }, "end": { "line": 68, "column": 38 } },
      "68": { "start": { "line": 69, "column": 0 }, "end": { "line": 69, "column": 56 } },
      "69": { "start": { "line": 70, "column": 0 }, "end": { "line": 70, "column": 48 } },
      "70": { "start": { "line": 71, "column": 0 }, "end": { "line": 71, "column": 38 } },
      "72": { "start": { "line": 73, "column": 0 }, "end": { "line": 73, "column": 56 } },
      "73": { "start": { "line": 74, "column": 0 }, "end": { "line": 74, "column": 3 } },
      "75": { "start": { "line": 76, "column": 0 }, "end": { "line": 76, "column": 29 } },
      "76": { "start": { "line": 77, "column": 0 }, "end": { "line": 77, "column": 38 } },
      "77": { "start": { "line": 78, "column": 0 }, "end": { "line": 78, "column": 48 } },
      "79": { "start": { "line": 80, "column": 0 }, "end": { "line": 80, "column": 54 } },
      "80": { "start": { "line": 81, "column": 0 }, "end": { "line": 81, "column": 60 } },
      "81": { "start": { "line": 82, "column": 0 }, "end": { "line": 82, "column": 5 } },
      "83": { "start": { "line": 84, "column": 0 }, "end": { "line": 84, "column": 23 } },
      "84": { "start": { "line": 85, "column": 0 }, "end": { "line": 85, "column": 78 } },
      "86": { "start": { "line": 87, "column": 0 }, "end": { "line": 87, "column": 32 } },
      "87": { "start": { "line": 88, "column": 0 }, "end": { "line": 88, "column": 27 } },
      "88": { "start": { "line": 89, "column": 0 }, "end": { "line": 89, "column": 21 } },
      "89": { "start": { "line": 90, "column": 0 }, "end": { "line": 90, "column": 13 } },
      "90": { "start": { "line": 91, "column": 0 }, "end": { "line": 91, "column": 79 } },
      "91": { "start": { "line": 92, "column": 0 }, "end": { "line": 92, "column": 65 } },
      "92": { "start": { "line": 93, "column": 0 }, "end": { "line": 93, "column": 21 } },
      "93": { "start": { "line": 94, "column": 0 }, "end": { "line": 94, "column": 60 } },
      "94": { "start": { "line": 95, "column": 0 }, "end": { "line": 95, "column": 22 } },
      "95": { "start": { "line": 96, "column": 0 }, "end": { "line": 96, "column": 9 } },
      "96": { "start": { "line": 97, "column": 0 }, "end": { "line": 97, "column": 8 } },
      "97": { "start": { "line": 98, "column": 0 }, "end": { "line": 98, "column": 61 } },
      "98": { "start": { "line": 99, "column": 0 }, "end": { "line": 99, "column": 33 } },
      "100": { "start": { "line": 101, "column": 0 }, "end": { "line": 101, "column": 42 } },
      "101": { "start": { "line": 102, "column": 0 }, "end": { "line": 102, "column": 3 } },
      "103": { "start": { "line": 104, "column": 0 }, "end": { "line": 104, "column": 51 } },
      "104": { "start": { "line": 105, "column": 0 }, "end": { "line": 105, "column": 1 } },
      "106": { "start": { "line": 107, "column": 0 }, "end": { "line": 107, "column": 40 } }
    },
    "s": {
      "0": 0,
      "14": 0,
      "15": 0,
      "16": 0,
      "17": 0,
      "18": 0,
      "19": 0,
      "20": 0,
      "21": 0,
      "23": 0,
      "24": 0,
      "25": 0,
      "27": 0,
      "29": 0,
      "30": 0,
      "31": 0,
      "32": 0,
      "34": 0,
      "35": 0,
      "36": 0,
      "37": 0,
      "38": 0,
      "40": 0,
      "41": 0,
      "43": 0,
      "44": 0,
      "45": 0,
      "46": 0,
      "48": 0,
      "49": 0,
      "50": 0,
      "51": 0,
      "53": 0,
      "54": 0,
      "55": 0,
      "56": 0,
      "58": 0,
      "59": 0,
      "60": 0,
      "61": 0,
      "62": 0,
      "63": 0,
      "64": 0,
      "66": 0,
      "67": 0,
      "68": 0,
      "69": 0,
      "70": 0,
      "72": 0,
      "73": 0,
      "75": 0,
      "76": 0,
      "77": 0,
      "79": 0,
      "80": 0,
      "81": 0,
      "83": 0,
      "84": 0,
      "86": 0,
      "87": 0,
      "88": 0,
      "89": 0,
      "90": 0,
      "91": 0,
      "92": 0,
      "93": 0,
      "94": 0,
      "95": 0,
      "96": 0,
      "97": 0,
      "98": 0,
      "100": 0,
      "101": 0,
      "103": 0,
      "104": 0,
      "106": 0
    },
    "branchMap": {
      "0": {
        "type": "branch",
        "line": 1,
        "loc": { "start": { "line": 1, "column": 3111 }, "end": { "line": 107, "column": 40 } },
        "locations": [{ "start": { "line": 1, "column": 3111 }, "end": { "line": 107, "column": 40 } }]
      }
    },
    "b": { "0": [0] },
    "fnMap": {
      "0": {
        "name": "(empty-report)",
        "decl": { "start": { "line": 1, "column": 3111 }, "end": { "line": 107, "column": 40 } },
        "loc": { "start": { "line": 1, "column": 3111 }, "end": { "line": 107, "column": 40 } },
        "line": 1
      }
    },
    "f": { "0": 0 }
  },
  "C:\\webdev\\stupid-simple-screen-share\\api\\config.js": {
    "path": "C:\\webdev\\stupid-simple-screen-share\\api\\config.js",
    "all": true,
    "statementMap": {
      "0": { "start": { "line": 1, "column": 0 }, "end": { "line": 1, "column": 73 } },
      "2": { "start": { "line": 3, "column": 0 }, "end": { "line": 3, "column": 3 } },
      "3": { "start": { "line": 4, "column": 0 }, "end": { "line": 4, "column": 18 } },
      "4": { "start": { "line": 5, "column": 0 }, "end": { "line": 5, "column": 53 } },
      "5": { "start": { "line": 6, "column": 0 }, "end": { "line": 6, "column": 82 } },
      "6": { "start": { "line": 7, "column": 0 }, "end": { "line": 7, "column": 3 } },
      "7": { "start": { "line": 8, "column": 0 }, "end": { "line": 8, "column": 49 } },
      "8": { "start": { "line": 9, "column": 0 }, "end": { "line": 9, "column": 28 } },
      "9": { "start": { "line": 10, "column": 0 }, "end": { "line": 10, "column": 29 } },
      "10": { "start": { "line": 11, "column": 0 }, "end": { "line": 11, "column": 53 } },
      "11": { "start": { "line": 12, "column": 0 }, "end": { "line": 12, "column": 3 } },
      "13": { "start": { "line": 14, "column": 0 }, "end": { "line": 14, "column": 21 } },
      "14": { "start": { "line": 15, "column": 0 }, "end": { "line": 15, "column": 22 } },
      "16": { "start": { "line": 17, "column": 0 }, "end": { "line": 17, "column": 7 } },
      "17": { "start": { "line": 18, "column": 0 }, "end": { "line": 18, "column": 49 } },
      "18": { "start": { "line": 19, "column": 0 }, "end": { "line": 19, "column": 47 } },
      "20": { "start": { "line": 21, "column": 0 }, "end": { "line": 21, "column": 22 } },
      "21": { "start": { "line": 22, "column": 0 }, "end": { "line": 22, "column": 67 } },
      "22": { "start": { "line": 23, "column": 0 }, "end": { "line": 23, "column": 63 } },
      "23": { "start": { "line": 24, "column": 0 }, "end": { "line": 24, "column": 5 } },
      "25": { "start": { "line": 26, "column": 0 }, "end": { "line": 26, "column": 34 } },
      "26": { "start": { "line": 27, "column": 0 }, "end": { "line": 27, "column": 20 } },
      "27": { "start": { "line": 28, "column": 0 }, "end": { "line": 28, "column": 17 } },
      "28": { "start": { "line": 29, "column": 0 }, "end": { "line": 29, "column": 54 } },
      "29": { "start": { "line": 30, "column": 0 }, "end": { "line": 30, "column": 46 } },
      "30": { "start": { "line": 31, "column": 0 }, "end": { "line": 31, "column": 42 } },
      "31": { "start": { "line": 32, "column": 0 }, "end": { "line": 32, "column": 17 } },
      "32": { "start": { "line": 33, "column": 0 }, "end": { "line": 33, "column": 19 } },
      "33": { "start": { "line": 34, "column": 0 }, "end": { "line": 34, "column": 26 } },
      "34": { "start": { "line": 35, "column": 0 }, "end": { "line": 35, "column": 26 } },
      "35": { "start": { "line": 36, "column": 0 }, "end": { "line": 36, "column": 8 } },
      "36": { "start": { "line": 37, "column": 0 }, "end": { "line": 37, "column": 42 } },
      "37": { "start": { "line": 38, "column": 0 }, "end": { "line": 38, "column": 19 } },
      "38": { "start": { "line": 39, "column": 0 }, "end": { "line": 39, "column": 40 } },
      "39": { "start": { "line": 40, "column": 0 }, "end": { "line": 40, "column": 40 } },
      "40": { "start": { "line": 41, "column": 0 }, "end": { "line": 41, "column": 8 } },
      "41": { "start": { "line": 42, "column": 0 }, "end": { "line": 42, "column": 6 } },
      "43": { "start": { "line": 44, "column": 0 }, "end": { "line": 44, "column": 26 } },
      "44": { "start": { "line": 45, "column": 0 }, "end": { "line": 45, "column": 20 } },
      "45": { "start": { "line": 46, "column": 0 }, "end": { "line": 46, "column": 13 } },
      "46": { "start": { "line": 47, "column": 0 }, "end": { "line": 47, "column": 42 } },
      "47": { "start": { "line": 48, "column": 0 }, "end": { "line": 48, "column": 7 } },
      "48": { "start": { "line": 49, "column": 0 }, "end": { "line": 49, "column": 19 } },
      "49": { "start": { "line": 50, "column": 0 }, "end": { "line": 50, "column": 50 } },
      "50": { "start": { "line": 51, "column": 0 }, "end": { "line": 51, "column": 63 } },
      "51": { "start": { "line": 52, "column": 0 }, "end": { "line": 52, "column": 3 } },
      "52": { "start": { "line": 53, "column": 0 }, "end": { "line": 53, "column": 3 } }
    },
    "s": {
      "0": 0,
      "2": 0,
      "3": 0,
      "4": 0,
      "5": 0,
      "6": 0,
      "7": 0,
      "8": 0,
      "9": 0,
      "10": 0,
      "11": 0,
      "13": 0,
      "14": 0,
      "16": 0,
      "17": 0,
      "18": 0,
      "20": 0,
      "21": 0,
      "22": 0,
      "23": 0,
      "25": 0,
      "26": 0,
      "27": 0,
      "28": 0,
      "29": 0,
      "30": 0,
      "31": 0,
      "32": 0,
      "33": 0,
      "34": 0,
      "35": 0,
      "36": 0,
      "37": 0,
      "38": 0,
      "39": 0,
      "40": 0,
      "41": 0,
      "43": 0,
      "44": 0,
      "45": 0,
      "46": 0,
      "47": 0,
      "48": 0,
      "49": 0,
      "50": 0,
      "51": 0,
      "52": 0
    },
    "branchMap": {
      "0": {
        "type": "branch",
        "line": 1,
        "loc": { "start": { "line": 1, "column": 1459 }, "end": { "line": 53, "column": 3 } },
        "locations": [{ "start": { "line": 1, "column": 1459 }, "end": { "line": 53, "column": 3 } }]
      }
    },
    "b": { "0": [0] },
    "fnMap": {
      "0": {
        "name": "(empty-report)",
        "decl": { "start": { "line": 1, "column": 1459 }, "end": { "line": 53, "column": 3 } },
        "loc": { "start": { "line": 1, "column": 1459 }, "end": { "line": 53, "column": 3 } },
        "line": 1
      }
    },
    "f": { "0": 0 }
  },
  "C:\\webdev\\stupid-simple-screen-share\\api\\create-room.js": {
    "path": "C:\\webdev\\stupid-simple-screen-share\\api\\create-room.js",
    "all": true,
    "statementMap": {
      "0": { "start": { "line": 1, "column": 0 }, "end": { "line": 1, "column": 138 } },
      "2": { "start": { "line": 3, "column": 0 }, "end": { "line": 3, "column": 8 } },
      "13": { "start": { "line": 14, "column": 0 }, "end": { "line": 14, "column": 43 } },
      "14": { "start": { "line": 15, "column": 0 }, "end": { "line": 15, "column": 36 } },
      "15": { "start": { "line": 16, "column": 0 }, "end": { "line": 16, "column": 22 } },
      "17": { "start": { "line": 18, "column": 0 }, "end": { "line": 18, "column": 33 } },
      "18": { "start": { "line": 19, "column": 0 }, "end": { "line": 19, "column": 33 } },
      "19": { "start": { "line": 20, "column": 0 }, "end": { "line": 20, "column": 3 } },
      "21": { "start": { "line": 22, "column": 0 }, "end": { "line": 22, "column": 30 } },
      "22": { "start": { "line": 23, "column": 0 }, "end": { "line": 23, "column": 53 } },
      "23": { "start": { "line": 24, "column": 0 }, "end": { "line": 24, "column": 3 } },
      "25": { "start": { "line": 26, "column": 0 }, "end": { "line": 26, "column": 71 } },
      "26": { "start": { "line": 27, "column": 0 }, "end": { "line": 27, "column": 45 } },
      "27": { "start": { "line": 28, "column": 0 }, "end": { "line": 28, "column": 19 } },
      "28": { "start": { "line": 29, "column": 0 }, "end": { "line": 29, "column": 80 } },
      "29": { "start": { "line": 30, "column": 0 }, "end": { "line": 30, "column": 40 } },
      "30": { "start": { "line": 31, "column": 0 }, "end": { "line": 31, "column": 18 } },
      "31": { "start": { "line": 32, "column": 0 }, "end": { "line": 32, "column": 41 } },
      "32": { "start": { "line": 33, "column": 0 }, "end": { "line": 33, "column": 60 } },
      "33": { "start": { "line": 34, "column": 0 }, "end": { "line": 34, "column": 25 } },
      "34": { "start": { "line": 35, "column": 0 }, "end": { "line": 35, "column": 63 } },
      "35": { "start": { "line": 36, "column": 0 }, "end": { "line": 36, "column": 8 } },
      "36": { "start": { "line": 37, "column": 0 }, "end": { "line": 37, "column": 63 } },
      "37": { "start": { "line": 38, "column": 0 }, "end": { "line": 38, "column": 85 } },
      "38": { "start": { "line": 39, "column": 0 }, "end": { "line": 39, "column": 5 } },
      "39": { "start": { "line": 40, "column": 0 }, "end": { "line": 40, "column": 3 } },
      "41": { "start": { "line": 42, "column": 0 }, "end": { "line": 42, "column": 70 } },
      "42": { "start": { "line": 43, "column": 0 }, "end": { "line": 43, "column": 44 } },
      "44": { "start": { "line": 45, "column": 0 }, "end": { "line": 45, "column": 67 } },
      "45": { "start": { "line": 46, "column": 0 }, "end": { "line": 46, "column": 32 } },
      "46": { "start": { "line": 47, "column": 0 }, "end": { "line": 47, "column": 91 } },
      "47": { "start": { "line": 48, "column": 0 }, "end": { "line": 48, "column": 46 } },
      "48": { "start": { "line": 49, "column": 0 }, "end": { "line": 49, "column": 3 } },
      "50": { "start": { "line": 51, "column": 0 }, "end": { "line": 51, "column": 7 } },
      "51": { "start": { "line": 52, "column": 0 }, "end": { "line": 52, "column": 93 } },
      "53": { "start": { "line": 54, "column": 0 }, "end": { "line": 54, "column": 37 } },
      "54": { "start": { "line": 55, "column": 0 }, "end": { "line": 55, "column": 28 } },
      "55": { "start": { "line": 56, "column": 0 }, "end": { "line": 56, "column": 21 } },
      "56": { "start": { "line": 57, "column": 0 }, "end": { "line": 57, "column": 7 } },
      "58": { "start": { "line": 59, "column": 0 }, "end": { "line": 59, "column": 53 } },
      "59": { "start": { "line": 60, "column": 0 }, "end": { "line": 60, "column": 56 } },
      "61": { "start": { "line": 62, "column": 0 }, "end": { "line": 62, "column": 33 } },
      "62": { "start": { "line": 63, "column": 0 }, "end": { "line": 63, "column": 13 } },
      "63": { "start": { "line": 64, "column": 0 }, "end": { "line": 64, "column": 26 } },
      "64": { "start": { "line": 65, "column": 0 }, "end": { "line": 65, "column": 7 } },
      "65": { "start": { "line": 66, "column": 0 }, "end": { "line": 66, "column": 19 } },
      "66": { "start": { "line": 67, "column": 0 }, "end": { "line": 67, "column": 63 } },
      "67": { "start": { "line": 68, "column": 0 }, "end": { "line": 68, "column": 3 } },
      "68": { "start": { "line": 69, "column": 0 }, "end": { "line": 69, "column": 1 } },
      "70": { "start": { "line": 71, "column": 0 }, "end": { "line": 71, "column": 46 } }
    },
    "s": {
      "0": 0,
      "2": 0,
      "13": 0,
      "14": 0,
      "15": 0,
      "17": 0,
      "18": 0,
      "19": 0,
      "21": 0,
      "22": 0,
      "23": 0,
      "25": 0,
      "26": 0,
      "27": 0,
      "28": 0,
      "29": 0,
      "30": 0,
      "31": 0,
      "32": 0,
      "33": 0,
      "34": 0,
      "35": 0,
      "36": 0,
      "37": 0,
      "38": 0,
      "39": 0,
      "41": 0,
      "42": 0,
      "44": 0,
      "45": 0,
      "46": 0,
      "47": 0,
      "48": 0,
      "50": 0,
      "51": 0,
      "53": 0,
      "54": 0,
      "55": 0,
      "56": 0,
      "58": 0,
      "59": 0,
      "61": 0,
      "62": 0,
      "63": 0,
      "64": 0,
      "65": 0,
      "66": 0,
      "67": 0,
      "68": 0,
      "70": 0
    },
    "branchMap": {
      "0": {
        "type": "branch",
        "line": 1,
        "loc": { "start": { "line": 1, "column": 2129 }, "end": { "line": 71, "column": 46 } },
        "locations": [{ "start": { "line": 1, "column": 2129 }, "end": { "line": 71, "column": 46 } }]
      }
    },
    "b": { "0": [0] },
    "fnMap": {
      "0": {
        "name": "(empty-report)",
        "decl": { "start": { "line": 1, "column": 2129 }, "end": { "line": 71, "column": 46 } },
        "loc": { "start": { "line": 1, "column": 2129 }, "end": { "line": 71, "column": 46 } },
        "line": 1
      }
    },
    "f": { "0": 0 }
  },
  "C:\\webdev\\stupid-simple-screen-share\\api\\diagnostics.js": {
    "path": "C:\\webdev\\stupid-simple-screen-share\\api\\diagnostics.js",
    "all": true,
    "statementMap": {
      "0": { "start": { "line": 1, "column": 0 }, "end": { "line": 1, "column": 64 } },
      "2": { "start": { "line": 3, "column": 0 }, "end": { "line": 3, "column": 3 } },
      "3": { "start": { "line": 4, "column": 0 }, "end": { "line": 4, "column": 50 } },
      "4": { "start": { "line": 5, "column": 0 }, "end": { "line": 5, "column": 46 } },
      "5": { "start": { "line": 6, "column": 0 }, "end": { "line": 6, "column": 60 } },
      "6": { "start": { "line": 7, "column": 0 }, "end": { "line": 7, "column": 3 } },
      "7": { "start": { "line": 8, "column": 0 }, "end": { "line": 8, "column": 49 } },
      "8": { "start": { "line": 9, "column": 0 }, "end": { "line": 9, "column": 27 } },
      "9": { "start": { "line": 10, "column": 0 }, "end": { "line": 10, "column": 52 } },
      "10": { "start": { "line": 11, "column": 0 }, "end": { "line": 11, "column": 56 } },
      "11": { "start": { "line": 12, "column": 0 }, "end": { "line": 12, "column": 5 } },
      "12": { "start": { "line": 13, "column": 0 }, "end": { "line": 13, "column": 17 } },
      "13": { "start": { "line": 14, "column": 0 }, "end": { "line": 14, "column": 52 } },
      "14": { "start": { "line": 15, "column": 0 }, "end": { "line": 15, "column": 63 } },
      "15": { "start": { "line": 16, "column": 0 }, "end": { "line": 16, "column": 64 } },
      "17": { "start": { "line": 18, "column": 0 }, "end": { "line": 18, "column": 33 } },
      "18": { "start": { "line": 19, "column": 0 }, "end": { "line": 19, "column": 26 } },
      "19": { "start": { "line": 20, "column": 0 }, "end": { "line": 20, "column": 11 } },
      "20": { "start": { "line": 21, "column": 0 }, "end": { "line": 21, "column": 3 } },
      "22": { "start": { "line": 23, "column": 0 }, "end": { "line": 23, "column": 29 } },
      "23": { "start": { "line": 24, "column": 0 }, "end": { "line": 24, "column": 65 } },
      "24": { "start": { "line": 25, "column": 0 }, "end": { "line": 25, "column": 3 } },
      "26": { "start": { "line": 27, "column": 0 }, "end": { "line": 27, "column": 31 } },
      "28": { "start": { "line": 29, "column": 0 }, "end": { "line": 29, "column": 7 } },
      "29": { "start": { "line": 30, "column": 0 }, "end": { "line": 30, "column": 28 } },
      "30": { "start": { "line": 31, "column": 0 }, "end": { "line": 31, "column": 58 } },
      "32": { "start": { "line": 33, "column": 0 }, "end": { "line": 33, "column": 25 } },
      "33": { "start": { "line": 34, "column": 0 }, "end": { "line": 34, "column": 28 } },
      "34": { "start": { "line": 35, "column": 0 }, "end": { "line": 35, "column": 15 } },
      "35": { "start": { "line": 36, "column": 0 }, "end": { "line": 36, "column": 25 } },
      "36": { "start": { "line": 37, "column": 0 }, "end": { "line": 37, "column": 55 } },
      "37": { "start": { "line": 38, "column": 0 }, "end": { "line": 38, "column": 59 } },
      "38": { "start": { "line": 39, "column": 0 }, "end": { "line": 39, "column": 8 } },
      "39": { "start": { "line": 40, "column": 0 }, "end": { "line": 40, "column": 6 } },
      "41": { "start": { "line": 42, "column": 0 }, "end": { "line": 42, "column": 58 } },
      "42": { "start": { "line": 43, "column": 0 }, "end": { "line": 43, "column": 17 } },
      "43": { "start": { "line": 44, "column": 0 }, "end": { "line": 44, "column": 63 } },
      "44": { "start": { "line": 45, "column": 0 }, "end": { "line": 45, "column": 34 } },
      "45": { "start": { "line": 46, "column": 0 }, "end": { "line": 46, "column": 5 } },
      "47": { "start": { "line": 48, "column": 0 }, "end": { "line": 48, "column": 33 } },
      "48": { "start": { "line": 49, "column": 0 }, "end": { "line": 49, "column": 19 } },
      "49": { "start": { "line": 50, "column": 0 }, "end": { "line": 50, "column": 47 } },
      "50": { "start": { "line": 51, "column": 0 }, "end": { "line": 51, "column": 33 } },
      "51": { "start": { "line": 52, "column": 0 }, "end": { "line": 52, "column": 34 } },
      "52": { "start": { "line": 53, "column": 0 }, "end": { "line": 53, "column": 29 } },
      "53": { "start": { "line": 54, "column": 0 }, "end": { "line": 54, "column": 7 } },
      "54": { "start": { "line": 55, "column": 0 }, "end": { "line": 55, "column": 3 } },
      "55": { "start": { "line": 56, "column": 0 }, "end": { "line": 56, "column": 1 } },
      "57": { "start": { "line": 58, "column": 0 }, "end": { "line": 58, "column": 43 } },
      "58": { "start": { "line": 59, "column": 0 }, "end": { "line": 59, "column": 7 } },
      "59": { "start": { "line": 60, "column": 0 }, "end": { "line": 60, "column": 38 } },
      "60": { "start": { "line": 61, "column": 0 }, "end": { "line": 61, "column": 46 } },
      "61": { "start": { "line": 62, "column": 0 }, "end": { "line": 62, "column": 16 } },
      "62": { "start": { "line": 63, "column": 0 }, "end": { "line": 63, "column": 15 } },
      "63": { "start": { "line": 64, "column": 0 }, "end": { "line": 64, "column": 54 } },
      "64": { "start": { "line": 65, "column": 0 }, "end": { "line": 65, "column": 17 } },
      "65": { "start": { "line": 66, "column": 0 }, "end": { "line": 66, "column": 3 } },
      "66": { "start": { "line": 67, "column": 0 }, "end": { "line": 67, "column": 1 } },
      "68": { "start": { "line": 69, "column": 0 }, "end": { "line": 69, "column": 50 } },
      "69": { "start": { "line": 70, "column": 0 }, "end": { "line": 70, "column": 7 } },
      "70": { "start": { "line": 71, "column": 0 }, "end": { "line": 71, "column": 56 } },
      "72": { "start": { "line": 73, "column": 0 }, "end": { "line": 73, "column": 16 } },
      "73": { "start": { "line": 74, "column": 0 }, "end": { "line": 74, "column": 14 } },
      "74": { "start": { "line": 75, "column": 0 }, "end": { "line": 75, "column": 22 } },
      "75": { "start": { "line": 76, "column": 0 }, "end": { "line": 76, "column": 28 } },
      "76": { "start": { "line": 77, "column": 0 }, "end": { "line": 77, "column": 8 } },
      "77": { "start": { "line": 78, "column": 0 }, "end": { "line": 78, "column": 5 } },
      "79": { "start": { "line": 80, "column": 0 }, "end": { "line": 80, "column": 66 } },
      "80": { "start": { "line": 81, "column": 0 }, "end": { "line": 81, "column": 40 } },
      "81": { "start": { "line": 82, "column": 0 }, "end": { "line": 82, "column": 41 } },
      "82": { "start": { "line": 83, "column": 0 }, "end": { "line": 83, "column": 47 } },
      "83": { "start": { "line": 84, "column": 0 }, "end": { "line": 84, "column": 49 } },
      "84": { "start": { "line": 85, "column": 0 }, "end": { "line": 85, "column": 7 } },
      "86": { "start": { "line": 87, "column": 0 }, "end": { "line": 87, "column": 68 } },
      "87": { "start": { "line": 88, "column": 0 }, "end": { "line": 88, "column": 29 } },
      "88": { "start": { "line": 89, "column": 0 }, "end": { "line": 89, "column": 40 } },
      "89": { "start": { "line": 90, "column": 0 }, "end": { "line": 90, "column": 39 } },
      "90": { "start": { "line": 91, "column": 0 }, "end": { "line": 91, "column": 89 } },
      "91": { "start": { "line": 92, "column": 0 }, "end": { "line": 92, "column": 24 } },
      "92": { "start": { "line": 93, "column": 0 }, "end": { "line": 93, "column": 39 } },
      "93": { "start": { "line": 94, "column": 0 }, "end": { "line": 94, "column": 9 } },
      "94": { "start": { "line": 95, "column": 0 }, "end": { "line": 95, "column": 7 } },
      "95": { "start": { "line": 96, "column": 0 }, "end": { "line": 96, "column": 5 } },
      "97": { "start": { "line": 98, "column": 0 }, "end": { "line": 98, "column": 12 } },
      "98": { "start": { "line": 99, "column": 0 }, "end": { "line": 99, "column": 19 } },
      "99": { "start": { "line": 100, "column": 0 }, "end": { "line": 100, "column": 23 } },
      "100": { "start": { "line": 101, "column": 0 }, "end": { "line": 101, "column": 24 } },
      "101": { "start": { "line": 102, "column": 0 }, "end": { "line": 102, "column": 26 } },
      "102": { "start": { "line": 103, "column": 0 }, "end": { "line": 103, "column": 40 } },
      "103": { "start": { "line": 104, "column": 0 }, "end": { "line": 104, "column": 48 } },
      "104": { "start": { "line": 105, "column": 0 }, "end": { "line": 105, "column": 86 } },
      "105": { "start": { "line": 106, "column": 0 }, "end": { "line": 106, "column": 6 } },
      "106": { "start": { "line": 107, "column": 0 }, "end": { "line": 107, "column": 15 } },
      "107": { "start": { "line": 108, "column": 0 }, "end": { "line": 108, "column": 12 } },
      "108": { "start": { "line": 109, "column": 0 }, "end": { "line": 109, "column": 20 } },
      "109": { "start": { "line": 110, "column": 0 }, "end": { "line": 110, "column": 22 } },
      "110": { "start": { "line": 111, "column": 0 }, "end": { "line": 111, "column": 23 } },
      "111": { "start": { "line": 112, "column": 0 }, "end": { "line": 112, "column": 6 } },
      "112": { "start": { "line": 113, "column": 0 }, "end": { "line": 113, "column": 3 } },
      "113": { "start": { "line": 114, "column": 0 }, "end": { "line": 114, "column": 1 } }
    },
    "s": {
      "0": 0,
      "2": 0,
      "3": 0,
      "4": 0,
      "5": 0,
      "6": 0,
      "7": 0,
      "8": 0,
      "9": 0,
      "10": 0,
      "11": 0,
      "12": 0,
      "13": 0,
      "14": 0,
      "15": 0,
      "17": 0,
[...]
        "loc": { "start": { "line": 289, "column": 33 }, "end": { "line": 289, "column": 76 } },
        "line": 289
      },
      "29": {
        "name": "getSessionSummary",
        "decl": { "start": { "line": 290, "column": 33 }, "end": { "line": 290, "column": 69 } },
        "loc": { "start": { "line": 290, "column": 33 }, "end": { "line": 290, "column": 69 } },
        "line": 290
      }
    },
    "f": {
      "0": 1,
      "1": 1,
      "2": 1,
      "3": 1,
      "4": 0,
      "5": 0,
      "6": 0,
      "7": 0,
      "8": 0,
      "9": 0,
      "10": 0,
      "11": 0,
      "12": 0,
      "13": 0,
      "14": 0,
      "15": 0,
      "16": 0,
      "17": 0,
      "18": 0,
      "19": 0,
      "20": 0,
      "21": 0,
      "22": 0,
      "23": 0,
      "24": 0,
      "25": 0,
      "26": 0,
      "27": 0,
      "28": 0,
      "29": 0
    }
  },
  "C:\\webdev\\stupid-simple-screen-share\\src\\utils\\monitoring.js": {
    "path": "C:\\webdev\\stupid-simple-screen-share\\src\\utils\\monitoring.js",
    "all": false,
    "statementMap": {
      "5": { "start": { "line": 6, "column": 0 }, "end": { "line": 6, "column": 25 } },
      "6": { "start": { "line": 7, "column": 0 }, "end": { "line": 7, "column": 17 } },
      "7": { "start": { "line": 8, "column": 0 }, "end": { "line": 8, "column": 29 } },
      "8": { "start": { "line": 9, "column": 0 }, "end": { "line": 9, "column": 21 } },
      "9": { "start": { "line": 10, "column": 0 }, "end": { "line": 10, "column": 24 } },
      "10": { "start": { "line": 11, "column": 0 }, "end": { "line": 11, "column": 21 } },
      "11": { "start": { "line": 12, "column": 0 }, "end": { "line": 12, "column": 27 } },
      "12": { "start": { "line": 13, "column": 0 }, "end": { "line": 13, "column": 25 } },
      "13": { "start": { "line": 14, "column": 0 }, "end": { "line": 14, "column": 6 } },
      "14": { "start": { "line": 15, "column": 0 }, "end": { "line": 15, "column": 59 } },
      "15": { "start": { "line": 16, "column": 0 }, "end": { "line": 16, "column": 3 } },
      "23": { "start": { "line": 24, "column": 0 }, "end": { "line": 24, "column": 39 } },
      "24": { "start": { "line": 25, "column": 0 }, "end": { "line": 25, "column": 32 } },
      "26": { "start": { "line": 27, "column": 0 }, "end": { "line": 27, "column": 20 } },
      "27": { "start": { "line": 28, "column": 0 }, "end": { "line": 28, "column": 11 } },
      "28": { "start": { "line": 29, "column": 0 }, "end": { "line": 29, "column": 12 } },
      "29": { "start": { "line": 30, "column": 0 }, "end": { "line": 30, "column": 11 } },
      "30": { "start": { "line": 31, "column": 0 }, "end": { "line": 31, "column": 28 } },
      "31": { "start": { "line": 32, "column": 0 }, "end": { "line": 32, "column": 6 } },
      "33": { "start": { "line": 34, "column": 0 }, "end": { "line": 34, "column": 35 } },
      "34": { "start": { "line": 35, "column": 0 }, "end": { "line": 35, "column": 43 } },
      "35": { "start": { "line": 36, "column": 0 }, "end": { "line": 36, "column": 3 } },
      "42": { "start": { "line": 43, "column": 0 }, "end": { "line": 43, "column": 35 } },
      "43": { "start": { "line": 44, "column": 0 }, "end": { "line": 44, "column": 23 } },
      "44": { "start": { "line": 45, "column": 0 }, "end": { "line": 45, "column": 29 } },
      "45": { "start": { "line": 46, "column": 0 }, "end": { "line": 46, "column": 25 } },
      "46": { "start": { "line": 47, "column": 0 }, "end": { "line": 47, "column": 14 } },
      "47": { "start": { "line": 48, "column": 0 }, "end": { "line": 48, "column": 28 } },
      "48": { "start": { "line": 49, "column": 0 }, "end": { "line": 49, "column": 32 } },
      "49": { "start": { "line": 50, "column": 0 }, "end": { "line": 50, "column": 37 } },
      "50": { "start": { "line": 51, "column": 0 }, "end": { "line": 51, "column": 6 } },
      "52": { "start": { "line": 53, "column": 0 }, "end": { "line": 53, "column": 32 } },
      "53": { "start": { "line": 54, "column": 0 }, "end": { "line": 54, "column": 47 } },
      "56": { "start": { "line": 57, "column": 0 }, "end": { "line": 57, "column": 25 } },
      "57": { "start": { "line": 58, "column": 0 }, "end": { "line": 58, "column": 54 } },
      "58": { "start": { "line": 59, "column": 0 }, "end": { "line": 59, "column": 5 } },
      "59": { "start": { "line": 60, "column": 0 }, "end": { "line": 60, "column": 3 } },
      "66": { "start": { "line": 67, "column": 0 }, "end": { "line": 67, "column": 33 } },
      "67": { "start": { "line": 68, "column": 0 }, "end": { "line": 68, "column": 32 } },
      "69": { "start": { "line": 70, "column": 0 }, "end": { "line": 70, "column": 35 } },
      "70": { "start": { "line": 71, "column": 0 }, "end": { "line": 71, "column": 53 } },
      "71": { "start": { "line": 72, "column": 0 }, "end": { "line": 72, "column": 3 } },
      "77": { "start": { "line": 78, "column": 0 }, "end": { "line": 78, "column": 36 } },
      "78": { "start": { "line": 79, "column": 0 }, "end": { "line": 79, "column": 51 } },
      "80": { "start": { "line": 81, "column": 0 }, "end": { "line": 81, "column": 48 } },
      "81": { "start": { "line": 82, "column": 0 }, "end": { "line": 82, "column": 34 } },
      "82": { "start": { "line": 83, "column": 0 }, "end": { "line": 83, "column": 79 } },
      "83": { "start": { "line": 84, "column": 0 }, "end": { "line": 84, "column": 59 } },
      "84": { "start": { "line": 85, "column": 0 }, "end": { "line": 85, "column": 94 } },
      "85": { "start": { "line": 86, "column": 0 }, "end": { "line": 86, "column": 9 } },
      "86": { "start": { "line": 87, "column": 0 }, "end": { "line": 87, "column": 9 } },
      "87": { "start": { "line": 88, "column": 0 }, "end": { "line": 88, "column": 7 } },
      "88": { "start": { "line": 89, "column": 0 }, "end": { "line": 89, "column": 3 } },
      "95": { "start": { "line": 96, "column": 0 }, "end": { "line": 96, "column": 43 } },
      "96": { "start": { "line": 97, "column": 0 }, "end": { "line": 97, "column": 40 } },
      "97": { "start": { "line": 98, "column": 0 }, "end": { "line": 98, "column": 50 } },
      "100": { "start": { "line": 101, "column": 0 }, "end": { "line": 101, "column": 55 } },
      "101": { "start": { "line": 102, "column": 0 }, "end": { "line": 102, "column": 46 } },
      "102": { "start": { "line": 103, "column": 0 }, "end": { "line": 103, "column": 5 } },
      "104": { "start": { "line": 105, "column": 0 }, "end": { "line": 105, "column": 54 } },
      "105": { "start": { "line": 106, "column": 0 }, "end": { "line": 106, "column": 3 } },
      "111": { "start": { "line": 112, "column": 0 }, "end": { "line": 112, "column": 27 } },
      "112": { "start": { "line": 113, "column": 0 }, "end": { "line": 113, "column": 59 } },
      "113": { "start": { "line": 114, "column": 0 }, "end": { "line": 114, "column": 22 } },
      "114": { "start": { "line": 115, "column": 0 }, "end": { "line": 115, "column": 104 } },
      "116": { "start": { "line": 117, "column": 0 }, "end": { "line": 117, "column": 12 } },
      "117": { "start": { "line": 118, "column": 0 }, "end": { "line": 118, "column": 42 } },
      "118": { "start": { "line": 119, "column": 0 }, "end": { "line": 119, "column": 54 } },
      "119": { "start": { "line": 120, "column": 0 }, "end": { "line": 120, "column": 40 } },
      "120": { "start": { "line": 121, "column": 0 }, "end": { "line": 121, "column": 42 } },
      "121": { "start": { "line": 122, "column": 0 }, "end": { "line": 122, "column": 37 } },
      "122": { "start": { "line": 123, "column": 0 }, "end": { "line": 123, "column": 6 } },
      "123": { "start": { "line": 124, "column": 0 }, "end": { "line": 124, "column": 3 } },
      "129": { "start": { "line": 130, "column": 0 }, "end": { "line": 130, "column": 19 } },
      "130": { "start": { "line": 131, "column": 0 }, "end": { "line": 131, "column": 45 } },
      "131": { "start": { "line": 132, "column": 0 }, "end": { "line": 132, "column": 3 } },
      "137": { "start": { "line": 138, "column": 0 }, "end": { "line": 138, "column": 18 } },
      "138": { "start": { "line": 139, "column": 0 }, "end": { "line": 139, "column": 23 } },
      "139": { "start": { "line": 140, "column": 0 }, "end": { "line": 140, "column": 3 } },
      "144": { "start": { "line": 145, "column": 0 }, "end": { "line": 145, "column": 11 } },
      "145": { "start": { "line": 146, "column": 0 }, "end": { "line": 146, "column": 25 } },
      "146": { "start": { "line": 147, "column": 0 }, "end": { "line": 147, "column": 21 } },
      "147": { "start": { "line": 148, "column": 0 }, "end": { "line": 148, "column": 24 } },
      "148": { "start": { "line": 149, "column": 0 }, "end": { "line": 149, "column": 21 } },
      "149": { "start": { "line": 150, "column": 0 }, "end": { "line": 150, "column": 27 } },
      "150": { "start": { "line": 151, "column": 0 }, "end": { "line": 151, "column": 25 } },
      "151": { "start": { "line": 152, "column": 0 }, "end": { "line": 152, "column": 6 } },
      "152": { "start": { "line": 153, "column": 0 }, "end": { "line": 153, "column": 3 } },
      "158": { "start": { "line": 159, "column": 0 }, "end": { "line": 159, "column": 40 } },
      "165": { "start": { "line": 166, "column": 0 }, "end": { "line": 166, "column": 59 } },
      "166": { "start": { "line": 167, "column": 0 }, "end": { "line": 167, "column": 3 } },
      "172": { "start": { "line": 173, "column": 0 }, "end": { "line": 173, "column": 40 } },
      "178": { "start": { "line": 179, "column": 0 }, "end": { "line": 179, "column": 59 } },
      "179": { "start": { "line": 180, "column": 0 }, "end": { "line": 180, "column": 3 } },
      "180": { "start": { "line": 181, "column": 0 }, "end": { "line": 181, "column": 1 } },
      "183": { "start": { "line": 184, "column": 0 }, "end": { "line": 184, "column": 43 } },
      "186": { "start": { "line": 187, "column": 0 }, "end": { "line": 187, "column": 36 } },
      "187": { "start": { "line": 188, "column": 0 }, "end": { "line": 188, "column": 41 } },
      "188": { "start": { "line": 189, "column": 0 }, "end": { "line": 189, "column": 39 } },
      "189": { "start": { "line": 190, "column": 0 }, "end": { "line": 190, "column": 54 } },
      "190": { "start": { "line": 191, "column": 0 }, "end": { "line": 191, "column": 5 } },
      "193": { "start": { "line": 194, "column": 0 }, "end": { "line": 194, "column": 49 } },
      "194": { "start": { "line": 195, "column": 0 }, "end": { "line": 195, "column": 47 } },
      "195": { "start": { "line": 196, "column": 0 }, "end": { "line": 196, "column": 45 } },
      "198": { "start": { "line": 199, "column": 0 }, "end": { "line": 199, "column": 52 } },
      "199": { "start": { "line": 200, "column": 0 }, "end": { "line": 200, "column": 28 } },
      "200": { "start": { "line": 201, "column": 0 }, "end": { "line": 201, "column": 51 } },
      "201": { "start": { "line": 202, "column": 0 }, "end": { "line": 202, "column": 5 } },
      "202": { "start": { "line": 203, "column": 0 }, "end": { "line": 203, "column": 5 } },
      "203": { "start": { "line": 204, "column": 0 }, "end": { "line": 204, "column": 1 } },
      "205": { "start": { "line": 206, "column": 0 }, "end": { "line": 206, "column": 26 } },
      "208": { "start": { "line": 209, "column": 0 }, "end": { "line": 209, "column": 92 } },
      "209": { "start": { "line": 210, "column": 0 }, "end": { "line": 210, "column": 84 } },
      "210": { "start": { "line": 211, "column": 0 }, "end": { "line": 211, "column": 90 } },
      "211": { "start": { "line": 212, "column": 0 }, "end": { "line": 212, "column": 96 } },
      "212": { "start": { "line": 213, "column": 0 }, "end": { "line": 213, "column": 110 } },
      "213": { "start": { "line": 214, "column": 0 }, "end": { "line": 214, "column": 78 } },
      "214": { "start": { "line": 215, "column": 0 }, "end": { "line": 215, "column": 62 } },
      "215": { "start": { "line": 216, "column": 0 }, "end": { "line": 216, "column": 60 } }
    },
    "s": {
      "5": 1,
      "6": 1,
      "7": 1,
      "8": 1,
      "9": 1,
      "10": 1,
      "11": 1,
      "12": 1,
      "13": 1,
      "14": 1,
      "15": 1,
      "23": 1,
      "24": 0,
      "26": 0,
      "27": 0,
      "28": 0,
      "29": 0,
      "30": 0,
      "31": 0,
      "33": 0,
      "34": 0,
      "35": 0,
      "42": 1,
      "43": 0,
      "44": 0,
      "45": 0,
      "46": 0,
      "47": 0,
      "48": 0,
      "49": 0,
      "50": 0,
      "52": 0,
      "53": 0,
      "56": 0,
      "57": 0,
      "58": 0,
      "59": 0,
      "66": 1,
      "67": 0,
      "69": 0,
      "70": 0,
      "71": 0,
      "77": 1,
      "78": 0,
      "80": 0,
      "81": 0,
      "82": 0,
      "83": 0,
      "84": 0,
      "85": 0,
      "86": 0,
      "87": 0,
      "88": 0,
      "95": 1,
      "96": 0,
      "97": 0,
      "100": 0,
      "101": 0,
      "102": 0,
      "104": 0,
      "105": 0,
      "111": 1,
      "112": 0,
      "113": 0,
      "114": 0,
      "116": 0,
      "117": 0,
      "118": 0,
      "119": 0,
      "120": 0,
      "121": 0,
      "122": 0,
      "123": 0,
      "129": 1,
      "130": 0,
      "131": 0,
      "137": 1,
      "138": 0,
      "139": 0,
      "144": 1,
      "145": 0,
      "146": 0,
      "147": 0,
      "148": 0,
      "149": 0,
      "150": 0,
      "151": 0,
      "152": 0,
      "158": 1,
      "165": 0,
      "166": 0,
      "172": 1,
      "178": 0,
      "179": 0,
      "180": 1,
      "183": 1,
      "186": 1,
      "187": 1,
      "188": 0,
      "189": 0,
      "190": 1,
      "193": 1,
      "194": 0,
      "195": 0,
      "198": 0,
      "199": 0,
      "200": 0,
      "201": 0,
      "202": 1,
      "203": 1,
      "205": 1,
      "208": 1,
      "209": 1,
      "210": 1,
      "211": 1,
      "212": 1,
      "213": 1,
      "214": 1,
      "215": 1
    },
    "branchMap": {
      "0": {
        "type": "branch",
        "line": 7,
        "loc": { "start": { "line": 7, "column": 2 }, "end": { "line": 16, "column": 3 } },
        "locations": [{ "start": { "line": 7, "column": 2 }, "end": { "line": 16, "column": 3 } }]
      }
    },
    "b": { "0": [1] },
    "fnMap": {
      "0": {
        "name": "MonitoringService",
        "decl": { "start": { "line": 7, "column": 2 }, "end": { "line": 16, "column": 3 } },
        "loc": { "start": { "line": 7, "column": 2 }, "end": { "line": 16, "column": 3 } },
        "line": 7
      },
      "1": {
        "name": "trackMetric",
        "decl": { "start": { "line": 24, "column": 2 }, "end": { "line": 36, "column": 3 } },
        "loc": { "start": { "line": 24, "column": 2 }, "end": { "line": 36, "column": 3 } },
        "line": 24
      },
      "2": {
        "name": "trackError",
        "decl": { "start": { "line": 43, "column": 2 }, "end": { "line": 60, "column": 3 } },
        "loc": { "start": { "line": 43, "column": 2 }, "end": { "line": 60, "column": 3 } },
        "line": 43
      },
      "3": {
        "name": "trackPerformance",
        "decl": { "start": { "line": 67, "column": 2 }, "end": { "line": 72, "column": 3 } },
        "loc": { "start": { "line": 67, "column": 2 }, "end": { "line": 72, "column": 3 } },
        "line": 67
      },
      "4": {
        "name": "trackWebRTCStats",
        "decl": { "start": { "line": 78, "column": 2 }, "end": { "line": 89, "column": 3 } },
        "loc": { "start": { "line": 78, "column": 2 }, "end": { "line": 89, "column": 3 } },
        "line": 78
      },
      "5": {
        "name": "trackMessageLatency",
        "decl": { "start": { "line": 96, "column": 2 }, "end": { "line": 106, "column": 3 } },
        "loc": { "start": { "line": 96, "column": 2 }, "end": { "line": 106, "column": 3 } },
        "line": 96
      },
      "6": {
        "name": "getPerformanceSummary",
        "decl": { "start": { "line": 112, "column": 2 }, "end": { "line": 124, "column": 3 } },
        "loc": { "start": { "line": 112, "column": 2 }, "end": { "line": 124, "column": 3 } },
        "line": 112
      },
      "7": {
        "name": "getAllMetrics",
        "decl": { "start": { "line": 130, "column": 2 }, "end": { "line": 132, "column": 3 } },
        "loc": { "start": { "line": 130, "column": 2 }, "end": { "line": 132, "column": 3 } },
        "line": 130
      },
      "8": {
        "name": "getAllErrors",
        "decl": { "start": { "line": 138, "column": 2 }, "end": { "line": 140, "column": 3 } },
        "loc": { "start": { "line": 138, "column": 2 }, "end": { "line": 140, "column": 3 } },
        "line": 138
      },
      "9": {
        "name": "clear",
        "decl": { "start": { "line": 145, "column": 2 }, "end": { "line": 153, "column": 3 } },
        "loc": { "start": { "line": 145, "column": 2 }, "end": { "line": 153, "column": 3 } },
        "line": 145
      },
      "10": {
        "name": "sendErrorToService",
        "decl": { "start": { "line": 159, "column": 9 }, "end": { "line": 167, "column": 3 } },
        "loc": { "start": { "line": 159, "column": 9 }, "end": { "line": 167, "column": 3 } },
        "line": 159
      },
      "11": {
        "name": "sendMetricsToService",
        "decl": { "start": { "line": 173, "column": 9 }, "end": { "line": 180, "column": 3 } },
        "loc": { "start": { "line": 173, "column": 9 }, "end": { "line": 180, "column": 3 } },
        "line": 173
      },
      "12": {
        "name": "trackMetric",
        "decl": { "start": { "line": 209, "column": 27 }, "end": { "line": 209, "column": 92 } },
        "loc": { "start": { "line": 209, "column": 27 }, "end": { "line": 209, "column": 92 } },
        "line": 209
      },
      "13": {
        "name": "trackError",
        "decl": { "start": { "line": 210, "column": 26 }, "end": { "line": 210, "column": 84 } },
        "loc": { "start": { "line": 210, "column": 26 }, "end": { "line": 210, "column": 84 } },
        "line": 210
      },
      "14": {
        "name": "trackPerformance",
        "decl": { "start": { "line": 211, "column": 32 }, "end": { "line": 211, "column": 90 } },
        "loc": { "start": { "line": 211, "column": 32 }, "end": { "line": 211, "column": 90 } },
        "line": 211
      },
      "15": {
        "name": "trackWebRTCStats",
        "decl": { "start": { "line": 212, "column": 32 }, "end": { "line": 212, "column": 96 } },
        "loc": { "start": { "line": 212, "column": 32 }, "end": { "line": 212, "column": 96 } },
        "line": 212
      },
      "16": {
        "name": "trackMessageLatency",
        "decl": { "start": { "line": 213, "column": 35 }, "end": { "line": 213, "column": 110 } },
        "loc": { "start": { "line": 213, "column": 35 }, "end": { "line": 213, "column": 110 } },
        "line": 213
      },
      "17": {
        "name": "getPerformanceSummary",
        "decl": { "start": { "line": 214, "column": 37 }, "end": { "line": 214, "column": 78 } },
        "loc": { "start": { "line": 214, "column": 37 }, "end": { "line": 214, "column": 78 } },
        "line": 214
      },
      "18": {
        "name": "getAllMetrics",
        "decl": { "start": { "line": 215, "column": 29 }, "end": { "line": 215, "column": 62 } },
        "loc": { "start": { "line": 215, "column": 29 }, "end": { "line": 215, "column": 62 } },
        "line": 215
      },
      "19": {
        "name": "getAllErrors",
        "decl": { "start": { "line": 216, "column": 28 }, "end": { "line": 216, "column": 60 } },
        "loc": { "start": { "line": 216, "column": 28 }, "end": { "line": 216, "column": 60 } },
        "line": 216
      }
    },
    "f": {
      "0": 1,
      "1": 0,
      "2": 0,
      "3": 0,
      "4": 0,
      "5": 0,
      "6": 0,
      "7": 0,
      "8": 0,
      "9": 0,
      "10": 0,
      "11": 0,
      "12": 0,
      "13": 0,
      "14": 0,
      "15": 0,
      "16": 0,
      "17": 0,
      "18": 0,
      "19": 0
    }
  }
}
