{
  "C:\\webdev\\stupid-simple-screen-share\\postcss.config.js": {
    "path": "C:\\webdev\\stupid-simple-screen-share\\postcss.config.js",
    "all": true,
    "statementMap": {
      "0": { "start": { "line": 1, "column": 0 }, "end": { "line": 1, "column": 16 } },
      "1": { "start": { "line": 2, "column": 0 }, "end": { "line": 2, "column": 12 } },
      "2": { "start": { "line": 3, "column": 0 }, "end": { "line": 3, "column": 31 } },
      "3": { "start": { "line": 4, "column": 0 }, "end": { "line": 4, "column": 21 } },
      "4": { "start": { "line": 5, "column": 0 }, "end": { "line": 5, "column": 4 } },
      "5": { "start": { "line": 6, "column": 0 }, "end": { "line": 6, "column": 2 } }
    },
    "s": { "0": 0, "1": 0, "2": 0, "3": 0, "4": 0, "5": 0 },
    "branchMap": {
      "0": {
        "type": "branch",
        "line": 1,
        "loc": { "start": { "line": 1, "column": 91 }, "end": { "line": 6, "column": 2 } },
        "locations": [{ "start": { "line": 1, "column": 91 }, "end": { "line": 6, "column": 2 } }]
      }
    },
    "b": { "0": [0] },
    "fnMap": {
      "0": {
        "name": "(empty-report)",
        "decl": { "start": { "line": 1, "column": 91 }, "end": { "line": 6, "column": 2 } },
        "loc": { "start": { "line": 1, "column": 91 }, "end": { "line": 6, "column": 2 } },
        "line": 1
      }
    },
    "f": { "0": 0 }
  },
  "C:\\webdev\\stupid-simple-screen-share\\tailwind.config.js": {
    "path": "C:\\webdev\\stupid-simple-screen-share\\tailwind.config.js",
    "all": true,
    "statementMap": {
      "0": { "start": { "line": 1, "column": 0 }, "end": { "line": 1, "column": 43 } },
      "1": { "start": { "line": 2, "column": 0 }, "end": { "line": 2, "column": 16 } },
      "2": { "start": { "line": 3, "column": 0 }, "end": { "line": 3, "column": 58 } },
      "3": { "start": { "line": 4, "column": 0 }, "end": { "line": 4, "column": 10 } },
      "4": { "start": { "line": 5, "column": 0 }, "end": { "line": 5, "column": 13 } },
      "5": { "start": { "line": 6, "column": 0 }, "end": { "line": 6, "column": 24 } },
      "6": { "start": { "line": 7, "column": 0 }, "end": { "line": 7, "column": 71 } },
      "7": { "start": { "line": 8, "column": 0 }, "end": { "line": 8, "column": 8 } },
      "8": { "start": { "line": 9, "column": 0 }, "end": { "line": 9, "column": 6 } },
      "9": { "start": { "line": 10, "column": 0 }, "end": { "line": 10, "column": 4 } },
      "10": { "start": { "line": 11, "column": 0 }, "end": { "line": 11, "column": 14 } },
      "11": { "start": { "line": 12, "column": 0 }, "end": { "line": 12, "column": 2 } }
    },
    "s": { "0": 0, "1": 0, "2": 0, "3": 0, "4": 0, "5": 0, "6": 0, "7": 0, "8": 0, "9": 0, "10": 0, "11": 0 },
    "branchMap": {
      "0": {
        "type": "branch",
        "line": 1,
        "loc": { "start": { "line": 1, "column": 280 }, "end": { "line": 12, "column": 2 } },
        "locations": [{ "start": { "line": 1, "column": 280 }, "end": { "line": 12, "column": 2 } }]
      }
    },
    "b": { "0": [0] },
    "fnMap": {
      "0": {
        "name": "(empty-report)",
        "decl": { "start": { "line": 1, "column": 280 }, "end": { "line": 12, "column": 2 } },
        "loc": { "start": { "line": 1, "column": 280 }, "end": { "line": 12, "column": 2 } },
        "line": 1
      }
    },
    "f": { "0": 0 }
  },
  "C:\\webdev\\stupid-simple-screen-share\\api\\_utils.js": {
    "path": "C:\\webdev\\stupid-simple-screen-share\\api\\_utils.js",
    "all": false,
    "statementMap": {
      "0": { "start": { "line": 1, "column": 0 }, "end": { "line": 1, "column": 47 } },
      "1": { "start": { "line": 2, "column": 0 }, "end": { "line": 2, "column": 39 } },
      "3": { "start": { "line": 4, "column": 0 }, "end": { "line": 4, "column": 46 } },
      "4": { "start": { "line": 5, "column": 0 }, "end": { "line": 5, "column": 37 } },
      "5": { "start": { "line": 6, "column": 0 }, "end": { "line": 6, "column": 57 } },
      "6": { "start": { "line": 7, "column": 0 }, "end": { "line": 7, "column": 61 } },
      "8": { "start": { "line": 9, "column": 0 }, "end": { "line": 9, "column": 23 } },
      "9": { "start": { "line": 10, "column": 0 }, "end": { "line": 10, "column": 115 } },
      "10": { "start": { "line": 11, "column": 0 }, "end": { "line": 11, "column": 3 } },
      "12": { "start": { "line": 13, "column": 0 }, "end": { "line": 13, "column": 35 } },
      "13": { "start": { "line": 14, "column": 0 }, "end": { "line": 14, "column": 1 } },
      "15": { "start": { "line": 16, "column": 0 }, "end": { "line": 16, "column": 55 } },
      "16": { "start": { "line": 17, "column": 0 }, "end": { "line": 17, "column": 34 } },
      "17": { "start": { "line": 18, "column": 0 }, "end": { "line": 18, "column": 26 } },
      "18": { "start": { "line": 19, "column": 0 }, "end": { "line": 19, "column": 25 } },
      "20": { "start": { "line": 21, "column": 0 }, "end": { "line": 21, "column": 82 } },
      "21": { "start": { "line": 22, "column": 0 }, "end": { "line": 22, "column": 44 } },
      "22": { "start": { "line": 23, "column": 0 }, "end": { "line": 23, "column": 32 } },
      "23": { "start": { "line": 24, "column": 0 }, "end": { "line": 24, "column": 38 } },
      "24": { "start": { "line": 25, "column": 0 }, "end": { "line": 25, "column": 44 } },
      "25": { "start": { "line": 26, "column": 0 }, "end": { "line": 26, "column": 12 } },
      "26": { "start": { "line": 27, "column": 0 }, "end": { "line": 27, "column": 50 } },
      "27": { "start": { "line": 28, "column": 0 }, "end": { "line": 28, "column": 22 } },
      "28": { "start": { "line": 29, "column": 0 }, "end": { "line": 29, "column": 49 } },
      "29": { "start": { "line": 30, "column": 0 }, "end": { "line": 30, "column": 7 } },
      "30": { "start": { "line": 31, "column": 0 }, "end": { "line": 31, "column": 3 } },
      "31": { "start": { "line": 32, "column": 0 }, "end": { "line": 32, "column": 32 } },
      "32": { "start": { "line": 33, "column": 0 }, "end": { "line": 33, "column": 1 } },
      "34": { "start": { "line": 35, "column": 0 }, "end": { "line": 35, "column": 63 } },
      "35": { "start": { "line": 36, "column": 0 }, "end": { "line": 36, "column": 36 } },
      "36": { "start": { "line": 37, "column": 0 }, "end": { "line": 37, "column": 24 } },
      "37": { "start": { "line": 38, "column": 0 }, "end": { "line": 38, "column": 38 } },
      "38": { "start": { "line": 39, "column": 0 }, "end": { "line": 39, "column": 36 } },
      "39": { "start": { "line": 40, "column": 0 }, "end": { "line": 40, "column": 12 } },
      "40": { "start": { "line": 41, "column": 0 }, "end": { "line": 41, "column": 50 } },
      "41": { "start": { "line": 42, "column": 0 }, "end": { "line": 42, "column": 22 } },
      "42": { "start": { "line": 43, "column": 0 }, "end": { "line": 43, "column": 40 } },
      "43": { "start": { "line": 44, "column": 0 }, "end": { "line": 44, "column": 7 } },
      "44": { "start": { "line": 45, "column": 0 }, "end": { "line": 45, "column": 3 } },
      "45": { "start": { "line": 46, "column": 0 }, "end": { "line": 46, "column": 24 } },
      "46": { "start": { "line": 47, "column": 0 }, "end": { "line": 47, "column": 1 } },
      "48": { "start": { "line": 49, "column": 0 }, "end": { "line": 49, "column": 82 } },
      "49": { "start": { "line": 50, "column": 0 }, "end": { "line": 50, "column": 35 } },
      "50": { "start": { "line": 51, "column": 0 }, "end": { "line": 51, "column": 23 } },
      "51": { "start": { "line": 52, "column": 0 }, "end": { "line": 52, "column": 38 } },
      "52": { "start": { "line": 53, "column": 0 }, "end": { "line": 53, "column": 35 } },
      "53": { "start": { "line": 54, "column": 0 }, "end": { "line": 54, "column": 12 } },
      "54": { "start": { "line": 55, "column": 0 }, "end": { "line": 55, "column": 52 } },
      "55": { "start": { "line": 56, "column": 0 }, "end": { "line": 56, "column": 22 } },
      "56": { "start": { "line": 57, "column": 0 }, "end": { "line": 57, "column": 39 } },
      "57": { "start": { "line": 58, "column": 0 }, "end": { "line": 58, "column": 7 } },
      "58": { "start": { "line": 59, "column": 0 }, "end": { "line": 59, "column": 3 } },
      "59": { "start": { "line": 60, "column": 0 }, "end": { "line": 60, "column": 23 } },
      "60": { "start": { "line": 61, "column": 0 }, "end": { "line": 61, "column": 1 } },
      "62": { "start": { "line": 63, "column": 0 }, "end": { "line": 63, "column": 22 } },
      "63": { "start": { "line": 64, "column": 0 }, "end": { "line": 64, "column": 37 } },
      "64": { "start": { "line": 65, "column": 0 }, "end": { "line": 65, "column": 52 } },
      "65": { "start": { "line": 66, "column": 0 }, "end": { "line": 66, "column": 68 } },
      "66": { "start": { "line": 67, "column": 0 }, "end": { "line": 67, "column": 64 } },
      "67": { "start": { "line": 68, "column": 0 }, "end": { "line": 68, "column": 1 } },
      "69": { "start": { "line": 70, "column": 0 }, "end": { "line": 70, "column": 27 } },
      "70": { "start": { "line": 71, "column": 0 }, "end": { "line": 71, "column": 40 } },
      "71": { "start": { "line": 72, "column": 0 }, "end": { "line": 72, "column": 46 } },
      "72": { "start": { "line": 73, "column": 0 }, "end": { "line": 73, "column": 64 } },
      "73": { "start": { "line": 74, "column": 0 }, "end": { "line": 74, "column": 3 } },
      "75": { "start": { "line": 76, "column": 0 }, "end": { "line": 76, "column": 64 } },
      "76": { "start": { "line": 77, "column": 0 }, "end": { "line": 77, "column": 40 } },
      "77": { "start": { "line": 78, "column": 0 }, "end": { "line": 78, "column": 60 } },
      "78": { "start": { "line": 79, "column": 0 }, "end": { "line": 79, "column": 3 } },
      "80": { "start": { "line": 81, "column": 0 }, "end": { "line": 81, "column": 25 } },
      "81": { "start": { "line": 82, "column": 0 }, "end": { "line": 82, "column": 1 } },
      "83": { "start": { "line": 84, "column": 0 }, "end": { "line": 84, "column": 36 } },
      "84": { "start": { "line": 85, "column": 0 }, "end": { "line": 85, "column": 42 } },
      "85": { "start": { "line": 86, "column": 0 }, "end": { "line": 86, "column": 62 } },
      "86": { "start": { "line": 87, "column": 0 }, "end": { "line": 87, "column": 3 } },
      "88": { "start": { "line": 89, "column": 0 }, "end": { "line": 89, "column": 43 } },
      "89": { "start": { "line": 90, "column": 0 }, "end": { "line": 90, "column": 77 } },
      "90": { "start": { "line": 91, "column": 0 }, "end": { "line": 91, "column": 3 } },
      "92": { "start": { "line": 93, "column": 0 }, "end": { "line": 93, "column": 25 } },
      "93": { "start": { "line": 94, "column": 0 }, "end": { "line": 94, "column": 1 } },
      "95": { "start": { "line": 96, "column": 0 }, "end": { "line": 96, "column": 44 } },
      "96": { "start": { "line": 97, "column": 0 }, "end": { "line": 97, "column": 50 } },
      "97": { "start": { "line": 98, "column": 0 }, "end": { "line": 98, "column": 66 } },
      "98": { "start": { "line": 99, "column": 0 }, "end": { "line": 99, "column": 3 } },
      "100": { "start": { "line": 101, "column": 0 }, "end": { "line": 101, "column": 43 } },
      "101": { "start": { "line": 102, "column": 0 }, "end": { "line": 102, "column": 52 } },
      "102": { "start": { "line": 103, "column": 0 }, "end": { "line": 103, "column": 83 } },
      "103": { "start": { "line": 104, "column": 0 }, "end": { "line": 104, "column": 3 } },
      "105": { "start": { "line": 106, "column": 0 }, "end": { "line": 106, "column": 38 } },
      "106": { "start": { "line": 107, "column": 0 }, "end": { "line": 107, "column": 42 } },
      "107": { "start": { "line": 108, "column": 0 }, "end": { "line": 108, "column": 85 } },
      "108": { "start": { "line": 109, "column": 0 }, "end": { "line": 109, "column": 3 } },
      "110": { "start": { "line": 111, "column": 0 }, "end": { "line": 111, "column": 25 } },
      "111": { "start": { "line": 112, "column": 0 }, "end": { "line": 112, "column": 1 } },
      "113": { "start": { "line": 114, "column": 0 }, "end": { "line": 114, "column": 42 } },
      "114": { "start": { "line": 115, "column": 0 }, "end": { "line": 115, "column": 48 } },
      "115": { "start": { "line": 116, "column": 0 }, "end": { "line": 116, "column": 65 } },
      "116": { "start": { "line": 117, "column": 0 }, "end": { "line": 117, "column": 3 } },
      "118": { "start": { "line": 119, "column": 0 }, "end": { "line": 119, "column": 29 } },
      "119": { "start": { "line": 120, "column": 0 }, "end": { "line": 120, "column": 76 } },
      "120": { "start": { "line": 121, "column": 0 }, "end": { "line": 121, "column": 3 } },
      "122": { "start": { "line": 123, "column": 0 }, "end": { "line": 123, "column": 36 } },
      "123": { "start": { "line": 124, "column": 0 }, "end": { "line": 124, "column": 62 } },
      "124": { "start": { "line": 125, "column": 0 }, "end": { "line": 125, "column": 3 } },
      "126": { "start": { "line": 127, "column": 0 }, "end": { "line": 127, "column": 25 } },
      "127": { "start": { "line": 128, "column": 0 }, "end": { "line": 128, "column": 1 } },
      "129": { "start": { "line": 130, "column": 0 }, "end": { "line": 130, "column": 40 } },
      "130": { "start": { "line": 131, "column": 0 }, "end": { "line": 131, "column": 46 } },
      "131": { "start": { "line": 132, "column": 0 }, "end": { "line": 132, "column": 64 } },
      "132": { "start": { "line": 133, "column": 0 }, "end": { "line": 133, "column": 3 } },
      "134": { "start": { "line": 135, "column": 0 }, "end": { "line": 135, "column": 27 } },
      "135": { "start": { "line": 136, "column": 0 }, "end": { "line": 136, "column": 79 } },
      "136": { "start": { "line": 137, "column": 0 }, "end": { "line": 137, "column": 3 } },
      "138": { "start": { "line": 139, "column": 0 }, "end": { "line": 139, "column": 35 } },
      "139": { "start": { "line": 140, "column": 0 }, "end": { "line": 140, "column": 66 } },
      "140": { "start": { "line": 141, "column": 0 }, "end": { "line": 141, "column": 3 } },
      "142": { "start": { "line": 143, "column": 0 }, "end": { "line": 143, "column": 25 } },
      "143": { "start": { "line": 144, "column": 0 }, "end": { "line": 144, "column": 1 } },
      "145": { "start": { "line": 146, "column": 0 }, "end": { "line": 146, "column": 31 } },
      "146": { "start": { "line": 147, "column": 0 }, "end": { "line": 147, "column": 45 } },
      "147": { "start": { "line": 148, "column": 0 }, "end": { "line": 148, "column": 42 } },
      "148": { "start": { "line": 149, "column": 0 }, "end": { "line": 149, "column": 68 } },
      "149": { "start": { "line": 150, "column": 0 }, "end": { "line": 150, "column": 3 } },
      "151": { "start": { "line": 152, "column": 0 }, "end": { "line": 152, "column": 63 } },
      "152": { "start": { "line": 153, "column": 0 }, "end": { "line": 153, "column": 92 } },
      "153": { "start": { "line": 154, "column": 0 }, "end": { "line": 154, "column": 3 } },
      "155": { "start": { "line": 156, "column": 0 }, "end": { "line": 156, "column": 50 } },
      "156": { "start": { "line": 157, "column": 0 }, "end": { "line": 157, "column": 61 } },
      "157": { "start": { "line": 158, "column": 0 }, "end": { "line": 158, "column": 3 } },
      "159": { "start": { "line": 160, "column": 0 }, "end": { "line": 160, "column": 27 } },
      "160": { "start": { "line": 161, "column": 0 }, "end": { "line": 161, "column": 33 } },
      "161": { "start": { "line": 162, "column": 0 }, "end": { "line": 162, "column": 52 } },
      "162": { "start": { "line": 163, "column": 0 }, "end": { "line": 163, "column": 3 } },
      "164": { "start": { "line": 165, "column": 0 }, "end": { "line": 165, "column": 25 } },
      "165": { "start": { "line": 166, "column": 0 }, "end": { "line": 166, "column": 1 } },
      "167": { "start": { "line": 168, "column": 0 }, "end": { "line": 168, "column": 27 } },
      "168": { "start": { "line": 169, "column": 0 }, "end": { "line": 169, "column": 49 } },
      "169": { "start": { "line": 170, "column": 0 }, "end": { "line": 170, "column": 52 } },
      "170": { "start": { "line": 171, "column": 0 }, "end": { "line": 171, "column": 67 } },
      "171": { "start": { "line": 172, "column": 0 }, "end": { "line": 172, "column": 3 } },
      "173": { "start": { "line": 174, "column": 0 }, "end": { "line": 174, "column": 49 } },
      "174": { "start": { "line": 175, "column": 0 }, "end": { "line": 175, "column": 72 } },
      "175": { "start": { "line": 176, "column": 0 }, "end": { "line": 176, "column": 63 } },
      "176": { "start": { "line": 177, "column": 0 }, "end": { "line": 177, "column": 3 } },
      "178": { "start": { "line": 179, "column": 0 }, "end": { "line": 179, "column": 41 } },
      "179": { "start": { "line": 180, "column": 0 }, "end": { "line": 180, "column": 48 } },
      "180": { "start": { "line": 181, "column": 0 }, "end": { "line": 181, "column": 63 } },
      "181": { "start": { "line": 182, "column": 0 }, "end": { "line": 182, "column": 3 } },
      "183": { "start": { "line": 184, "column": 0 }, "end": { "line": 184, "column": 25 } },
      "184": { "start": { "line": 185, "column": 0 }, "end": { "line": 185, "column": 1 } },
      "186": { "start": { "line": 187, "column": 0 }, "end": { "line": 187, "column": 44 } },
      "187": { "start": { "line": 188, "column": 0 }, "end": { "line": 188, "column": 63 } },
      "188": { "start": { "line": 189, "column": 0 }, "end": { "line": 189, "column": 14 } },
      "189": { "start": { "line": 190, "column": 0 }, "end": { "line": 190, "column": 62 } },
      "190": { "start": { "line": 191, "column": 0 }, "end": { "line": 191, "column": 3 } },
      "192": { "start": { "line": 193, "column": 0 }, "end": { "line": 193, "column": 34 } },
      "193": { "start": { "line": 194, "column": 0 }, "end": { "line": 194, "column": 19 } },
      "194": { "start": { "line": 195, "column": 0 }, "end": { "line": 195, "column": 40 } },
      "195": { "start": { "line": 196, "column": 0 }, "end": { "line": 196, "column": 5 } },
      "196": { "start": { "line": 197, "column": 0 }, "end": { "line": 197, "column": 1 } },
      "198": { "start": { "line": 199, "column": 0 }, "end": { "line": 199, "column": 20 } },
      "199": { "start": { "line": 200, "column": 0 }, "end": { "line": 200, "column": 66 } },
      "200": { "start": { "line": 201, "column": 0 }, "end": { "line": 201, "column": 81 } },
      "202": { "start": { "line": 203, "column": 0 }, "end": { "line": 203, "column": 27 } },
      "203": { "start": { "line": 204, "column": 0 }, "end": { "line": 204, "column": 55 } },
      "204": { "start": { "line": 205, "column": 0 }, "end": { "line": 205, "column": 63 } },
      "205": { "start": { "line": 206, "column": 0 }, "end": { "line": 206, "column": 55 } },
      "207": { "start": { "line": 208, "column": 0 }, "end": { "line": 208, "column": 17 } },
      "208": { "start": { "line": 209, "column": 0 }, "end": { "line": 209, "column": 38 } },
      "209": { "start": { "line": 210, "column": 0 }, "end": { "line": 210, "column": 95 } },
      "210": { "start": { "line": 211, "column": 0 }, "end": { "line": 211, "column": 3 } },
      "212": { "start": { "line": 213, "column": 0 }, "end": { "line": 213, "column": 26 } },
      "213": { "start": { "line": 214, "column": 0 }, "end": { "line": 214, "column": 1 } },
      "215": { "start": { "line": 216, "column": 0 }, "end": { "line": 216, "column": 37 } },
      "216": { "start": { "line": 217, "column": 0 }, "end": { "line": 217, "column": 42 } },
      "217": { "start": { "line": 218, "column": 0 }, "end": { "line": 218, "column": 57 } },
      "218": { "start": { "line": 219, "column": 0 }, "end": { "line": 219, "column": 10 } },
      "219": { "start": { "line": 220, "column": 0 }, "end": { "line": 220, "column": 52 } },
      "220": { "start": { "line": 221, "column": 0 }, "end": { "line": 221, "column": 31 } },
      "221": { "start": { "line": 222, "column": 0 }, "end": { "line": 222, "column": 36 } },
      "222": { "start": { "line": 223, "column": 0 }, "end": { "line": 223, "column": 13 } },
      "223": { "start": { "line": 224, "column": 0 }, "end": { "line": 224, "column": 4 } },
      "224": { "start": { "line": 225, "column": 0 }, "end": { "line": 225, "column": 1 } },
      "226": { "start": { "line": 227, "column": 0 }, "end": { "line": 227, "column": 35 } },
      "227": { "start": { "line": 228, "column": 0 }, "end": { "line": 228, "column": 39 } },
      "228": { "start": { "line": 229, "column": 0 }, "end": { "line": 229, "column": 30 } },
      "229": { "start": { "line": 230, "column": 0 }, "end": { "line": 230, "column": 9 } },
      "230": { "start": { "line": 231, "column": 0 }, "end": { "line": 231, "column": 30 } },
      "231": { "start": { "line": 232, "column": 0 }, "end": { "line": 232, "column": 21 } },
      "232": { "start": { "line": 233, "column": 0 }, "end": { "line": 233, "column": 62 } },
      "234": { "start": { "line": 235, "column": 0 }, "end": { "line": 235, "column": 29 } },
      "235": { "start": { "line": 236, "column": 0 }, "end": { "line": 236, "column": 60 } },
      "236": { "start": { "line": 237, "column": 0 }, "end": { "line": 237, "column": 7 } },
      "237": { "start": { "line": 238, "column": 0 }, "end": { "line": 238, "column": 5 } },
      "238": { "start": { "line": 239, "column": 0 }, "end": { "line": 239, "column": 4 } },
      "239": { "start": { "line": 240, "column": 0 }, "end": { "line": 240, "column": 1 } },
      "241": { "start": { "line": 242, "column": 0 }, "end": { "line": 242, "column": 12 } },
      "242": { "start": { "line": 243, "column": 0 }, "end": { "line": 243, "column": 46 } },
      "243": { "start": { "line": 244, "column": 0 }, "end": { "line": 244, "column": 46 } },
      "244": { "start": { "line": 245, "column": 0 }, "end": { "line": 245, "column": 60 } }
    },
    "s": {
      "0": 1,
      "1": 1,
      "3": 1,
      "4": 1,
      "5": 0,
      "6": 0,
      "8": 0,
      "9": 0,
      "10": 0,
      "12": 0,
      "13": 0,
      "15": 1,
      "16": 1,
      "17": 1,
      "18": 1,
      "20": 1,
      "21": 1,
      "22": 0,
      "23": 0,
      "24": 0,
      "25": 0,
      "26": 0,
      "27": 0,
      "28": 0,
      "29": 0,
      "30": 0,
      "31": 0,
      "32": 0,
      "34": 1,
      "35": 1,
      "36": 0,
      "37": 0,
      "38": 0,
      "39": 0,
      "40": 0,
      "41": 0,
      "42": 0,
      "43": 0,
      "44": 0,
      "45": 0,
      "46": 0,
      "48": 1,
      "49": 1,
      "50": 0,
      "51": 0,
      "52": 0,
      "53": 0,
      "54": 0,
      "55": 0,
      "56": 0,
      "57": 0,
      "58": 0,
      "59": 0,
      "60": 0,
      "62": 1,
      "63": 1,
      "64": 86,
      "65": 86,
      "66": 86,
      "67": 86,
      "69": 1,
      "70": 1,
      "71": 82,
      "72": 6,
      "73": 6,
      "75": 76,
      "76": 82,
      "77": 18,
      "78": 18,
      "80": 58,
      "81": 58,
      "83": 1,
      "84": 36,
      "85": 7,
      "86": 7,
      "88": 36,
      "89": 13,
      "90": 13,
      "92": 16,
      "93": 16,
      "95": 1,
      "96": 31,
      "97": 6,
      "98": 6,
      "100": 25,
      "101": 31,
      "102": 5,
      "103": 5,
      "105": 20,
      "106": 31,
      "107": 10,
      "108": 10,
      "110": 10,
      "111": 10,
      "113": 1,
      "114": 31,
      "115": 8,
      "116": 8,
      "118": 31,
      "119": 2,
      "120": 2,
      "122": 31,
      "123": 4,
      "124": 4,
      "126": 17,
      "127": 17,
      "129": 1,
      "130": 32,
      "131": 8,
      "132": 8,
      "134": 32,
      "135": 2,
      "136": 2,
      "138": 32,
      "139": 4,
      "140": 4,
      "142": 18,
      "143": 18,
      "145": 1,
      "146": 1,
      "147": 38,
      "148": 4,
      "149": 4,
      "151": 38,
      "152": 8,
      "153": 8,
      "155": 38,
      "156": 9,
      "157": 9,
      "159": 17,
      "160": 38,
      "161": 2,
      "162": 2,
      "164": 15,
      "165": 15,
      "167": 1,
      "168": 1,
      "169": 28,
      "170": 4,
      "171": 4,
      "173": 24,
      "174": 28,
      "175": 7,
      "176": 7,
      "178": 17,
      "179": 28,
      "180": 4,
      "181": 4,
      "183": 13,
      "184": 13,
      "186": 1,
      "187": 1,
      "188": 36,
      "189": 13,
      "190": 13,
      "192": 36,
      "193": 36,
      "194": 36,
      "195": 36,
      "196": 36,
      "198": 1,
      "199": 1,
      "200": 13,
      "202": 12,
      "203": 12,
      "204": 12,
      "205": 12,
      "207": 13,
      "208": 3,
      "209": 3,
      "210": 3,
      "212": 8,
      "213": 8,
      "215": 1,
      "216": 1,
      "217": 23,
      "218": 23,
      "219": 23,
      "220": 23,
      "221": 23,
      "222": 6,
      "223": 23,
      "224": 23,
      "226": 1,
      "227": 1,
      "228": 20,
      "229": 105,
      "230": 105,
      "231": 96,
      "232": 12,
      "234": 12,
      "235": 11,
      "236": 11,
      "237": 12,
      "238": 20,
      "239": 20,
      "241": 1,
      "242": 1,
      "243": 1,
      "244": 1
    },
    "branchMap": {
      "0": {
        "type": "branch",
        "line": 64,
        "loc": { "start": { "line": 64, "column": 7 }, "end": { "line": 68, "column": 1 } },
        "locations": [{ "start": { "line": 64, "column": 7 }, "end": { "line": 68, "column": 1 } }]
      },
      "1": {
        "type": "branch",
        "line": 71,
        "loc": { "start": { "line": 71, "column": 7 }, "end": { "line": 82, "column": 1 } },
        "locations": [{ "start": { "line": 71, "column": 7 }, "end": { "line": 82, "column": 1 } }]
      },
      "2": {
        "type": "branch",
        "line": 72,
        "loc": { "start": { "line": 72, "column": 14 }, "end": { "line": 72, "column": 43 } },
        "locations": [{ "start": { "line": 72, "column": 14 }, "end": { "line": 72, "column": 43 } }]
      },
      "3": {
        "type": "branch",
        "line": 72,
        "loc": { "start": { "line": 72, "column": 45 }, "end": { "line": 74, "column": 3 } },
        "locations": [{ "start": { "line": 72, "column": 45 }, "end": { "line": 74, "column": 3 } }]
      },
      "4": {
        "type": "branch",
        "line": 74,
        "loc": { "start": { "line": 74, "column": 2 }, "end": { "line": 77, "column": 39 } },
        "locations": [{ "start": { "line": 74, "column": 2 }, "end": { "line": 77, "column": 39 } }]
      },
      "5": {
        "type": "branch",
        "line": 77,
        "loc": { "start": { "line": 77, "column": 39 }, "end": { "line": 79, "column": 3 } },
        "locations": [{ "start": { "line": 77, "column": 39 }, "end": { "line": 79, "column": 3 } }]
      },
      "6": {
        "type": "branch",
        "line": 79,
        "loc": { "start": { "line": 79, "column": 2 }, "end": { "line": 82, "column": 1 } },
        "locations": [{ "start": { "line": 79, "column": 2 }, "end": { "line": 82, "column": 1 } }]
      },
      "7": {
        "type": "branch",
        "line": 84,
        "loc": { "start": { "line": 84, "column": 7 }, "end": { "line": 94, "column": 1 } },
        "locations": [{ "start": { "line": 84, "column": 7 }, "end": { "line": 94, "column": 1 } }]
      },
      "8": {
        "type": "branch",
        "line": 85,
        "loc": { "start": { "line": 85, "column": 12 }, "end": { "line": 85, "column": 39 } },
        "locations": [{ "start": { "line": 85, "column": 12 }, "end": { "line": 85, "column": 39 } }]
      },
      "9": {
        "type": "branch",
        "line": 85,
        "loc": { "start": { "line": 85, "column": 41 }, "end": { "line": 87, "column": 3 } },
        "locations": [{ "start": { "line": 85, "column": 41 }, "end": { "line": 87, "column": 3 } }]
      },
      "10": {
        "type": "branch",
        "line": 87,
        "loc": { "start": { "line": 87, "column": 2 }, "end": { "line": 89, "column": 42 } },
        "locations": [{ "start": { "line": 87, "column": 2 }, "end": { "line": 89, "column": 42 } }]
      },
      "11": {
        "type": "branch",
        "line": 89,
        "loc": { "start": { "line": 89, "column": 42 }, "end": { "line": 91, "column": 3 } },
        "locations": [{ "start": { "line": 89, "column": 42 }, "end": { "line": 91, "column": 3 } }]
      },
      "12": {
        "type": "branch",
        "line": 91,
        "loc": { "start": { "line": 91, "column": 2 }, "end": { "line": 94, "column": 1 } },
        "locations": [{ "start": { "line": 91, "column": 2 }, "end": { "line": 94, "column": 1 } }]
      },
      "13": {
        "type": "branch",
        "line": 96,
        "loc": { "start": { "line": 96, "column": 7 }, "end": { "line": 112, "column": 1 } },
        "locations": [{ "start": { "line": 96, "column": 7 }, "end": { "line": 112, "column": 1 } }]
      },
      "14": {
        "type": "branch",
        "line": 97,
        "loc": { "start": { "line": 97, "column": 16 }, "end": { "line": 97, "column": 47 } },
        "locations": [{ "start": { "line": 97, "column": 16 }, "end": { "line": 97, "column": 47 } }]
      },
      "15": {
        "type": "branch",
        "line": 97,
        "loc": { "start": { "line": 97, "column": 49 }, "end": { "line": 99, "column": 3 } },
        "locations": [{ "start": { "line": 97, "column": 49 }, "end": { "line": 99, "column": 3 } }]
      },
      "16": {
        "type": "branch",
        "line": 99,
        "loc": { "start": { "line": 99, "column": 2 }, "end": { "line": 102, "column": 26 } },
        "locations": [{ "start": { "line": 99, "column": 2 }, "end": { "line": 102, "column": 26 } }]
      },
      "17": {
        "type": "branch",
        "line": 102,
        "loc": { "start": { "line": 102, "column": 26 }, "end": { "line": 102, "column": 49 } },
        "locations": [{ "start": { "line": 102, "column": 26 }, "end": { "line": 102, "column": 49 } }]
      },
      "18": {
        "type": "branch",
        "line": 102,
        "loc": { "start": { "line": 102, "column": 51 }, "end": { "line": 104, "column": 3 } },
        "locations": [{ "start": { "line": 102, "column": 51 }, "end": { "line": 104, "column": 3 } }]
      },
      "19": {
        "type": "branch",
        "line": 104,
        "loc": { "start": { "line": 104, "column": 2 }, "end": { "line": 107, "column": 41 } },
        "locations": [{ "start": { "line": 104, "column": 2 }, "end": { "line": 107, "column": 41 } }]
      },
      "20": {
        "type": "branch",
        "line": 107,
        "loc": { "start": { "line": 107, "column": 41 }, "end": { "line": 112, "column": 1 } },
        "locations": [{ "start": { "line": 107, "column": 41 }, "end": { "line": 112, "column": 1 } }]
      },
      "21": {
        "type": "branch",
        "line": 114,
        "loc": { "start": { "line": 114, "column": 7 }, "end": { "line": 128, "column": 1 } },
        "locations": [{ "start": { "line": 114, "column": 7 }, "end": { "line": 128, "column": 1 } }]
      },
      "22": {
        "type": "branch",
        "line": 115,
        "loc": { "start": { "line": 115, "column": 15 }, "end": { "line": 115, "column": 45 } },
        "locations": [{ "start": { "line": 115, "column": 15 }, "end": { "line": 115, "column": 45 } }]
      },
      "23": {
        "type": "branch",
        "line": 115,
        "loc": { "start": { "line": 115, "column": 47 }, "end": { "line": 117, "column": 3 } },
        "locations": [{ "start": { "line": 115, "column": 47 }, "end": { "line": 117, "column": 3 } }]
      },
      "24": {
        "type": "branch",
        "line": 117,
        "loc": { "start": { "line": 117, "column": 2 }, "end": { "line": 119, "column": 28 } },
        "locations": [{ "start": { "line": 117, "column": 2 }, "end": { "line": 119, "column": 28 } }]
      },
      "25": {
        "type": "branch",
        "line": 119,
        "loc": { "start": { "line": 119, "column": 28 }, "end": { "line": 121, "column": 3 } },
        "locations": [{ "start": { "line": 119, "column": 28 }, "end": { "line": 121, "column": 3 } }]
      },
      "26": {
        "type": "branch",
        "line": 121,
        "loc": { "start": { "line": 121, "column": 2 }, "end": { "line": 123, "column": 35 } },
        "locations": [{ "start": { "line": 121, "column": 2 }, "end": { "line": 123, "column": 35 } }]
      },
      "27": {
        "type": "branch",
        "line": 123,
        "loc": { "start": { "line": 123, "column": 35 }, "end": { "line": 125, "column": 3 } },
        "locations": [{ "start": { "line": 123, "column": 35 }, "end": { "line": 125, "column": 3 } }]
      },
      "28": {
        "type": "branch",
        "line": 125,
        "loc": { "start": { "line": 125, "column": 2 }, "end": { "line": 128, "column": 1 } },
        "locations": [{ "start": { "line": 125, "column": 2 }, "end": { "line": 128, "column": 1 } }]
      },
      "29": {
        "type": "branch",
        "line": 130,
        "loc": { "start": { "line": 130, "column": 7 }, "end": { "line": 144, "column": 1 } },
        "locations": [{ "start": { "line": 130, "column": 7 }, "end": { "line": 144, "column": 1 } }]
      },
      "30": {
        "type": "branch",
        "line": 131,
        "loc": { "start": { "line": 131, "column": 14 }, "end": { "line": 131, "column": 43 } },
        "locations": [{ "start": { "line": 131, "column": 14 }, "end": { "line": 131, "column": 43 } }]
      },
      "31": {
        "type": "branch",
        "line": 131,
        "loc": { "start": { "line": 131, "column": 45 }, "end": { "line": 133, "column": 3 } },
        "locations": [{ "start": { "line": 131, "column": 45 }, "end": { "line": 133, "column": 3 } }]
      },
      "32": {
        "type": "branch",
        "line": 133,
        "loc": { "start": { "line": 133, "column": 2 }, "end": { "line": 135, "column": 26 } },
        "locations": [{ "start": { "line": 133, "column": 2 }, "end": { "line": 135, "column": 26 } }]
      },
      "33": {
        "type": "branch",
        "line": 135,
        "loc": { "start": { "line": 135, "column": 26 }, "end": { "line": 137, "column": 3 } },
        "locations": [{ "start": { "line": 135, "column": 26 }, "end": { "line": 137, "column": 3 } }]
      },
      "34": {
        "type": "branch",
        "line": 137,
        "loc": { "start": { "line": 137, "column": 2 }, "end": { "line": 139, "column": 34 } },
        "locations": [{ "start": { "line": 137, "column": 2 }, "end": { "line": 139, "column": 34 } }]
      },
      "35": {
        "type": "branch",
        "line": 139,
        "loc": { "start": { "line": 139, "column": 34 }, "end": { "line": 141, "column": 3 } },
        "locations": [{ "start": { "line": 139, "column": 34 }, "end": { "line": 141, "column": 3 } }]
      },
      "36": {
        "type": "branch",
        "line": 141,
        "loc": { "start": { "line": 141, "column": 2 }, "end": { "line": 144, "column": 1 } },
        "locations": [{ "start": { "line": 141, "column": 2 }, "end": { "line": 144, "column": 1 } }]
      },
      "37": {
        "type": "branch",
        "line": 147,
        "loc": { "start": { "line": 147, "column": 7 }, "end": { "line": 166, "column": 1 } },
        "locations": [{ "start": { "line": 147, "column": 7 }, "end": { "line": 166, "column": 1 } }]
      },
      "38": {
        "type": "branch",
        "line": 148,
        "loc": { "start": { "line": 148, "column": 12 }, "end": { "line": 148, "column": 39 } },
        "locations": [{ "start": { "line": 148, "column": 12 }, "end": { "line": 148, "column": 39 } }]
      },
      "39": {
        "type": "branch",
        "line": 148,
        "loc": { "start": { "line": 148, "column": 41 }, "end": { "line": 150, "column": 3 } },
        "locations": [{ "start": { "line": 148, "column": 41 }, "end": { "line": 150, "column": 3 } }]
      },
      "40": {
        "type": "branch",
        "line": 150,
        "loc": { "start": { "line": 150, "column": 2 }, "end": { "line": 152, "column": 17 } },
        "locations": [{ "start": { "line": 150, "column": 2 }, "end": { "line": 152, "column": 17 } }]
      },
      "41": {
        "type": "branch",
        "line": 152,
        "loc": { "start": { "line": 152, "column": 17 }, "end": { "line": 152, "column": 60 } },
        "locations": [{ "start": { "line": 152, "column": 17 }, "end": { "line": 152, "column": 60 } }]
      },
      "42": {
        "type": "branch",
        "line": 152,
        "loc": { "start": { "line": 152, "column": 62 }, "end": { "line": 154, "column": 3 } },
        "locations": [{ "start": { "line": 152, "column": 62 }, "end": { "line": 154, "column": 3 } }]
      },
      "43": {
        "type": "branch",
        "line": 154,
        "loc": { "start": { "line": 154, "column": 2 }, "end": { "line": 156, "column": 16 } },
        "locations": [{ "start": { "line": 154, "column": 2 }, "end": { "line": 156, "column": 16 } }]
      },
      "44": {
        "type": "branch",
        "line": 156,
        "loc": { "start": { "line": 156, "column": 16 }, "end": { "line": 156, "column": 47 } },
        "locations": [{ "start": { "line": 156, "column": 16 }, "end": { "line": 156, "column": 47 } }]
      },
      "45": {
        "type": "branch",
        "line": 156,
        "loc": { "start": { "line": 156, "column": 49 }, "end": { "line": 158, "column": 3 } },
        "locations": [{ "start": { "line": 156, "column": 49 }, "end": { "line": 158, "column": 3 } }]
      },
      "46": {
        "type": "branch",
        "line": 158,
        "loc": { "start": { "line": 158, "column": 2 }, "end": { "line": 161, "column": 32 } },
        "locations": [{ "start": { "line": 158, "column": 2 }, "end": { "line": 161, "column": 32 } }]
      },
      "47": {
        "type": "branch",
        "line": 161,
        "loc": { "start": { "line": 161, "column": 32 }, "end": { "line": 163, "column": 3 } },
        "locations": [{ "start": { "line": 161, "column": 32 }, "end": { "line": 163, "column": 3 } }]
      },
      "48": {
        "type": "branch",
        "line": 163,
        "loc": { "start": { "line": 163, "column": 2 }, "end": { "line": 166, "column": 1 } },
        "locations": [{ "start": { "line": 163, "column": 2 }, "end": { "line": 166, "column": 1 } }]
      },
      "49": {
        "type": "branch",
        "line": 169,
        "loc": { "start": { "line": 169, "column": 7 }, "end": { "line": 185, "column": 1 } },
        "locations": [{ "start": { "line": 169, "column": 7 }, "end": { "line": 185, "column": 1 } }]
      },
      "50": {
        "type": "branch",
        "line": 170,
        "loc": { "start": { "line": 170, "column": 17 }, "end": { "line": 170, "column": 49 } },
        "locations": [{ "start": { "line": 170, "column": 17 }, "end": { "line": 170, "column": 49 } }]
      },
      "51": {
        "type": "branch",
        "line": 170,
        "loc": { "start": { "line": 170, "column": 51 }, "end": { "line": 172, "column": 3 } },
        "locations": [{ "start": { "line": 170, "column": 51 }, "end": { "line": 172, "column": 3 } }]
      },
      "52": {
        "type": "branch",
        "line": 172,
        "loc": { "start": { "line": 172, "column": 2 }, "end": { "line": 175, "column": 27 } },
        "locations": [{ "start": { "line": 172, "column": 2 }, "end": { "line": 175, "column": 27 } }]
      },
      "53": {
        "type": "branch",
        "line": 175,
        "loc": { "start": { "line": 175, "column": 27 }, "end": { "line": 175, "column": 69 } },
        "locations": [{ "start": { "line": 175, "column": 27 }, "end": { "line": 175, "column": 69 } }]
      },
      "54": {
        "type": "branch",
        "line": 175,
        "loc": { "start": { "line": 175, "column": 71 }, "end": { "line": 177, "column": 3 } },
        "locations": [{ "start": { "line": 175, "column": 71 }, "end": { "line": 177, "column": 3 } }]
      },
      "55": {
        "type": "branch",
        "line": 177,
        "loc": { "start": { "line": 177, "column": 2 }, "end": { "line": 180, "column": 47 } },
        "locations": [{ "start": { "line": 177, "column": 2 }, "end": { "line": 180, "column": 47 } }]
      },
      "56": {
        "type": "branch",
        "line": 180,
        "loc": { "start": { "line": 180, "column": 47 }, "end": { "line": 182, "column": 3 } },
        "locations": [{ "start": { "line": 180, "column": 47 }, "end": { "line": 182, "column": 3 } }]
      },
      "57": {
        "type": "branch",
        "line": 182,
        "loc": { "start": { "line": 182, "column": 2 }, "end": { "line": 185, "column": 1 } },
        "locations": [{ "start": { "line": 182, "column": 2 }, "end": { "line": 185, "column": 1 } }]
      },
      "58": {
        "type": "branch",
        "line": 188,
        "loc": { "start": { "line": 188, "column": 7 }, "end": { "line": 197, "column": 1 } },
        "locations": [{ "start": { "line": 188, "column": 7 }, "end": { "line": 197, "column": 1 } }]
      },
      "59": {
        "type": "branch",
        "line": 189,
        "loc": { "start": { "line": 189, "column": 13 }, "end": { "line": 191, "column": 3 } },
        "locations": [{ "start": { "line": 189, "column": 13 }, "end": { "line": 191, "column": 3 } }]
      },
      "60": {
        "type": "branch",
        "line": 200,
        "loc": { "start": { "line": 200, "column": 7 }, "end": { "line": 214, "column": 1 } },
        "locations": [{ "start": { "line": 200, "column": 7 }, "end": { "line": 214, "column": 1 } }]
      },
      "61": {
        "type": "branch",
        "line": 201,
        "loc": { "start": { "line": 201, "column": 80 }, "end": { "line": 208, "column": 16 } },
        "locations": [{ "start": { "line": 201, "column": 80 }, "end": { "line": 208, "column": 16 } }]
      },
      "62": {
        "type": "branch",
        "line": 208,
        "loc": { "start": { "line": 208, "column": 16 }, "end": { "line": 211, "column": 3 } },
        "locations": [{ "start": { "line": 208, "column": 16 }, "end": { "line": 211, "column": 3 } }]
      },
      "63": {
        "type": "branch",
        "line": 211,
        "loc": { "start": { "line": 211, "column": 2 }, "end": { "line": 214, "column": 1 } },
        "locations": [{ "start": { "line": 211, "column": 2 }, "end": { "line": 214, "column": 1 } }]
      },
      "64": {
        "type": "branch",
        "line": 217,
        "loc": { "start": { "line": 217, "column": 7 }, "end": { "line": 225, "column": 1 } },
        "locations": [{ "start": { "line": 217, "column": 7 }, "end": { "line": 225, "column": 1 } }]
      },
      "65": {
        "type": "branch",
        "line": 220,
        "loc": { "start": { "line": 220, "column": 34 }, "end": { "line": 220, "column": 41 } },
        "locations": [{ "start": { "line": 220, "column": 34 }, "end": { "line": 220, "column": 41 } }]
      },
      "66": {
        "type": "branch",
        "line": 220,
        "loc": { "start": { "line": 220, "column": 50 }, "end": { "line": 221, "column": 28 } },
        "locations": [{ "start": { "line": 220, "column": 50 }, "end": { "line": 221, "column": 28 } }]
      },
      "67": {
        "type": "branch",
        "line": 221,
        "loc": { "start": { "line": 221, "column": 29 }, "end": { "line": 222, "column": 33 } },
        "locations": [{ "start": { "line": 221, "column": 29 }, "end": { "line": 222, "column": 33 } }]
      },
      "68": {
        "type": "branch",
        "line": 222,
        "loc": { "start": { "line": 222, "column": 18 }, "end": { "line": 222, "column": 33 } },
        "locations": [{ "start": { "line": 222, "column": 18 }, "end": { "line": 222, "column": 33 } }]
      },
      "69": {
        "type": "branch",
        "line": 222,
        "loc": { "start": { "line": 222, "column": 34 }, "end": { "line": 223, "column": 13 } },
        "locations": [{ "start": { "line": 222, "column": 34 }, "end": { "line": 223, "column": 13 } }]
      },
      "70": {
        "type": "branch",
        "line": 228,
        "loc": { "start": { "line": 228, "column": 7 }, "end": { "line": 240, "column": 1 } },
        "locations": [{ "start": { "line": 228, "column": 7 }, "end": { "line": 240, "column": 1 } }]
      },
      "71": {
        "type": "branch",
        "line": 229,
        "loc": { "start": { "line": 229, "column": 9 }, "end": { "line": 239, "column": 3 } },
        "locations": [{ "start": { "line": 229, "column": 9 }, "end": { "line": 239, "column": 3 } }]
      },
      "72": {
        "type": "branch",
        "line": 231,
        "loc": { "start": { "line": 231, "column": 29 }, "end": { "line": 238, "column": 5 } },
        "locations": [{ "start": { "line": 231, "column": 29 }, "end": { "line": 238, "column": 5 } }]
      },
      "73": {
        "type": "branch",
        "line": 231,
        "loc": { "start": { "line": 231, "column": 29 }, "end": { "line": 232, "column": 6 } },
        "locations": [{ "start": { "line": 231, "column": 29 }, "end": { "line": 232, "column": 6 } }]
      },
      "74": {
        "type": "branch",
        "line": 232,
        "loc": { "start": { "line": 232, "column": 6 }, "end": { "line": 238, "column": 5 } },
        "locations": [{ "start": { "line": 232, "column": 6 }, "end": { "line": 238, "column": 5 } }]
      },
      "75": {
        "type": "branch",
        "line": 235,
        "loc": { "start": { "line": 235, "column": 28 }, "end": { "line": 237, "column": 7 } },
        "locations": [{ "start": { "line": 235, "column": 28 }, "end": { "line": 237, "column": 7 } }]
      }
    },
    "b": {
      "0": [86],
      "1": [82],
      "2": [79],
      "3": [6],
      "4": [76],
      "5": [18],
      "6": [58],
      "7": [36],
      "8": [33],
      "9": [7],
      "10": [29],
      "11": [13],
      "12": [16],
      "13": [31],
      "14": [28],
      "15": [6],
      "16": [25],
      "17": [22],
      "18": [5],
      "19": [20],
      "20": [10],
      "21": [31],
      "22": [27],
      "23": [8],
      "24": [23],
      "25": [2],
      "26": [21],
      "27": [4],
      "28": [17],
      "29": [32],
      "30": [28],
      "31": [8],
      "32": [24],
      "33": [2],
      "34": [22],
      "35": [4],
      "36": [18],
      "37": [38],
      "38": [36],
      "39": [4],
      "40": [34],
      "41": [30],
      "42": [8],
      "43": [26],
      "44": [19],
      "45": [9],
      "46": [17],
      "47": [2],
      "48": [15],
      "49": [28],
      "50": [26],
      "51": [4],
      "52": [24],
      "53": [19],
      "54": [7],
      "55": [17],
      "56": [4],
      "57": [13],
      "58": [36],
      "59": [13],
      "60": [13],
      "61": [12],
      "62": [3],
      "63": [8],
      "64": [23],
      "65": [8],
      "66": [13],
      "67": [9],
      "68": [5],
      "69": [6],
      "70": [20],
      "71": [105],
      "72": [96],
      "73": [93],
      "74": [12],
      "75": [11]
    },
    "fnMap": {
      "0": {
        "name": "createRedisClient",
        "decl": { "start": { "line": 5, "column": 7 }, "end": { "line": 14, "column": 1 } },
        "loc": { "start": { "line": 5, "column": 7 }, "end": { "line": 14, "column": 1 } },
        "line": 5
      },
      "1": {
        "name": "getRoomCreationRateLimit",
        "decl": { "start": { "line": 22, "column": 7 }, "end": { "line": 33, "column": 1 } },
        "loc": { "start": { "line": 22, "column": 7 }, "end": { "line": 33, "column": 1 } },
        "line": 22
      },
      "2": {
        "name": "getChatRateLimit",
        "decl": { "start": { "line": 36, "column": 7 }, "end": { "line": 47, "column": 1 } },
        "loc": { "start": { "line": 36, "column": 7 }, "end": { "line": 47, "column": 1 } },
        "line": 36
      },
      "3": {
        "name": "getApiRateLimit",
        "decl": { "start": { "line": 50, "column": 7 }, "end": { "line": 61, "column": 1 } },
        "loc": { "start": { "line": 50, "column": 7 }, "end": { "line": 61, "column": 1 } },
        "line": 50
      },
      "4": {
        "name": "setCorsHeaders",
        "decl": { "start": { "line": 64, "column": 7 }, "end": { "line": 68, "column": 1 } },
        "loc": { "start": { "line": 64, "column": 7 }, "end": { "line": 68, "column": 1 } },
        "line": 64
      },
      "5": {
        "name": "validateRoomId",
        "decl": { "start": { "line": 71, "column": 7 }, "end": { "line": 82, "column": 1 } },
        "loc": { "start": { "line": 71, "column": 7 }, "end": { "line": 82, "column": 1 } },
        "line": 71
      },
      "6": {
        "name": "validateRole",
        "decl": { "start": { "line": 84, "column": 7 }, "end": { "line": 94, "column": 1 } },
        "loc": { "start": { "line": 84, "column": 7 }, "end": { "line": 94, "column": 1 } },
        "line": 84
      },
      "7": {
        "name": "validateViewerId",
        "decl": { "start": { "line": 96, "column": 7 }, "end": { "line": 112, "column": 1 } },
        "loc": { "start": { "line": 96, "column": 7 }, "end": { "line": 112, "column": 1 } },
        "line": 96
      },
      "8": {
        "name": "validateMessage",
        "decl": { "start": { "line": 114, "column": 7 }, "end": { "line": 128, "column": 1 } },
        "loc": { "start": { "line": 114, "column": 7 }, "end": { "line": 128, "column": 1 } },
        "line": 114
      },
      "9": {
        "name": "validateSender",
        "decl": { "start": { "line": 130, "column": 7 }, "end": { "line": 144, "column": 1 } },
        "loc": { "start": { "line": 130, "column": 7 }, "end": { "line": 144, "column": 1 } },
        "line": 130
      },
      "10": {
        "name": "validateRTCDescriptor",
        "decl": { "start": { "line": 147, "column": 7 }, "end": { "line": 166, "column": 1 } },
        "loc": { "start": { "line": 147, "column": 7 }, "end": { "line": 166, "column": 1 } },
        "line": 147
      },
      "11": {
        "name": "validateICECandidate",
        "decl": { "start": { "line": 169, "column": 7 }, "end": { "line": 185, "column": 1 } },
        "loc": { "start": { "line": 169, "column": 7 }, "end": { "line": 185, "column": 1 } },
        "line": 169
      },
      "12": {
        "name": "sendError",
        "decl": { "start": { "line": 188, "column": 7 }, "end": { "line": 197, "column": 1 } },
        "loc": { "start": { "line": 188, "column": 7 }, "end": { "line": 197, "column": 1 } },
        "line": 188
      },
      "13": {
        "name": "checkRateLimit",
        "decl": { "start": { "line": 200, "column": 7 }, "end": { "line": 214, "column": 1 } },
        "loc": { "start": { "line": 200, "column": 7 }, "end": { "line": 214, "column": 1 } },
        "line": 200
      },
      "14": {
        "name": "getClientIdentifier",
        "decl": { "start": { "line": 217, "column": 7 }, "end": { "line": 225, "column": 1 } },
        "loc": { "start": { "line": 217, "column": 7 }, "end": { "line": 225, "column": 1 } },
        "line": 217
      },
      "15": {
        "name": "asyncHandler",
        "decl": { "start": { "line": 228, "column": 7 }, "end": { "line": 240, "column": 1 } },
        "loc": { "start": { "line": 228, "column": 7 }, "end": { "line": 240, "column": 1 } },
        "line": 228
      }
    },
    "f": {
      "0": 0,
      "1": 0,
      "2": 0,
      "3": 0,
      "4": 86,
      "5": 82,
      "6": 36,
      "7": 31,
      "8": 31,
      "9": 32,
      "10": 38,
      "11": 28,
      "12": 36,
      "13": 13,
      "14": 23,
      "15": 20
    }
  },
  "C:\\webdev\\stupid-simple-screen-share\\api\\answer.js": {
    "path": "C:\\webdev\\stupid-simple-screen-share\\api\\answer.js",
    "all": false,
    "statementMap": {
      "0": { "start": { "line": 1, "column": 0 }, "end": { "line": 1, "column": 8 } },
      "10": { "start": { "line": 11, "column": 0 }, "end": { "line": 11, "column": 39 } },
      "11": { "start": { "line": 12, "column": 0 }, "end": { "line": 12, "column": 36 } },
      "12": { "start": { "line": 13, "column": 0 }, "end": { "line": 13, "column": 22 } },
      "14": { "start": { "line": 15, "column": 0 }, "end": { "line": 15, "column": 33 } },
      "15": { "start": { "line": 16, "column": 0 }, "end": { "line": 16, "column": 33 } },
      "16": { "start": { "line": 17, "column": 0 }, "end": { "line": 17, "column": 3 } },
      "18": { "start": { "line": 19, "column": 0 }, "end": { "line": 19, "column": 30 } },
      "19": { "start": { "line": 20, "column": 0 }, "end": { "line": 20, "column": 44 } },
      "21": { "start": { "line": 22, "column": 0 }, "end": { "line": 22, "column": 50 } },
      "22": { "start": { "line": 23, "column": 0 }, "end": { "line": 23, "column": 32 } },
      "23": { "start": { "line": 24, "column": 0 }, "end": { "line": 24, "column": 55 } },
      "24": { "start": { "line": 25, "column": 0 }, "end": { "line": 25, "column": 5 } },
      "26": { "start": { "line": 27, "column": 0 }, "end": { "line": 27, "column": 55 } },
      "27": { "start": { "line": 28, "column": 0 }, "end": { "line": 28, "column": 32 } },
      "28": { "start": { "line": 29, "column": 0 }, "end": { "line": 29, "column": 55 } },
      "29": { "start": { "line": 30, "column": 0 }, "end": { "line": 30, "column": 5 } },
      "31": { "start": { "line": 32, "column": 0 }, "end": { "line": 32, "column": 33 } },
      "32": { "start": { "line": 33, "column": 0 }, "end": { "line": 33, "column": 72 } },
      "33": { "start": { "line": 34, "column": 0 }, "end": { "line": 34, "column": 5 } },
      "35": { "start": { "line": 36, "column": 0 }, "end": { "line": 36, "column": 62 } },
      "36": { "start": { "line": 37, "column": 0 }, "end": { "line": 37, "column": 22 } },
      "37": { "start": { "line": 38, "column": 0 }, "end": { "line": 38, "column": 62 } },
      "38": { "start": { "line": 39, "column": 0 }, "end": { "line": 39, "column": 5 } },
      "40": { "start": { "line": 41, "column": 0 }, "end": { "line": 41, "column": 67 } },
      "41": { "start": { "line": 42, "column": 0 }, "end": { "line": 42, "column": 58 } },
      "43": { "start": { "line": 44, "column": 0 }, "end": { "line": 44, "column": 34 } },
      "44": { "start": { "line": 45, "column": 0 }, "end": { "line": 45, "column": 3 } },
      "46": { "start": { "line": 47, "column": 0 }, "end": { "line": 47, "column": 29 } },
      "47": { "start": { "line": 48, "column": 0 }, "end": { "line": 48, "column": 39 } },
      "49": { "start": { "line": 50, "column": 0 }, "end": { "line": 50, "column": 50 } },
      "50": { "start": { "line": 51, "column": 0 }, "end": { "line": 51, "column": 32 } },
      "51": { "start": { "line": 52, "column": 0 }, "end": { "line": 52, "column": 55 } },
      "52": { "start": { "line": 53, "column": 0 }, "end": { "line": 53, "column": 5 } },
      "54": { "start": { "line": 55, "column": 0 }, "end": { "line": 55, "column": 62 } },
      "55": { "start": { "line": 56, "column": 0 }, "end": { "line": 56, "column": 22 } },
      "56": { "start": { "line": 57, "column": 0 }, "end": { "line": 57, "column": 62 } },
      "57": { "start": { "line": 58, "column": 0 }, "end": { "line": 58, "column": 5 } },
      "59": { "start": { "line": 60, "column": 0 }, "end": { "line": 60, "column": 57 } },
      "60": { "start": { "line": 61, "column": 0 }, "end": { "line": 61, "column": 15 } },
      "61": { "start": { "line": 62, "column": 0 }, "end": { "line": 62, "column": 72 } },
      "62": { "start": { "line": 63, "column": 0 }, "end": { "line": 63, "column": 5 } },
      "64": { "start": { "line": 65, "column": 0 }, "end": { "line": 65, "column": 9 } },
      "65": { "start": { "line": 66, "column": 0 }, "end": { "line": 66, "column": 75 } },
      "66": { "start": { "line": 67, "column": 0 }, "end": { "line": 67, "column": 67 } },
      "67": { "start": { "line": 68, "column": 0 }, "end": { "line": 68, "column": 32 } },
      "68": { "start": { "line": 69, "column": 0 }, "end": { "line": 69, "column": 21 } },
      "69": { "start": { "line": 70, "column": 0 }, "end": { "line": 70, "column": 71 } },
      "70": { "start": { "line": 71, "column": 0 }, "end": { "line": 71, "column": 5 } },
      "71": { "start": { "line": 72, "column": 0 }, "end": { "line": 72, "column": 3 } },
      "73": { "start": { "line": 74, "column": 0 }, "end": { "line": 74, "column": 51 } },
      "74": { "start": { "line": 75, "column": 0 }, "end": { "line": 75, "column": 1 } },
      "76": { "start": { "line": 77, "column": 0 }, "end": { "line": 77, "column": 42 } }
    },
    "s": {
      "0": 1,
      "10": 17,
      "11": 17,
      "12": 17,
      "14": 17,
      "15": 1,
      "16": 1,
      "18": 17,
      "19": 9,
      "21": 9,
      "22": 9,
      "23": 2,
      "24": 2,
      "26": 7,
      "27": 9,
      "28": 2,
      "29": 2,
      "31": 9,
      "32": 1,
      "33": 1,
      "35": 4,
      "36": 9,
      "37": 1,
      "38": 1,
      "40": 3,
      "41": 2,
      "43": 2,
      "44": 2,
      "46": 17,
      "47": 6,
      "49": 6,
      "50": 6,
      "51": 1,
      "52": 1,
      "54": 5,
      "55": 6,
      "56": 1,
      "57": 1,
      "59": 4,
      "60": 6,
      "61": 1,
      "62": 1,
      "64": 3,
      "65": 3,
      "66": 6,
      "67": 6,
      "68": 6,
      "69": 1,
      "70": 1,
      "71": 6,
      "73": 1,
      "74": 1,
      "76": 1
    },
    "branchMap": {
      "0": {
        "type": "branch",
        "line": 11,
        "loc": { "start": { "line": 11, "column": 0 }, "end": { "line": 75, "column": 1 } },
        "locations": [{ "start": { "line": 11, "column": 0 }, "end": { "line": 75, "column": 1 } }]
      },
      "1": {
        "type": "branch",
        "line": 15,
        "loc": { "start": { "line": 15, "column": 32 }, "end": { "line": 17, "column": 3 } },
        "locations": [{ "start": { "line": 15, "column": 32 }, "end": { "line": 17, "column": 3 } }]
      },
      "2": {
        "type": "branch",
        "line": 17,
        "loc": { "start": { "line": 17, "column": 2 }, "end": { "line": 19, "column": 29 } },
        "locations": [{ "start": { "line": 17, "column": 2 }, "end": { "line": 19, "column": 29 } }]
      },
      "3": {
        "type": "branch",
        "line": 19,
        "loc": { "start": { "line": 19, "column": 29 }, "end": { "line": 45, "column": 3 } },
        "locations": [{ "start": { "line": 19, "column": 29 }, "end": { "line": 45, "column": 3 } }]
      },
      "4": {
        "type": "branch",
        "line": 20,
        "loc": { "start": { "line": 20, "column": 38 }, "end": { "line": 20, "column": 43 } },
        "locations": [{ "start": { "line": 20, "column": 38 }, "end": { "line": 20, "column": 43 } }]
      },
      "5": {
        "type": "branch",
        "line": 23,
        "loc": { "start": { "line": 23, "column": 31 }, "end": { "line": 25, "column": 5 } },
        "locations": [{ "start": { "line": 23, "column": 31 }, "end": { "line": 25, "column": 5 } }]
      },
      "6": {
        "type": "branch",
        "line": 25,
        "loc": { "start": { "line": 25, "column": 4 }, "end": { "line": 28, "column": 31 } },
        "locations": [{ "start": { "line": 25, "column": 4 }, "end": { "line": 28, "column": 31 } }]
      },
      "7": {
        "type": "branch",
        "line": 28,
        "loc": { "start": { "line": 28, "column": 31 }, "end": { "line": 30, "column": 5 } },
        "locations": [{ "start": { "line": 28, "column": 31 }, "end": { "line": 30, "column": 5 } }]
      },
      "8": {
        "type": "branch",
        "line": 30,
        "loc": { "start": { "line": 30, "column": 4 }, "end": { "line": 32, "column": 32 } },
        "locations": [{ "start": { "line": 30, "column": 4 }, "end": { "line": 32, "column": 32 } }]
      },
      "9": {
        "type": "branch",
        "line": 32,
        "loc": { "start": { "line": 32, "column": 32 }, "end": { "line": 34, "column": 5 } },
        "locations": [{ "start": { "line": 32, "column": 32 }, "end": { "line": 34, "column": 5 } }]
      },
      "10": {
        "type": "branch",
        "line": 34,
        "loc": { "start": { "line": 34, "column": 4 }, "end": { "line": 37, "column": 21 } },
        "locations": [{ "start": { "line": 34, "column": 4 }, "end": { "line": 37, "column": 21 } }]
      },
      "11": {
        "type": "branch",
        "line": 37,
        "loc": { "start": { "line": 37, "column": 21 }, "end": { "line": 39, "column": 5 } },
        "locations": [{ "start": { "line": 37, "column": 21 }, "end": { "line": 39, "column": 5 } }]
      },
      "12": {
        "type": "branch",
        "line": 39,
        "loc": { "start": { "line": 39, "column": 4 }, "end": { "line": 41, "column": 67 } },
        "locations": [{ "start": { "line": 39, "column": 4 }, "end": { "line": 41, "column": 67 } }]
      },
      "13": {
        "type": "branch",
        "line": 41,
        "loc": { "start": { "line": 41, "column": 66 }, "end": { "line": 45, "column": 3 } },
        "locations": [{ "start": { "line": 41, "column": 66 }, "end": { "line": 45, "column": 3 } }]
      },
      "14": {
        "type": "branch",
        "line": 45,
        "loc": { "start": { "line": 45, "column": 2 }, "end": { "line": 47, "column": 28 } },
        "locations": [{ "start": { "line": 45, "column": 2 }, "end": { "line": 47, "column": 28 } }]
      },
      "15": {
        "type": "branch",
        "line": 47,
        "loc": { "start": { "line": 47, "column": 28 }, "end": { "line": 72, "column": 3 } },
        "locations": [{ "start": { "line": 47, "column": 28 }, "end": { "line": 72, "column": 3 } }]
      },
      "16": {
        "type": "branch",
        "line": 48,
        "loc": { "start": { "line": 48, "column": 33 }, "end": { "line": 48, "column": 38 } },
        "locations": [{ "start": { "line": 48, "column": 33 }, "end": { "line": 48, "column": 38 } }]
      },
      "17": {
        "type": "branch",
        "line": 51,
        "loc": { "start": { "line": 51, "column": 31 }, "end": { "line": 53, "column": 5 } },
        "locations": [{ "start": { "line": 51, "column": 31 }, "end": { "line": 53, "column": 5 } }]
      },
      "18": {
        "type": "branch",
        "line": 53,
        "loc": { "start": { "line": 53, "column": 4 }, "end": { "line": 56, "column": 21 } },
        "locations": [{ "start": { "line": 53, "column": 4 }, "end": { "line": 56, "column": 21 } }]
      },
      "19": {
        "type": "branch",
        "line": 56,
        "loc": { "start": { "line": 56, "column": 21 }, "end": { "line": 58, "column": 5 } },
        "locations": [{ "start": { "line": 56, "column": 21 }, "end": { "line": 58, "column": 5 } }]
      },
      "20": {
        "type": "branch",
        "line": 58,
        "loc": { "start": { "line": 58, "column": 4 }, "end": { "line": 61, "column": 14 } },
        "locations": [{ "start": { "line": 58, "column": 4 }, "end": { "line": 61, "column": 14 } }]
      },
      "21": {
        "type": "branch",
        "line": 61,
        "loc": { "start": { "line": 61, "column": 14 }, "end": { "line": 63, "column": 5 } },
        "locations": [{ "start": { "line": 61, "column": 14 }, "end": { "line": 63, "column": 5 } }]
      },
      "22": {
        "type": "branch",
        "line": 63,
        "loc": { "start": { "line": 63, "column": 4 }, "end": { "line": 67, "column": 43 } },
        "locations": [{ "start": { "line": 63, "column": 4 }, "end": { "line": 67, "column": 43 } }]
      },
      "23": {
        "type": "branch",
        "line": 67,
        "loc": { "start": { "line": 67, "column": 43 }, "end": { "line": 67, "column": 60 } },
        "locations": [{ "start": { "line": 67, "column": 43 }, "end": { "line": 67, "column": 60 } }]
      },
      "24": {
        "type": "branch",
        "line": 67,
        "loc": { "start": { "line": 67, "column": 61 }, "end": { "line": 67, "column": 66 } },
        "locations": [{ "start": { "line": 67, "column": 61 }, "end": { "line": 67, "column": 66 } }]
      },
      "25": {
        "type": "branch",
        "line": 69,
        "loc": { "start": { "line": 69, "column": 6 }, "end": { "line": 71, "column": 5 } },
        "locations": [{ "start": { "line": 69, "column": 6 }, "end": { "line": 71, "column": 5 } }]
      },
      "26": {
        "type": "branch",
        "line": 72,
        "loc": { "start": { "line": 72, "column": 2 }, "end": { "line": 75, "column": 1 } },
        "locations": [{ "start": { "line": 72, "column": 2 }, "end": { "line": 75, "column": 1 } }]
      }
    },
    "b": {
      "0": [17],
      "1": [1],
      "2": [16],
      "3": [9],
      "4": [0],
      "5": [2],
      "6": [7],
      "7": [2],
      "8": [5],
      "9": [1],
      "10": [4],
      "11": [1],
      "12": [3],
      "13": [2],
      "14": [7],
      "15": [6],
      "16": [0],
      "17": [1],
      "18": [5],
      "19": [1],
      "20": [4],
      "21": [1],
      "22": [3],
      "23": [2],
      "24": [1],
      "25": [1],
      "26": [1]
    },
    "fnMap": {
      "0": {
        "name": "handleAnswer",
        "decl": { "start": { "line": 11, "column": 0 }, "end": { "line": 75, "column": 1 } },
        "loc": { "start": { "line": 11, "column": 0 }, "end": { "line": 75, "column": 1 } },
        "line": 11
      }
    },
    "f": { "0": 17 }
  },
  "C:\\webdev\\stupid-simple-screen-share\\api\\candidate.js": {
    "path": "C:\\webdev\\stupid-simple-screen-share\\api\\candidate.js",
    "all": false,
    "statementMap": {
      "0": { "start": { "line": 1, "column": 0 }, "end": { "line": 1, "column": 8 } },
      "11": { "start": { "line": 12, "column": 0 }, "end": { "line": 12, "column": 42 } },
      "12": { "start": { "line": 13, "column": 0 }, "end": { "line": 13, "column": 36 } },
      "13": { "start": { "line": 14, "column": 0 }, "end": { "line": 14, "column": 22 } },
      "15": { "start": { "line": 16, "column": 0 }, "end": { "line": 16, "column": 33 } },
      "16": { "start": { "line": 17, "column": 0 }, "end": { "line": 17, "column": 33 } },
      "17": { "start": { "line": 18, "column": 0 }, "end": { "line": 18, "column": 3 } },
      "19": { "start": { "line": 20, "column": 0 }, "end": { "line": 20, "column": 30 } },
      "20": { "start": { "line": 21, "column": 0 }, "end": { "line": 21, "column": 55 } },
      "22": { "start": { "line": 23, "column": 0 }, "end": { "line": 23, "column": 50 } },
      "23": { "start": { "line": 24, "column": 0 }, "end": { "line": 24, "column": 32 } },
      "24": { "start": { "line": 25, "column": 0 }, "end": { "line": 25, "column": 55 } },
      "25": { "start": { "line": 26, "column": 0 }, "end": { "line": 26, "column": 5 } },
      "27": { "start": { "line": 28, "column": 0 }, "end": { "line": 28, "column": 46 } },
      "28": { "start": { "line": 29, "column": 0 }, "end": { "line": 29, "column": 32 } },
      "29": { "start": { "line": 30, "column": 0 }, "end": { "line": 30, "column": 55 } },
      "30": { "start": { "line": 31, "column": 0 }, "end": { "line": 31, "column": 5 } },
      "32": { "start": { "line": 33, "column": 0 }, "end": { "line": 33, "column": 64 } },
      "33": { "start": { "line": 34, "column": 0 }, "end": { "line": 34, "column": 37 } },
      "34": { "start": { "line": 35, "column": 0 }, "end": { "line": 35, "column": 60 } },
      "35": { "start": { "line": 36, "column": 0 }, "end": { "line": 36, "column": 5 } },
      "37": { "start": { "line": 38, "column": 0 }, "end": { "line": 38, "column": 62 } },
      "38": { "start": { "line": 39, "column": 0 }, "end": { "line": 39, "column": 22 } },
      "39": { "start": { "line": 40, "column": 0 }, "end": { "line": 40, "column": 62 } },
      "40": { "start": { "line": 41, "column": 0 }, "end": { "line": 41, "column": 5 } },
      "42": { "start": { "line": 43, "column": 0 }, "end": { "line": 43, "column": 52 } },
      "43": { "start": { "line": 44, "column": 0 }, "end": { "line": 44, "column": 54 } },
      "44": { "start": { "line": 45, "column": 0 }, "end": { "line": 45, "column": 38 } },
      "46": { "start": { "line": 47, "column": 0 }, "end": { "line": 47, "column": 34 } },
      "47": { "start": { "line": 48, "column": 0 }, "end": { "line": 48, "column": 3 } },
      "49": { "start": { "line": 50, "column": 0 }, "end": { "line": 50, "column": 29 } },
      "50": { "start": { "line": 51, "column": 0 }, "end": { "line": 51, "column": 45 } },
      "52": { "start": { "line": 53, "column": 0 }, "end": { "line": 53, "column": 50 } },
      "53": { "start": { "line": 54, "column": 0 }, "end": { "line": 54, "column": 32 } },
      "54": { "start": { "line": 55, "column": 0 }, "end": { "line": 55, "column": 55 } },
      "55": { "start": { "line": 56, "column": 0 }, "end": { "line": 56, "column": 5 } },
      "57": { "start": { "line": 58, "column": 0 }, "end": { "line": 58, "column": 46 } },
      "58": { "start": { "line": 59, "column": 0 }, "end": { "line": 59, "column": 32 } },
      "59": { "start": { "line": 60, "column": 0 }, "end": { "line": 60, "column": 55 } },
      "60": { "start": { "line": 61, "column": 0 }, "end": { "line": 61, "column": 5 } },
      "62": { "start": { "line": 63, "column": 0 }, "end": { "line": 63, "column": 62 } },
      "63": { "start": { "line": 64, "column": 0 }, "end": { "line": 64, "column": 22 } },
      "64": { "start": { "line": 65, "column": 0 }, "end": { "line": 65, "column": 62 } },
      "65": { "start": { "line": 66, "column": 0 }, "end": { "line": 66, "column": 5 } },
      "67": { "start": { "line": 68, "column": 0 }, "end": { "line": 68, "column": 52 } },
      "68": { "start": { "line": 69, "column": 0 }, "end": { "line": 69, "column": 55 } },
      "70": { "start": { "line": 71, "column": 0 }, "end": { "line": 71, "column": 25 } },
      "71": { "start": { "line": 72, "column": 0 }, "end": { "line": 72, "column": 74 } },
      "72": { "start": { "line": 73, "column": 0 }, "end": { "line": 73, "column": 5 } },
      "74": { "start": { "line": 75, "column": 0 }, "end": { "line": 75, "column": 9 } },
      "75": { "start": { "line": 76, "column": 0 }, "end": { "line": 76, "column": 75 } },
      "76": { "start": { "line": 77, "column": 0 }, "end": { "line": 77, "column": 81 } },
      "77": { "start": { "line": 78, "column": 0 }, "end": { "line": 78, "column": 46 } },
      "78": { "start": { "line": 79, "column": 0 }, "end": { "line": 79, "column": 21 } },
      "79": { "start": { "line": 80, "column": 0 }, "end": { "line": 80, "column": 74 } },
      "80": { "start": { "line": 81, "column": 0 }, "end": { "line": 81, "column": 5 } },
      "81": { "start": { "line": 82, "column": 0 }, "end": { "line": 82, "column": 3 } },
      "83": { "start": { "line": 84, "column": 0 }, "end": { "line": 84, "column": 51 } },
      "84": { "start": { "line": 85, "column": 0 }, "end": { "line": 85, "column": 1 } },
      "86": { "start": { "line": 87, "column": 0 }, "end": { "line": 87, "column": 45 } }
    },
    "s": {
      "0": 1,
      "11": 21,
      "12": 21,
      "13": 21,
      "15": 21,
      "16": 1,
      "17": 1,
      "19": 21,
      "20": 11,
      "22": 11,
      "23": 11,
      "24": 2,
      "25": 2,
      "27": 9,
      "28": 11,
      "29": 1,
      "30": 1,
      "32": 8,
      "33": 11,
      "34": 1,
      "35": 1,
      "37": 7,
      "38": 11,
      "39": 1,
      "40": 1,
      "42": 6,
      "43": 6,
      "44": 5,
      "46": 5,
      "47": 5,
      "49": 21,
      "50": 8,
      "52": 8,
      "53": 8,
      "54": 1,
      "55": 1,
      "57": 7,
      "58": 8,
      "59": 1,
      "60": 1,
      "62": 6,
      "63": 8,
      "64": 1,
      "65": 1,
      "67": 5,
      "68": 8,
      "70": 8,
      "71": 4,
      "72": 4,
      "74": 5,
      "75": 5,
      "76": 5,
      "77": 5,
      "78": 8,
      "79": 1,
      "80": 1,
      "81": 8,
      "83": 1,
      "84": 1,
      "86": 1
    },
    "branchMap": {
      "0": {
        "type": "branch",
        "line": 12,
        "loc": { "start": { "line": 12, "column": 0 }, "end": { "line": 85, "column": 1 } },
        "locations": [{ "start": { "line": 12, "column": 0 }, "end": { "line": 85, "column": 1 } }]
      },
      "1": {
        "type": "branch",
        "line": 16,
        "loc": { "start": { "line": 16, "column": 32 }, "end": { "line": 18, "column": 3 } },
        "locations": [{ "start": { "line": 16, "column": 32 }, "end": { "line": 18, "column": 3 } }]
      },
      "2": {
        "type": "branch",
        "line": 18,
        "loc": { "start": { "line": 18, "column": 2 }, "end": { "line": 20, "column": 29 } },
        "locations": [{ "start": { "line": 18, "column": 2 }, "end": { "line": 20, "column": 29 } }]
      },
      "3": {
        "type": "branch",
        "line": 20,
        "loc": { "start": { "line": 20, "column": 29 }, "end": { "line": 48, "column": 3 } },
        "locations": [{ "start": { "line": 20, "column": 29 }, "end": { "line": 48, "column": 3 } }]
      },
      "4": {
        "type": "branch",
        "line": 21,
        "loc": { "start": { "line": 21, "column": 49 }, "end": { "line": 21, "column": 54 } },
        "locations": [{ "start": { "line": 21, "column": 49 }, "end": { "line": 21, "column": 54 } }]
      },
      "5": {
        "type": "branch",
        "line": 24,
        "loc": { "start": { "line": 24, "column": 31 }, "end": { "line": 26, "column": 5 } },
        "locations": [{ "start": { "line": 24, "column": 31 }, "end": { "line": 26, "column": 5 } }]
      },
      "6": {
        "type": "branch",
        "line": 26,
        "loc": { "start": { "line": 26, "column": 4 }, "end": { "line": 29, "column": 31 } },
        "locations": [{ "start": { "line": 26, "column": 4 }, "end": { "line": 29, "column": 31 } }]
      },
      "7": {
        "type": "branch",
        "line": 29,
        "loc": { "start": { "line": 29, "column": 31 }, "end": { "line": 31, "column": 5 } },
        "locations": [{ "start": { "line": 29, "column": 31 }, "end": { "line": 31, "column": 5 } }]
      },
      "8": {
        "type": "branch",
        "line": 31,
        "loc": { "start": { "line": 31, "column": 4 }, "end": { "line": 34, "column": 36 } },
        "locations": [{ "start": { "line": 31, "column": 4 }, "end": { "line": 34, "column": 36 } }]
      },
      "9": {
        "type": "branch",
        "line": 34,
        "loc": { "start": { "line": 34, "column": 36 }, "end": { "line": 36, "column": 5 } },
        "locations": [{ "start": { "line": 34, "column": 36 }, "end": { "line": 36, "column": 5 } }]
      },
      "10": {
        "type": "branch",
        "line": 36,
        "loc": { "start": { "line": 36, "column": 4 }, "end": { "line": 39, "column": 21 } },
        "locations": [{ "start": { "line": 36, "column": 4 }, "end": { "line": 39, "column": 21 } }]
      },
      "11": {
        "type": "branch",
        "line": 39,
        "loc": { "start": { "line": 39, "column": 21 }, "end": { "line": 41, "column": 5 } },
        "locations": [{ "start": { "line": 39, "column": 21 }, "end": { "line": 41, "column": 5 } }]
      },
      "12": {
        "type": "branch",
        "line": 41,
        "loc": { "start": { "line": 41, "column": 4 }, "end": { "line": 44, "column": 54 } },
        "locations": [{ "start": { "line": 41, "column": 4 }, "end": { "line": 44, "column": 54 } }]
      },
      "13": {
        "type": "branch",
        "line": 44,
        "loc": { "start": { "line": 44, "column": 53 }, "end": { "line": 48, "column": 3 } },
        "locations": [{ "start": { "line": 44, "column": 53 }, "end": { "line": 48, "column": 3 } }]
      },
      "14": {
        "type": "branch",
        "line": 48,
        "loc": { "start": { "line": 48, "column": 2 }, "end": { "line": 50, "column": 28 } },
        "locations": [{ "start": { "line": 48, "column": 2 }, "end": { "line": 50, "column": 28 } }]
      },
      "15": {
        "type": "branch",
        "line": 50,
        "loc": { "start": { "line": 50, "column": 28 }, "end": { "line": 82, "column": 3 } },
        "locations": [{ "start": { "line": 50, "column": 28 }, "end": { "line": 82, "column": 3 } }]
      },
      "16": {
        "type": "branch",
        "line": 51,
        "loc": { "start": { "line": 51, "column": 39 }, "end": { "line": 51, "column": 44 } },
        "locations": [{ "start": { "line": 51, "column": 39 }, "end": { "line": 51, "column": 44 } }]
      },
      "17": {
        "type": "branch",
        "line": 54,
        "loc": { "start": { "line": 54, "column": 31 }, "end": { "line": 56, "column": 5 } },
        "locations": [{ "start": { "line": 54, "column": 31 }, "end": { "line": 56, "column": 5 } }]
      },
      "18": {
        "type": "branch",
        "line": 56,
        "loc": { "start": { "line": 56, "column": 4 }, "end": { "line": 59, "column": 31 } },
        "locations": [{ "start": { "line": 56, "column": 4 }, "end": { "line": 59, "column": 31 } }]
      },
      "19": {
        "type": "branch",
        "line": 59,
        "loc": { "start": { "line": 59, "column": 31 }, "end": { "line": 61, "column": 5 } },
        "locations": [{ "start": { "line": 59, "column": 31 }, "end": { "line": 61, "column": 5 } }]
      },
      "20": {
        "type": "branch",
        "line": 61,
        "loc": { "start": { "line": 61, "column": 4 }, "end": { "line": 64, "column": 21 } },
        "locations": [{ "start": { "line": 61, "column": 4 }, "end": { "line": 64, "column": 21 } }]
      },
      "21": {
        "type": "branch",
        "line": 64,
        "loc": { "start": { "line": 64, "column": 21 }, "end": { "line": 66, "column": 5 } },
        "locations": [{ "start": { "line": 64, "column": 21 }, "end": { "line": 66, "column": 5 } }]
      },
      "22": {
        "type": "branch",
        "line": 66,
        "loc": { "start": { "line": 66, "column": 4 }, "end": { "line": 69, "column": 49 } },
        "locations": [{ "start": { "line": 66, "column": 4 }, "end": { "line": 69, "column": 49 } }]
      },
      "23": {
        "type": "branch",
        "line": 69,
        "loc": { "start": { "line": 69, "column": 49 }, "end": { "line": 69, "column": 54 } },
        "locations": [{ "start": { "line": 69, "column": 49 }, "end": { "line": 69, "column": 54 } }]
      },
      "24": {
        "type": "branch",
        "line": 71,
        "loc": { "start": { "line": 71, "column": 24 }, "end": { "line": 73, "column": 5 } },
        "locations": [{ "start": { "line": 71, "column": 24 }, "end": { "line": 73, "column": 5 } }]
      },
      "25": {
        "type": "branch",
        "line": 73,
        "loc": { "start": { "line": 73, "column": 4 }, "end": { "line": 79, "column": 6 } },
        "locations": [{ "start": { "line": 73, "column": 4 }, "end": { "line": 79, "column": 6 } }]
      },
      "26": {
        "type": "branch",
        "line": 79,
        "loc": { "start": { "line": 79, "column": 6 }, "end": { "line": 81, "column": 5 } },
        "locations": [{ "start": { "line": 79, "column": 6 }, "end": { "line": 81, "column": 5 } }]
      },
      "27": {
        "type": "branch",
        "line": 82,
        "loc": { "start": { "line": 82, "column": 2 }, "end": { "line": 85, "column": 1 } },
        "locations": [{ "start": { "line": 82, "column": 2 }, "end": { "line": 85, "column": 1 } }]
      },
      "28": {
        "type": "branch",
        "line": 77,
        "loc": { "start": { "line": 77, "column": 29 }, "end": { "line": 77, "column": 79 } },
        "locations": [{ "start": { "line": 77, "column": 29 }, "end": { "line": 77, "column": 79 } }]
      },
      "29": {
        "type": "branch",
        "line": 77,
        "loc": { "start": { "line": 77, "column": 59 }, "end": { "line": 77, "column": 74 } },
        "locations": [{ "start": { "line": 77, "column": 59 }, "end": { "line": 77, "column": 74 } }]
      },
      "30": {
        "type": "branch",
        "line": 77,
        "loc": { "start": { "line": 77, "column": 75 }, "end": { "line": 77, "column": 78 } },
        "locations": [{ "start": { "line": 77, "column": 75 }, "end": { "line": 77, "column": 78 } }]
      }
    },
    "b": {
      "0": [21],
[...]
      "244": { "start": { "line": 245, "column": 0 }, "end": { "line": 245, "column": 50 } },
      "245": { "start": { "line": 246, "column": 0 }, "end": { "line": 246, "column": 5 } },
      "247": { "start": { "line": 248, "column": 0 }, "end": { "line": 248, "column": 60 } },
      "248": { "start": { "line": 249, "column": 0 }, "end": { "line": 249, "column": 11 } },
      "249": { "start": { "line": 250, "column": 0 }, "end": { "line": 250, "column": 85 } },
      "251": { "start": { "line": 252, "column": 0 }, "end": { "line": 252, "column": 26 } },
      "252": { "start": { "line": 253, "column": 0 }, "end": { "line": 253, "column": 45 } },
      "253": { "start": { "line": 254, "column": 0 }, "end": { "line": 254, "column": 62 } },
      "254": { "start": { "line": 255, "column": 0 }, "end": { "line": 255, "column": 49 } },
      "255": { "start": { "line": 256, "column": 0 }, "end": { "line": 256, "column": 21 } },
      "256": { "start": { "line": 257, "column": 0 }, "end": { "line": 257, "column": 56 } },
      "257": { "start": { "line": 258, "column": 0 }, "end": { "line": 258, "column": 52 } },
      "258": { "start": { "line": 259, "column": 0 }, "end": { "line": 259, "column": 15 } },
      "259": { "start": { "line": 260, "column": 0 }, "end": { "line": 260, "column": 13 } },
      "260": { "start": { "line": 261, "column": 0 }, "end": { "line": 261, "column": 11 } },
      "261": { "start": { "line": 262, "column": 0 }, "end": { "line": 262, "column": 9 } },
      "262": { "start": { "line": 263, "column": 0 }, "end": { "line": 263, "column": 21 } },
      "263": { "start": { "line": 264, "column": 0 }, "end": { "line": 264, "column": 64 } },
      "264": { "start": { "line": 265, "column": 0 }, "end": { "line": 265, "column": 7 } },
      "265": { "start": { "line": 266, "column": 0 }, "end": { "line": 266, "column": 13 } },
      "266": { "start": { "line": 267, "column": 0 }, "end": { "line": 267, "column": 21 } },
      "268": { "start": { "line": 269, "column": 0 }, "end": { "line": 269, "column": 32 } },
      "269": { "start": { "line": 270, "column": 0 }, "end": { "line": 270, "column": 52 } },
      "270": { "start": { "line": 271, "column": 0 }, "end": { "line": 271, "column": 26 } },
      "271": { "start": { "line": 272, "column": 0 }, "end": { "line": 272, "column": 61 } },
      "272": { "start": { "line": 273, "column": 0 }, "end": { "line": 273, "column": 5 } },
      "274": { "start": { "line": 275, "column": 0 }, "end": { "line": 275, "column": 9 } },
      "275": { "start": { "line": 276, "column": 0 }, "end": { "line": 276, "column": 21 } },
      "276": { "start": { "line": 277, "column": 0 }, "end": { "line": 277, "column": 39 } },
      "278": { "start": { "line": 279, "column": 0 }, "end": { "line": 279, "column": 32 } },
      "279": { "start": { "line": 280, "column": 0 }, "end": { "line": 280, "column": 67 } },
      "280": { "start": { "line": 281, "column": 0 }, "end": { "line": 281, "column": 20 } },
      "281": { "start": { "line": 282, "column": 0 }, "end": { "line": 282, "column": 20 } },
      "282": { "start": { "line": 283, "column": 0 }, "end": { "line": 283, "column": 9 } },
      "284": { "start": { "line": 285, "column": 0 }, "end": { "line": 285, "column": 29 } },
      "286": { "start": { "line": 287, "column": 0 }, "end": { "line": 287, "column": 31 } },
      "287": { "start": { "line": 288, "column": 0 }, "end": { "line": 288, "column": 40 } },
      "288": { "start": { "line": 289, "column": 0 }, "end": { "line": 289, "column": 37 } },
      "290": { "start": { "line": 291, "column": 0 }, "end": { "line": 291, "column": 38 } },
      "291": { "start": { "line": 292, "column": 0 }, "end": { "line": 292, "column": 45 } },
      "292": { "start": { "line": 293, "column": 0 }, "end": { "line": 293, "column": 35 } },
      "293": { "start": { "line": 294, "column": 0 }, "end": { "line": 294, "column": 9 } },
      "295": { "start": { "line": 296, "column": 0 }, "end": { "line": 296, "column": 30 } },
      "296": { "start": { "line": 297, "column": 0 }, "end": { "line": 297, "column": 42 } },
      "297": { "start": { "line": 298, "column": 0 }, "end": { "line": 298, "column": 34 } },
      "298": { "start": { "line": 299, "column": 0 }, "end": { "line": 299, "column": 34 } },
      "299": { "start": { "line": 300, "column": 0 }, "end": { "line": 300, "column": 9 } },
      "301": { "start": { "line": 302, "column": 0 }, "end": { "line": 302, "column": 42 } },
      "302": { "start": { "line": 303, "column": 0 }, "end": { "line": 303, "column": 29 } },
      "304": { "start": { "line": 305, "column": 0 }, "end": { "line": 305, "column": 34 } },
      "305": { "start": { "line": 306, "column": 0 }, "end": { "line": 306, "column": 27 } },
      "307": { "start": { "line": 308, "column": 0 }, "end": { "line": 308, "column": 20 } },
      "308": { "start": { "line": 309, "column": 0 }, "end": { "line": 309, "column": 19 } },
      "309": { "start": { "line": 310, "column": 0 }, "end": { "line": 310, "column": 57 } },
      "310": { "start": { "line": 311, "column": 0 }, "end": { "line": 311, "column": 65 } },
      "311": { "start": { "line": 312, "column": 0 }, "end": { "line": 312, "column": 41 } },
      "312": { "start": { "line": 313, "column": 0 }, "end": { "line": 313, "column": 16 } },
      "313": { "start": { "line": 314, "column": 0 }, "end": { "line": 314, "column": 5 } },
      "314": { "start": { "line": 315, "column": 0 }, "end": { "line": 315, "column": 66 } },
      "316": { "start": { "line": 317, "column": 0 }, "end": { "line": 317, "column": 29 } },
      "317": { "start": { "line": 318, "column": 0 }, "end": { "line": 318, "column": 49 } },
      "318": { "start": { "line": 319, "column": 0 }, "end": { "line": 319, "column": 28 } },
      "319": { "start": { "line": 320, "column": 0 }, "end": { "line": 320, "column": 58 } },
      "320": { "start": { "line": 321, "column": 0 }, "end": { "line": 321, "column": 5 } },
      "322": { "start": { "line": 323, "column": 0 }, "end": { "line": 323, "column": 9 } },
      "323": { "start": { "line": 324, "column": 0 }, "end": { "line": 324, "column": 21 } },
      "324": { "start": { "line": 325, "column": 0 }, "end": { "line": 325, "column": 39 } },
      "326": { "start": { "line": 327, "column": 0 }, "end": { "line": 327, "column": 31 } },
      "327": { "start": { "line": 328, "column": 0 }, "end": { "line": 328, "column": 40 } },
      "328": { "start": { "line": 329, "column": 0 }, "end": { "line": 329, "column": 37 } },
      "330": { "start": { "line": 331, "column": 0 }, "end": { "line": 331, "column": 33 } },
      "331": { "start": { "line": 332, "column": 0 }, "end": { "line": 332, "column": 26 } },
      "333": { "start": { "line": 334, "column": 0 }, "end": { "line": 334, "column": 41 } },
      "334": { "start": { "line": 335, "column": 0 }, "end": { "line": 335, "column": 30 } },
      "335": { "start": { "line": 336, "column": 0 }, "end": { "line": 336, "column": 19 } },
      "336": { "start": { "line": 337, "column": 0 }, "end": { "line": 337, "column": 54 } },
      "337": { "start": { "line": 338, "column": 0 }, "end": { "line": 338, "column": 60 } },
      "338": { "start": { "line": 339, "column": 0 }, "end": { "line": 339, "column": 41 } },
      "339": { "start": { "line": 340, "column": 0 }, "end": { "line": 340, "column": 16 } },
      "340": { "start": { "line": 341, "column": 0 }, "end": { "line": 341, "column": 5 } },
      "341": { "start": { "line": 342, "column": 0 }, "end": { "line": 342, "column": 77 } },
      "343": { "start": { "line": 344, "column": 0 }, "end": { "line": 344, "column": 24 } },
      "344": { "start": { "line": 345, "column": 0 }, "end": { "line": 345, "column": 51 } },
      "345": { "start": { "line": 346, "column": 0 }, "end": { "line": 346, "column": 9 } },
      "346": { "start": { "line": 347, "column": 0 }, "end": { "line": 347, "column": 26 } },
      "347": { "start": { "line": 348, "column": 0 }, "end": { "line": 348, "column": 24 } },
      "348": { "start": { "line": 349, "column": 0 }, "end": { "line": 349, "column": 65 } },
      "349": { "start": { "line": 350, "column": 0 }, "end": { "line": 350, "column": 29 } },
      "350": { "start": { "line": 351, "column": 0 }, "end": { "line": 351, "column": 7 } },
      "352": { "start": { "line": 353, "column": 0 }, "end": { "line": 353, "column": 30 } },
      "353": { "start": { "line": 354, "column": 0 }, "end": { "line": 354, "column": 38 } },
      "354": { "start": { "line": 355, "column": 0 }, "end": { "line": 355, "column": 42 } },
      "355": { "start": { "line": 356, "column": 0 }, "end": { "line": 356, "column": 41 } },
      "356": { "start": { "line": 357, "column": 0 }, "end": { "line": 357, "column": 7 } },
      "358": { "start": { "line": 359, "column": 0 }, "end": { "line": 359, "column": 24 } },
      "359": { "start": { "line": 360, "column": 0 }, "end": { "line": 360, "column": 38 } },
      "360": { "start": { "line": 361, "column": 0 }, "end": { "line": 361, "column": 49 } },
      "361": { "start": { "line": 362, "column": 0 }, "end": { "line": 362, "column": 41 } },
      "362": { "start": { "line": 363, "column": 0 }, "end": { "line": 363, "column": 7 } },
      "364": { "start": { "line": 365, "column": 0 }, "end": { "line": 365, "column": 41 } },
      "365": { "start": { "line": 366, "column": 0 }, "end": { "line": 366, "column": 52 } },
      "366": { "start": { "line": 367, "column": 0 }, "end": { "line": 367, "column": 44 } },
      "367": { "start": { "line": 368, "column": 0 }, "end": { "line": 368, "column": 7 } },
      "369": { "start": { "line": 370, "column": 0 }, "end": { "line": 370, "column": 41 } },
      "370": { "start": { "line": 371, "column": 0 }, "end": { "line": 371, "column": 28 } },
      "371": { "start": { "line": 372, "column": 0 }, "end": { "line": 372, "column": 19 } },
      "372": { "start": { "line": 373, "column": 0 }, "end": { "line": 373, "column": 57 } },
      "373": { "start": { "line": 374, "column": 0 }, "end": { "line": 374, "column": 64 } },
      "374": { "start": { "line": 375, "column": 0 }, "end": { "line": 375, "column": 5 } },
      "375": { "start": { "line": 376, "column": 0 }, "end": { "line": 376, "column": 20 } },
      "377": { "start": { "line": 378, "column": 0 }, "end": { "line": 378, "column": 15 } },
      "378": { "start": { "line": 379, "column": 0 }, "end": { "line": 379, "column": 46 } },
      "379": { "start": { "line": 380, "column": 0 }, "end": { "line": 380, "column": 28 } },
      "380": { "start": { "line": 381, "column": 0 }, "end": { "line": 381, "column": 24 } },
      "382": { "start": { "line": 383, "column": 0 }, "end": { "line": 383, "column": 38 } },
      "384": { "start": { "line": 385, "column": 0 }, "end": { "line": 385, "column": 23 } },
      "385": { "start": { "line": 386, "column": 0 }, "end": { "line": 386, "column": 19 } },
      "386": { "start": { "line": 387, "column": 0 }, "end": { "line": 387, "column": 18 } },
      "387": { "start": { "line": 388, "column": 0 }, "end": { "line": 388, "column": 38 } },
      "388": { "start": { "line": 389, "column": 0 }, "end": { "line": 389, "column": 49 } },
      "389": { "start": { "line": 390, "column": 0 }, "end": { "line": 390, "column": 7 } },
      "390": { "start": { "line": 391, "column": 0 }, "end": { "line": 391, "column": 41 } },
      "391": { "start": { "line": 392, "column": 0 }, "end": { "line": 392, "column": 52 } },
      "392": { "start": { "line": 393, "column": 0 }, "end": { "line": 393, "column": 7 } },
      "393": { "start": { "line": 394, "column": 0 }, "end": { "line": 394, "column": 38 } },
      "394": { "start": { "line": 395, "column": 0 }, "end": { "line": 395, "column": 42 } },
      "395": { "start": { "line": 396, "column": 0 }, "end": { "line": 396, "column": 7 } },
      "396": { "start": { "line": 397, "column": 0 }, "end": { "line": 397, "column": 24 } },
      "397": { "start": { "line": 398, "column": 0 }, "end": { "line": 398, "column": 65 } },
      "398": { "start": { "line": 399, "column": 0 }, "end": { "line": 399, "column": 7 } },
      "399": { "start": { "line": 400, "column": 0 }, "end": { "line": 400, "column": 6 } },
      "400": { "start": { "line": 401, "column": 0 }, "end": { "line": 401, "column": 20 } },
      "402": { "start": { "line": 403, "column": 0 }, "end": { "line": 403, "column": 10 } },
      "403": { "start": { "line": 404, "column": 0 }, "end": { "line": 404, "column": 12 } },
      "404": { "start": { "line": 405, "column": 0 }, "end": { "line": 405, "column": 20 } },
      "405": { "start": { "line": 406, "column": 0 }, "end": { "line": 406, "column": 17 } },
      "406": { "start": { "line": 407, "column": 0 }, "end": { "line": 407, "column": 16 } },
      "407": { "start": { "line": 408, "column": 0 }, "end": { "line": 408, "column": 10 } },
      "408": { "start": { "line": 409, "column": 0 }, "end": { "line": 409, "column": 38 } },
      "410": { "start": { "line": 411, "column": 0 }, "end": { "line": 411, "column": 14 } },
      "411": { "start": { "line": 412, "column": 0 }, "end": { "line": 412, "column": 21 } },
      "412": { "start": { "line": 413, "column": 0 }, "end": { "line": 413, "column": 20 } },
      "413": { "start": { "line": 414, "column": 0 }, "end": { "line": 414, "column": 18 } },
      "414": { "start": { "line": 415, "column": 0 }, "end": { "line": 415, "column": 15 } },
      "415": { "start": { "line": 416, "column": 0 }, "end": { "line": 416, "column": 4 } },
      "416": { "start": { "line": 417, "column": 0 }, "end": { "line": 417, "column": 1 } }
    },
    "s": {
      "0": 0,
      "2": 0,
      "3": 0,
      "4": 0,
      "5": 0,
      "6": 0,
      "7": 0,
      "8": 0,
      "9": 0,
      "11": 0,
      "12": 0,
      "13": 0,
      "14": 0,
      "15": 0,
      "17": 0,
      "18": 0,
      "19": 0,
      "21": 0,
      "22": 0,
      "23": 0,
      "25": 0,
      "26": 0,
      "27": 0,
      "28": 0,
      "29": 0,
      "30": 0,
      "31": 0,
      "32": 0,
      "34": 0,
      "35": 0,
      "37": 0,
      "38": 0,
      "39": 0,
      "40": 0,
      "42": 0,
      "43": 0,
      "44": 0,
      "45": 0,
      "46": 0,
      "47": 0,
      "48": 0,
      "49": 0,
      "50": 0,
      "51": 0,
      "52": 0,
      "53": 0,
      "54": 0,
      "55": 0,
      "56": 0,
      "57": 0,
      "58": 0,
      "60": 0,
      "61": 0,
      "62": 0,
      "63": 0,
      "64": 0,
      "65": 0,
      "66": 0,
      "67": 0,
      "68": 0,
      "69": 0,
      "71": 0,
      "72": 0,
      "73": 0,
      "74": 0,
      "75": 0,
      "77": 0,
      "78": 0,
      "79": 0,
      "80": 0,
      "81": 0,
      "82": 0,
      "84": 0,
      "85": 0,
      "86": 0,
      "87": 0,
      "88": 0,
      "90": 0,
      "91": 0,
      "92": 0,
      "93": 0,
      "95": 0,
      "96": 0,
      "97": 0,
      "98": 0,
      "99": 0,
      "101": 0,
      "102": 0,
      "103": 0,
      "104": 0,
      "106": 0,
      "107": 0,
      "108": 0,
      "110": 0,
      "111": 0,
      "112": 0,
      "113": 0,
      "115": 0,
      "116": 0,
      "118": 0,
      "119": 0,
      "120": 0,
      "121": 0,
      "123": 0,
      "124": 0,
      "125": 0,
      "126": 0,
      "127": 0,
      "128": 0,
      "129": 0,
      "130": 0,
      "131": 0,
      "132": 0,
      "133": 0,
      "134": 0,
      "136": 0,
      "137": 0,
      "138": 0,
      "139": 0,
      "140": 0,
      "141": 0,
      "142": 0,
      "143": 0,
      "144": 0,
      "145": 0,
      "147": 0,
      "148": 0,
      "149": 0,
      "150": 0,
      "152": 0,
      "153": 0,
      "154": 0,
      "155": 0,
      "156": 0,
      "157": 0,
      "158": 0,
      "159": 0,
      "160": 0,
      "161": 0,
      "162": 0,
      "163": 0,
      "165": 0,
      "166": 0,
      "167": 0,
      "168": 0,
      "169": 0,
      "170": 0,
      "171": 0,
      "172": 0,
      "173": 0,
      "174": 0,
      "176": 0,
      "177": 0,
      "178": 0,
      "179": 0,
      "180": 0,
      "182": 0,
      "183": 0,
      "184": 0,
      "186": 0,
      "187": 0,
      "188": 0,
      "189": 0,
      "190": 0,
      "191": 0,
      "193": 0,
      "194": 0,
      "195": 0,
      "196": 0,
      "198": 0,
      "199": 0,
      "200": 0,
      "201": 0,
      "202": 0,
      "203": 0,
      "204": 0,
      "205": 0,
      "206": 0,
      "207": 0,
      "208": 0,
      "209": 0,
      "211": 0,
      "212": 0,
      "213": 0,
      "214": 0,
      "215": 0,
      "217": 0,
      "218": 0,
      "219": 0,
      "221": 0,
      "222": 0,
      "223": 0,
      "224": 0,
      "225": 0,
      "226": 0,
      "228": 0,
      "229": 0,
      "230": 0,
      "231": 0,
      "232": 0,
      "233": 0,
      "234": 0,
      "235": 0,
      "236": 0,
      "237": 0,
      "238": 0,
      "239": 0,
      "241": 0,
      "242": 0,
      "243": 0,
      "244": 0,
      "245": 0,
      "247": 0,
      "248": 0,
      "249": 0,
      "251": 0,
      "252": 0,
      "253": 0,
      "254": 0,
      "255": 0,
      "256": 0,
      "257": 0,
      "258": 0,
      "259": 0,
      "260": 0,
      "261": 0,
      "262": 0,
      "263": 0,
      "264": 0,
      "265": 0,
      "266": 0,
      "268": 0,
      "269": 0,
      "270": 0,
      "271": 0,
      "272": 0,
      "274": 0,
      "275": 0,
      "276": 0,
      "278": 0,
      "279": 0,
      "280": 0,
      "281": 0,
      "282": 0,
      "284": 0,
      "286": 0,
      "287": 0,
      "288": 0,
      "290": 0,
      "291": 0,
      "292": 0,
      "293": 0,
      "295": 0,
      "296": 0,
      "297": 0,
      "298": 0,
      "299": 0,
      "301": 0,
      "302": 0,
      "304": 0,
      "305": 0,
      "307": 0,
      "308": 0,
      "309": 0,
      "310": 0,
      "311": 0,
      "312": 0,
      "313": 0,
      "314": 0,
      "316": 0,
      "317": 0,
      "318": 0,
      "319": 0,
      "320": 0,
      "322": 0,
      "323": 0,
      "324": 0,
      "326": 0,
      "327": 0,
      "328": 0,
      "330": 0,
      "331": 0,
      "333": 0,
      "334": 0,
      "335": 0,
      "336": 0,
      "337": 0,
      "338": 0,
      "339": 0,
      "340": 0,
      "341": 0,
      "343": 0,
      "344": 0,
      "345": 0,
      "346": 0,
      "347": 0,
      "348": 0,
      "349": 0,
      "350": 0,
      "352": 0,
      "353": 0,
      "354": 0,
      "355": 0,
      "356": 0,
      "358": 0,
      "359": 0,
      "360": 0,
      "361": 0,
      "362": 0,
      "364": 0,
      "365": 0,
      "366": 0,
      "367": 0,
      "369": 0,
      "370": 0,
      "371": 0,
      "372": 0,
      "373": 0,
      "374": 0,
      "375": 0,
      "377": 0,
      "378": 0,
      "379": 0,
      "380": 0,
      "382": 0,
      "384": 0,
      "385": 0,
      "386": 0,
      "387": 0,
      "388": 0,
      "389": 0,
      "390": 0,
      "391": 0,
      "392": 0,
      "393": 0,
      "394": 0,
      "395": 0,
      "396": 0,
      "397": 0,
      "398": 0,
      "399": 0,
      "400": 0,
      "402": 0,
      "403": 0,
      "404": 0,
      "405": 0,
      "406": 0,
      "407": 0,
      "408": 0,
      "410": 0,
      "411": 0,
      "412": 0,
      "413": 0,
      "414": 0,
      "415": 0,
      "416": 0
    },
    "branchMap": {
      "0": {
        "type": "branch",
        "line": 1,
        "loc": { "start": { "line": 1, "column": 11586 }, "end": { "line": 417, "column": 1 } },
        "locations": [{ "start": { "line": 1, "column": 11586 }, "end": { "line": 417, "column": 1 } }]
      }
    },
    "b": { "0": [0] },
    "fnMap": {
      "0": {
        "name": "(empty-report)",
        "decl": { "start": { "line": 1, "column": 11586 }, "end": { "line": 417, "column": 1 } },
        "loc": { "start": { "line": 1, "column": 11586 }, "end": { "line": 417, "column": 1 } },
        "line": 1
      }
    },
    "f": { "0": 0 }
  }
}
